#
# A fatal error has been detected by the Java Runtime Environment:
#
#  EXCEPTION_ACCESS_VIOLATION (0xc0000005) at pc=0x00007ffc5535f1c1, pid=4352, tid=6804
#
# JRE version: OpenJDK Runtime Environment Corretto-17.0.10.7.1 (17.0.10+7) (build 17.0.10+7-LTS)
# Java VM: OpenJDK 64-Bit Server VM Corretto-17.0.10.7.1 (17.0.10+7-LTS, mixed mode, sharing, tiered, compressed oops, compressed class ptrs, g1 gc, windows-amd64)
# Problematic frame:
# V  [jvm.dll+0x62f1c1]
#
# No core dump will be written. Minidumps are not enabled by default on client versions of Windows
#
# If you would like to submit a bug report, please visit:
#   https://github.com/corretto/corretto-17/issues/
#

---------------  S U M M A R Y ------------

Command Line: -javaagent:C:\Program Files\JetBrains\IntelliJ IDEA 2023.3.4\lib\idea_rt.jar=52256:C:\Program Files\JetBrains\IntelliJ IDEA 2023.3.4\bin -Dfile.encoding=UTF-8 com.example.demo.DemoApplication

Host: Intel(R) Core(TM) i5-3210M CPU @ 2.50GHz, 4 cores, 7G,  Windows 10 , 64 bit Build 17763 (10.0.17763.4974)
Time: Sat Mar 16 14:16:28 2024 SE Asia Standard Time elapsed time: 0.242800 seconds (0d 0h 0m 0s)

---------------  T H R E A D  ---------------

Current thread (0x0000022e3a6d8e70):  JavaThread "main" [_thread_in_vm, id=6804, stack(0x0000009f7b300000,0x0000009f7b400000)]

Stack: [0x0000009f7b300000,0x0000009f7b400000],  sp=0x0000009f7b3fd8e0,  free space=1014k
Native frames: (J=compiled Java code, j=interpreted, Vv=VM code, C=native code)
V  [jvm.dll+0x62f1c1]
V  [jvm.dll+0x3736d4]
V  [jvm.dll+0x3726c4]
V  [jvm.dll+0x372668]
V  [jvm.dll+0x564ab5]
V  [jvm.dll+0x5639c4]
V  [jvm.dll+0x386672]
V  [jvm.dll+0x385cdf]
C  0x0000022e4972a463

The last pc belongs to invokestatic (printed below).
Java frames: (J=compiled Java code, j=interpreted, Vv=VM code)
j  sun.nio.fs.WindowsFileAttributes.get(Lsun/nio/fs/WindowsPath;Z)Lsun/nio/fs/WindowsFileAttributes;+26 java.base@17.0.10
j  sun.nio.fs.WindowsFileAttributeViews$Basic.readAttributes()Lsun/nio/fs/WindowsFileAttributes;+15 java.base@17.0.10
j  sun.nio.fs.WindowsFileAttributeViews$Basic.readAttributes()Ljava/nio/file/attribute/BasicFileAttributes;+1 java.base@17.0.10
j  sun.nio.fs.WindowsFileSystemProvider.readAttributes(Ljava/nio/file/Path;Ljava/lang/Class;[Ljava/nio/file/LinkOption;)Ljava/nio/file/attribute/BasicFileAttributes;+57 java.base@17.0.10
j  java.nio.file.Files.readAttributes(Ljava/nio/file/Path;Ljava/lang/Class;[Ljava/nio/file/LinkOption;)Ljava/nio/file/attribute/BasicFileAttributes;+7 java.base@17.0.10
j  java.util.zip.ZipFile$Source.get(Ljava/io/File;ZLjava/util/zip/ZipCoder;)Ljava/util/zip/ZipFile$Source;+15 java.base@17.0.10
j  java.util.zip.ZipFile$CleanableResource.<init>(Ljava/util/zip/ZipFile;Ljava/util/zip/ZipCoder;Ljava/io/File;I)V+56 java.base@17.0.10
j  java.util.zip.ZipFile.<init>(Ljava/io/File;ILjava/nio/charset/Charset;)V+123 java.base@17.0.10
j  java.util.zip.ZipFile.<init>(Ljava/io/File;I)V+6 java.base@17.0.10
j  java.util.jar.JarFile.<init>(Ljava/io/File;ZILjava/lang/Runtime$Version;)V+3 java.base@17.0.10
j  jdk.internal.loader.URLClassPath$JarLoader.getJarFile(Ljava/net/URL;)Ljava/util/jar/JarFile;+56 java.base@17.0.10
j  jdk.internal.loader.URLClassPath$JarLoader$1.run()Ljava/lang/Void;+55 java.base@17.0.10
j  jdk.internal.loader.URLClassPath$JarLoader$1.run()Ljava/lang/Object;+1 java.base@17.0.10
j  java.security.AccessController.executePrivileged(Ljava/security/PrivilegedExceptionAction;Ljava/security/AccessControlContext;Ljava/lang/Class;)Ljava/lang/Object;+29 java.base@17.0.10
j  java.security.AccessController.doPrivileged(Ljava/security/PrivilegedExceptionAction;Ljava/security/AccessControlContext;)Ljava/lang/Object;+13 java.base@17.0.10
j  jdk.internal.loader.URLClassPath$JarLoader.ensureOpen()V+19 java.base@17.0.10
j  jdk.internal.loader.URLClassPath$JarLoader.<init>(Ljava/net/URL;Ljava/net/URLStreamHandler;Ljava/util/HashMap;Ljava/security/AccessControlContext;)V+63 java.base@17.0.10
j  jdk.internal.loader.URLClassPath$3.run()Ljdk/internal/loader/URLClassPath$Loader;+168 java.base@17.0.10
j  jdk.internal.loader.URLClassPath$3.run()Ljava/lang/Object;+1 java.base@17.0.10
j  java.security.AccessController.executePrivileged(Ljava/security/PrivilegedExceptionAction;Ljava/security/AccessControlContext;Ljava/lang/Class;)Ljava/lang/Object;+29 java.base@17.0.10
j  java.security.AccessController.doPrivileged(Ljava/security/PrivilegedExceptionAction;Ljava/security/AccessControlContext;)Ljava/lang/Object;+13 java.base@17.0.10
j  jdk.internal.loader.URLClassPath.getLoader(Ljava/net/URL;)Ljdk/internal/loader/URLClassPath$Loader;+13 java.base@17.0.10
j  jdk.internal.loader.URLClassPath.getLoader(I)Ljdk/internal/loader/URLClassPath$Loader;+81 java.base@17.0.10
j  jdk.internal.loader.URLClassPath.getResource(Ljava/lang/String;Z)Ljdk/internal/loader/Resource;+42 java.base@17.0.10
j  jdk.internal.loader.BuiltinClassLoader.findClassOnClassPathOrNull(Ljava/lang/String;)Ljava/lang/Class;+26 java.base@17.0.10
j  jdk.internal.loader.BuiltinClassLoader.loadClassOrNull(Ljava/lang/String;Z)Ljava/lang/Class;+111 java.base@17.0.10
j  jdk.internal.loader.BuiltinClassLoader.loadClass(Ljava/lang/String;Z)Ljava/lang/Class;+3 java.base@17.0.10
j  jdk.internal.loader.ClassLoaders$AppClassLoader.loadClass(Ljava/lang/String;Z)Ljava/lang/Class;+36 java.base@17.0.10
j  java.lang.ClassLoader.loadClass(Ljava/lang/String;)Ljava/lang/Class;+3 java.base@17.0.10
j  sun.instrument.InstrumentationImpl.loadClassAndStartAgent(Ljava/lang/String;Ljava/lang/String;Ljava/lang/String;)V+8 java.instrument@17.0.10
j  sun.instrument.InstrumentationImpl.loadClassAndCallPremain(Ljava/lang/String;Ljava/lang/String;)V+6 java.instrument@17.0.10
v  ~StubRoutines::call_stub

siginfo: EXCEPTION_ACCESS_VIOLATION (0xc0000005), reading address 0x0000000008000000


Registers:
RAX=0x00007ffc55417ea0, RBX=0x0000022e5929fa38, RCX=0x0000000008000000, RDX=0x0000000000000154
RSP=0x0000009f7b3fd8e0, RBP=0x0000022e3a6d8e70, RSI=0x0000000000000000, RDI=0x0000009f7b3fd960
R8 =0x0000022e3a6d8e70, R9 =0x0000000000000002, R10=0x0000022e3a6d7700, R11=0x0000022e5929faa0
R12=0x0000000000000000, R13=0x0000022e599c200a, R14=0x0000022e5929de38, R15=0x000000008968d898
RIP=0x00007ffc5535f1c1, EFLAGS=0x0000000000010206


Register to memory mapping:

RIP=0x00007ffc5535f1c1 jvm.dll
RAX=0x00007ffc55417ea0 jvm.dll
RBX={method} {0x0000022e5929fa40} 'LookupPrivilegeValue0' '(J)J' in 'sun/nio/fs/WindowsNativeDispatcher'
RCX=0x0000000008000000 is an unknown value
RDX=0x0000000000000154 is an unknown value
RSP=0x0000009f7b3fd8e0 is pointing into the stack for thread: 0x0000022e3a6d8e70
RBP=0x0000022e3a6d8e70 is a thread
RSI=0x0 is NULL
RDI=0x0000009f7b3fd960 is pointing into the stack for thread: 0x0000022e3a6d8e70
R8 =0x0000022e3a6d8e70 is a thread
R9 =0x0000000000000002 is an unknown value
R10=0x0000022e3a6d7700 points into unknown readable memory: 0x0000001e00000003 | 03 00 00 00 1e 00 00 00
R11={method} {0x0000022e5929faa8} 'CreateSymbolicLink0' '(JJI)V' in 'sun/nio/fs/WindowsNativeDispatcher'
R12=0x0 is NULL
R13=0x0000022e599c200a is pointing into metadata
R14=0x0000022e5929de38 is a pointer to class: 
sun.nio.fs.WindowsNativeDispatcher {0x0000022e5929de40}
 - instance size:     2
 - klass size:        64
 - access:            synchronized 
 - state:             loaded
 - name:              'sun/nio/fs/WindowsNativeDispatcher'
 - super:             'java/lang/Object'
 - sub:               
 - arrays:            NULL
 - methods:           Array<T>(0x0000022e598fd8c0)
 - method ordering:   Array<T>(0x0000022e59900190)
 - default_methods:   Array<T>(0x0000000000000000)
 - local interfaces:  Array<T>(0x0000022e595cc3c0)
 - trans. interfaces: Array<T>(0x0000022e595cc3c0)
 - constants:         constant pool [405] {0x0000022e598fcb80} for 'sun/nio/fs/WindowsNativeDispatcher' cache=0x0000022e5929e1d8
 - class loader data:  loader data: 0x0000022e5809f1b0 of 'bootstrap'
 - source file:       'WindowsNativeDispatcher.java'
 - class annotations:       Array<T>(0x0000000000000000)
 - class type annotations:  Array<T>(0x0000000000000000)
 - field annotations:       Array<T>(0x0000000000000000)
 - field type annotations:  Array<T>(0x0000000000000000)
 - inner classes:     Array<T>(0x0000022e598fd878)
 - nest members:     Array<T>(0x0000022e59900328)
 - permitted subclasses:     Array<T>(0x0000022e595cc350)
 - java mirror:       a 'java/lang/Class'{0x000000008968d820} = 'sun/nio/fs/WindowsNativeDispatcher'
 - vtable length      5  (start addr: 0x0000022e5929e000)
 - itable length      2 (start addr: 0x0000022e5929e028)
 - ---- static fields (1 words):
 - private static final 'unsafe' 'Ljdk/internal/misc/Unsafe;' @112 
 - ---- non-static fields (0 words):
 - non-static oop maps: 
R15=0x000000008968d898 is an oop: [I 
{0x000000008968d898} - klass: {type array int}
 - length: 0


Top of Stack: (sp=0x0000009f7b3fd8e0)
0x0000009f7b3fd8e0:   0000022e5929fa38 0000022e5929faa0
0x0000009f7b3fd8f0:   0000022e3a6d8e70 0000022e3a6d8e70
0x0000009f7b3fd900:   0000022e599c200a 0000000000000000
0x0000009f7b3fd910:   0000022e3850c260 00007ffc550a36d4
0x0000009f7b3fd920:   0000022e3a6d8e70 000000000000002b
0x0000009f7b3fd930:   0000009f7b3fd9f9 0000000000000000
0x0000009f7b3fd940:   0000000000000000 0000022e5929de38
0x0000009f7b3fd950:   0000022e5929ed50 0000022e599c200a
0x0000009f7b3fd960:   0000022e5929fa38 0000022e3a6d8e70
0x0000009f7b3fd970:   0000022e3a6d8e70 0000009f7b3fda90
0x0000009f7b3fd980:   0000000000000000 00000000002392cb
0x0000009f7b3fd990:   0000000000000001 0000022e3850d730
0x0000009f7b3fd9a0:   0000022e3850d500 0000022e3850d780
0x0000009f7b3fd9b0:   0000022e3841d734 0000022e3841d748
0x0000009f7b3fd9c0:   ffffffff00000001 0000022e5929ed50
0x0000009f7b3fd9d0:   0000022e3a6d8e70 0000022e58203ba8
0x0000009f7b3fd9e0:   0000000000000001 0000022e3a6d8e70
0x0000009f7b3fd9f0:   0000022e3850c260 0000022e58203b60
0x0000009f7b3fda00:   0000022e58203ba8 0000022e5820bb48
0x0000009f7b3fda10:   00000000000080b0 0000009f7b3fdac0
0x0000009f7b3fda20:   0000009f7b3fdcf8 0000022e5929de38
0x0000009f7b3fda30:   0000022e599c200a 0000000000000000
0x0000009f7b3fda40:   0000022e3a6d8e70 0000022e3a6d8e70
0x0000009f7b3fda50:   0000009f7b3fdb60 00007ffc550a26c4
0x0000009f7b3fda60:   0000022e5929de38 00007ffc554df57c
0x0000009f7b3fda70:   0000022e5929fa38 0000022e5809f1b0
0x0000009f7b3fda80:   0000000000000000 0000022e3a6d3830
0x0000009f7b3fda90:   0000022e00000001 0000022e3a6d8e70
0x0000009f7b3fdaa0:   0000022e3a6d8e70 00007ffc550a3052
0x0000009f7b3fdab0:   0000022e38441220 0000000000000000
0x0000009f7b3fdac0:   0000022e3a6d8e70 0000022e3850c260
0x0000009f7b3fdad0:   0000022e58203b60 0000022e58203ba8 

Instructions: (pc=0x00007ffc5535f1c1)
0x00007ffc5535f0c1:   28 4c 8b 54 24 20 eb 11 8b c1 83 e1 07 c1 e8 03
0x00007ffc5535f0d1:   03 d0 89 54 24 30 44 03 c1 44 89 44 24 34 3b d3
0x00007ffc5535f0e1:   74 0d 7d 9b 3b d7 7c 97 8b fa 41 8b f0 eb 90 41
0x00007ffc5535f0f1:   8b c0 48 8b 5c 24 50 48 8b 74 24 58 48 83 c4 40
0x00007ffc5535f101:   5f c3 48 8b 5c 24 50 8b c6 48 8b 74 24 58 48 83
0x00007ffc5535f111:   c4 40 5f c3 cc cc cc cc cc cc cc cc cc cc cc 48
0x00007ffc5535f121:   89 5c 24 10 48 89 6c 24 18 57 48 83 ec 30 48 83
0x00007ffc5535f131:   79 20 00 49 8b e8 48 8b fa 48 8b d9 0f 85 c5 00
0x00007ffc5535f141:   00 00 48 8b ca e8 15 c4 9d ff 4c 63 c8 48 8d 0d
0x00007ffc5535f151:   0b 26 54 00 4a 8b 0c c9 48 39 4b 38 74 04 48 89
0x00007ffc5535f161:   4b 38 48 8b 43 50 48 3b c1 74 04 48 89 4b 50 8b
0x00007ffc5535f171:   43 28 c1 e8 08 a8 01 74 55 0f b7 4b 30 ba 54 01
0x00007ffc5535f181:   00 00 8b c1 48 89 74 24 40 2b c2 83 f8 06 77 05
0x00007ffc5535f191:   66 3b ca 75 13 48 8b 73 58 48 85 f6 74 0a e8 6c
0x00007ffc5535f1a1:   68 0b 00 48 3b f0 75 21 e8 62 68 0b 00 48 39 43
0x00007ffc5535f1b1:   58 74 16 48 89 43 58 48 8b 4b 48 48 85 c9 74 09
0x00007ffc5535f1c1:   48 8b 01 ff 90 f8 00 00 00 48 8b 74 24 40 48 8b
0x00007ffc5535f1d1:   cf e8 39 4e 0b 00 48 8b d8 48 85 c0 75 17 e8 dc
0x00007ffc5535f1e1:   d5 d3 ff 84 c0 75 30 33 d2 48 8d 0d d7 fc 36 00
0x00007ffc5535f1f1:   e8 ca 9d d5 ff 48 8b 07 48 89 58 20 48 8b 07 48
0x00007ffc5535f201:   8b 4b 20 48 89 48 40 48 8b 5c 24 48 48 8b 6c 24
0x00007ffc5535f211:   50 48 83 c4 30 5f c3 4c 8b 0d f9 43 57 00 48 8d
0x00007ffc5535f221:   05 a2 fc 36 00 41 b8 d3 04 00 00 48 89 44 24 20
0x00007ffc5535f231:   48 8d 15 90 fa 36 00 48 8b cd e8 b0 07 c9 ff 48
0x00007ffc5535f241:   8b 5c 24 48 48 8b 6c 24 50 48 83 c4 30 5f c3 40
0x00007ffc5535f251:   56 57 48 81 ec 98 00 00 00 48 8b 02 48 8b f1 48
0x00007ffc5535f261:   8b ca 48 8b fa ff 90 a0 00 00 00 84 c0 75 0a 48
0x00007ffc5535f271:   81 c4 98 00 00 00 5f 5e c3 48 8b 16 48 8d 4c 24
0x00007ffc5535f281:   30 48 89 9c 24 b0 00 00 00 b3 01 48 89 ac 24 b8
0x00007ffc5535f291:   00 00 00 48 8b af 38 02 00 00 4c 89 a4 24 c0 00
0x00007ffc5535f2a1:   00 00 4c 89 ac 24 90 00 00 00 4c 89 b4 24 88 00
0x00007ffc5535f2b1:   00 00 4c 8b 75 10 4c 8b 65 20 4c 8b 6d 28 4c 89 


Stack slot to memory mapping:
stack at sp + 0 slots: {method} {0x0000022e5929fa40} 'LookupPrivilegeValue0' '(J)J' in 'sun/nio/fs/WindowsNativeDispatcher'
stack at sp + 1 slots: {method} {0x0000022e5929faa8} 'CreateSymbolicLink0' '(JJI)V' in 'sun/nio/fs/WindowsNativeDispatcher'
stack at sp + 2 slots: 0x0000022e3a6d8e70 is a thread
stack at sp + 3 slots: 0x0000022e3a6d8e70 is a thread
stack at sp + 4 slots: 0x0000022e599c200a is pointing into metadata
stack at sp + 5 slots: 0x0 is NULL
stack at sp + 6 slots: 0x0000022e3850c260 points into unknown readable memory: 0x0000000000000002 | 02 00 00 00 00 00 00 00
stack at sp + 7 slots: 0x00007ffc550a36d4 jvm.dll

invokestatic  184 invokestatic  [0x0000022e4972a3c0, 0x0000022e4972a680]  704 bytes
[MachCode]
  0x0000022e4972a3c0: 4883 ec08 | c5fa 1104 | 24eb 1f48 | 83ec 10c5 | fb11 0424 | eb14 4883 | ec10 4889 | 0424 48c7 
  0x0000022e4972a3e0: 4424 0800 | 0000 00eb | 0150 4c89 | 6dc0 410f | b755 0148 | 8b4d d0c1 | e202 8b5c | d120 c1eb 
  0x0000022e4972a400: 1081 e3ff | 0000 0081 | fbb8 0000 | 000f 84b6 | 0000 00bb | b800 0000 | e805 0000 | 00e9 9b00 
  0x0000022e4972a420: 0000 488b | d348 8d44 | 2408 4c89 | 6dc0 498b | cfc5 f877 | 4989 afa8 | 0200 0049 | 8987 9802 
  0x0000022e4972a440: 0000 4883 | ec20 f7c4 | 0f00 0000 | 0f84 1a00 | 0000 4883 | ec08 49ba | 705c 0b55 | fc7f 0000 
  0x0000022e4972a460: 41ff d248 | 83c4 08e9 | 0d00 0000 | 49ba 705c | 0b55 fc7f | 0000 41ff | d248 83c4 | 2049 c787 
  0x0000022e4972a480: 9802 0000 | 0000 0000 | 49c7 87a8 | 0200 0000 | 0000 0049 | c787 a002 | 0000 0000 | 0000 c5f8 
  0x0000022e4972a4a0: 7749 817f | 0800 0000 | 000f 8405 | 0000 00e9 | 4c6a feff | 4c8b 6dc0 | 4c8b 75c8 | c341 0fb7 
  0x0000022e4972a4c0: 5501 488b | 4dd0 c1e2 | 0248 8b5c | d128 488b | 5b08 488b | 5b08 488b | 5b18 80bb | 3301 0000 
  0x0000022e4972a4e0: 040f 840d | 0000 004c | 3bbb 3801 | 0000 0f85 | 1fff ffff | 488b 5cd1 | 288b 54d1 | 38c1 ea1c 
  0x0000022e4972a500: 49ba a060 | 8d55 fc7f | 0000 498b | 14d2 5248 | 8b45 d848 | 85c0 0f84 | 1200 0000 | 4883 4008 
  0x0000022e4972a520: 0148 8358 | 0800 4883 | c010 4889 | 45d8 488b | 45d8 4885 | c00f 8435 | 0100 0080 | 78f0 0a0f 
  0x0000022e4972a540: 852b 0100 | 0048 83c0 | 084c 8b68 | f841 83ed | 0041 83fd | 020f 8c0a | 0100 004c | 8b6b 0845 
  0x0000022e4972a560: 0fb7 6d2c | 4c2b 2841 | 83ed 014e | 8b6c ec08 | 4d85 ed75 | 0748 8348 | 0801 eb53 | 458b 6d08 
  0x0000022e4972a580: 49ba 0000 | 0059 2e02 | 0000 4d03 | ea4c 3368 | 0849 f7c5 | fcff ffff | 7435 49f7 | c502 0000 
  0x0000022e4972a5a0: 0075 2c48 | 8178 0800 | 0000 0074 | 1e48 8178 | 0801 0000 | 0074 144c | 3368 0849 | f7c5 fcff 
  0x0000022e4972a5c0: ffff 740b | 4883 4808 | 02eb 044c | 8968 0848 | 83c0 104c | 8b68 e841 | 83ed 0241 | 83fd 020f 
  0x0000022e4972a5e0: 8c80 0000 | 004c 8b6b | 0845 0fb7 | 6d2c 4c2b | 2841 83ed | 014e 8b6c | ec08 4d85 | ed75 0748 
  0x0000022e4972a600: 8348 0801 | eb53 458b | 6d08 49ba | 0000 0059 | 2e02 0000 | 4d03 ea4c | 3368 0849 | f7c5 fcff 
  0x0000022e4972a620: ffff 7435 | 49f7 c502 | 0000 0075 | 2c48 8178 | 0800 0000 | 0074 1e48 | 8178 0801 | 0000 0074 
  0x0000022e4972a640: 144c 3368 | 0849 f7c5 | fcff ffff | 740b 4883 | 4808 02eb | 044c 8968 | 0848 83c0 | 104c 8b68 
  0x0000022e4972a660: d841 83ed | 0441 c1e5 | 0349 03c5 | 4889 45d8 | 4c8d 6c24 | 084c 896d | f0ff 6350 | 0f1f 4000 
[/MachCode]

---------------  P R O C E S S  ---------------

Threads class SMR info:
_java_thread_list=0x0000022e581f7e00, length=11, elements={
0x0000022e3a6d8e70, 0x0000022e581da080, 0x0000022e581dbb10, 0x0000022e581e9520,
0x0000022e581ebf00, 0x0000022e581ed390, 0x0000022e581f1d20, 0x0000022e581fc170,
0x0000022e581ffea0, 0x0000022e58216740, 0x0000022e581bea70
}

Java Threads: ( => current thread )
=>0x0000022e3a6d8e70 JavaThread "main" [_thread_in_vm, id=6804, stack(0x0000009f7b300000,0x0000009f7b400000)]
  0x0000022e581da080 JavaThread "Reference Handler" daemon [_thread_blocked, id=8744, stack(0x0000009f7ba00000,0x0000009f7bb00000)]
  0x0000022e581dbb10 JavaThread "Finalizer" daemon [_thread_blocked, id=8628, stack(0x0000009f7bb00000,0x0000009f7bc00000)]
  0x0000022e581e9520 JavaThread "Signal Dispatcher" daemon [_thread_blocked, id=9072, stack(0x0000009f7bc00000,0x0000009f7bd00000)]
  0x0000022e581ebf00 JavaThread "Attach Listener" daemon [_thread_blocked, id=6168, stack(0x0000009f7bd00000,0x0000009f7be00000)]
  0x0000022e581ed390 JavaThread "Service Thread" daemon [_thread_blocked, id=4536, stack(0x0000009f7be00000,0x0000009f7bf00000)]
  0x0000022e581f1d20 JavaThread "Monitor Deflation Thread" daemon [_thread_blocked, id=3060, stack(0x0000009f7bf00000,0x0000009f7c000000)]
  0x0000022e581fc170 JavaThread "C2 CompilerThread0" daemon [_thread_blocked, id=8480, stack(0x0000009f7c000000,0x0000009f7c100000)]
  0x0000022e581ffea0 JavaThread "C1 CompilerThread0" daemon [_thread_blocked, id=3656, stack(0x0000009f7c100000,0x0000009f7c200000)]
  0x0000022e58216740 JavaThread "Sweeper thread" daemon [_thread_blocked, id=5756, stack(0x0000009f7c200000,0x0000009f7c300000)]
  0x0000022e581bea70 JavaThread "Common-Cleaner" daemon [_thread_blocked, id=8796, stack(0x0000009f7c300000,0x0000009f7c400000)]

Other Threads:
  0x0000022e581d3ce0 VMThread "VM Thread" [stack: 0x0000009f7b900000,0x0000009f7ba00000] [id=4088]
  0x0000022e3a731120 GCTaskThread "GC Thread#0" [stack: 0x0000009f7b400000,0x0000009f7b500000] [id=1232]
  0x0000022e3a743c90 ConcurrentGCThread "G1 Main Marker" [stack: 0x0000009f7b500000,0x0000009f7b600000] [id=6372]
  0x0000022e3a7455d0 ConcurrentGCThread "G1 Conc#0" [stack: 0x0000009f7b600000,0x0000009f7b700000] [id=3948]
  0x0000022e3a77deb0 ConcurrentGCThread "G1 Refine#0" [stack: 0x0000009f7b700000,0x0000009f7b800000] [id=6900]
  0x0000022e3a77e7f0 ConcurrentGCThread "G1 Service" [stack: 0x0000009f7b800000,0x0000009f7b900000] [id=4724]

Threads with active compile tasks:

VM state: not at safepoint (normal execution)

VM Mutex/Monitor currently owned by a thread: None

Heap address: 0x0000000081800000, size: 2024 MB, Compressed Oops mode: 32-bit

CDS archive(s) mapped at: [0x0000022e59000000-0x0000022e59bb0000-0x0000022e59bb0000), size 12255232, SharedBaseAddress: 0x0000022e59000000, ArchiveRelocationMode: 1.
Compressed class space mapped at: 0x0000022e5a000000-0x0000022e9a000000, reserved size: 1073741824
Narrow klass base: 0x0000022e59000000, Narrow klass shift: 0, Narrow klass range: 0x100000000

GC Precious Log:
 CPUs: 4 total, 4 available
 Memory: 8094M
 Large Page Support: Disabled
 NUMA Support: Disabled
 Compressed Oops: Enabled (32-bit)
 Heap Region Size: 1M
 Heap Min Capacity: 8M
 Heap Initial Capacity: 128M
 Heap Max Capacity: 2024M
 Pre-touch: Disabled
 Parallel Workers: 4
 Concurrent Workers: 1
 Concurrent Refinement Workers: 4
 Periodic GC: Disabled

Heap:
 garbage-first heap   total 131072K, used 1024K [0x0000000081800000, 0x0000000100000000)
  region size 1024K, 2 young (2048K), 0 survivors (0K)
 Metaspace       used 284K, committed 512K, reserved 1114112K
  class space    used 11K, committed 128K, reserved 1048576K

Heap Regions: E=young(eden), S=young(survivor), O=old, HS=humongous(starts), HC=humongous(continues), CS=collection set, F=free, OA=open archive, CA=closed archive, TAMS=top-at-mark-start (previous, next)
|   0|0x0000000081800000, 0x0000000081800000, 0x0000000081900000|  0%| F|  |TAMS 0x0000000081800000, 0x0000000081800000| Untracked 
|   1|0x0000000081900000, 0x0000000081900000, 0x0000000081a00000|  0%| F|  |TAMS 0x0000000081900000, 0x0000000081900000| Untracked 
|   2|0x0000000081a00000, 0x0000000081a00000, 0x0000000081b00000|  0%| F|  |TAMS 0x0000000081a00000, 0x0000000081a00000| Untracked 
|   3|0x0000000081b00000, 0x0000000081b00000, 0x0000000081c00000|  0%| F|  |TAMS 0x0000000081b00000, 0x0000000081b00000| Untracked 
|   4|0x0000000081c00000, 0x0000000081c00000, 0x0000000081d00000|  0%| F|  |TAMS 0x0000000081c00000, 0x0000000081c00000| Untracked 
|   5|0x0000000081d00000, 0x0000000081d00000, 0x0000000081e00000|  0%| F|  |TAMS 0x0000000081d00000, 0x0000000081d00000| Untracked 
|   6|0x0000000081e00000, 0x0000000081e00000, 0x0000000081f00000|  0%| F|  |TAMS 0x0000000081e00000, 0x0000000081e00000| Untracked 
|   7|0x0000000081f00000, 0x0000000081f00000, 0x0000000082000000|  0%| F|  |TAMS 0x0000000081f00000, 0x0000000081f00000| Untracked 
|   8|0x0000000082000000, 0x0000000082000000, 0x0000000082100000|  0%| F|  |TAMS 0x0000000082000000, 0x0000000082000000| Untracked 
|   9|0x0000000082100000, 0x0000000082100000, 0x0000000082200000|  0%| F|  |TAMS 0x0000000082100000, 0x0000000082100000| Untracked 
|  10|0x0000000082200000, 0x0000000082200000, 0x0000000082300000|  0%| F|  |TAMS 0x0000000082200000, 0x0000000082200000| Untracked 
|  11|0x0000000082300000, 0x0000000082300000, 0x0000000082400000|  0%| F|  |TAMS 0x0000000082300000, 0x0000000082300000| Untracked 
|  12|0x0000000082400000, 0x0000000082400000, 0x0000000082500000|  0%| F|  |TAMS 0x0000000082400000, 0x0000000082400000| Untracked 
|  13|0x0000000082500000, 0x0000000082500000, 0x0000000082600000|  0%| F|  |TAMS 0x0000000082500000, 0x0000000082500000| Untracked 
|  14|0x0000000082600000, 0x0000000082600000, 0x0000000082700000|  0%| F|  |TAMS 0x0000000082600000, 0x0000000082600000| Untracked 
|  15|0x0000000082700000, 0x0000000082700000, 0x0000000082800000|  0%| F|  |TAMS 0x0000000082700000, 0x0000000082700000| Untracked 
|  16|0x0000000082800000, 0x0000000082800000, 0x0000000082900000|  0%| F|  |TAMS 0x0000000082800000, 0x0000000082800000| Untracked 
|  17|0x0000000082900000, 0x0000000082900000, 0x0000000082a00000|  0%| F|  |TAMS 0x0000000082900000, 0x0000000082900000| Untracked 
|  18|0x0000000082a00000, 0x0000000082a00000, 0x0000000082b00000|  0%| F|  |TAMS 0x0000000082a00000, 0x0000000082a00000| Untracked 
|  19|0x0000000082b00000, 0x0000000082b00000, 0x0000000082c00000|  0%| F|  |TAMS 0x0000000082b00000, 0x0000000082b00000| Untracked 
|  20|0x0000000082c00000, 0x0000000082c00000, 0x0000000082d00000|  0%| F|  |TAMS 0x0000000082c00000, 0x0000000082c00000| Untracked 
|  21|0x0000000082d00000, 0x0000000082d00000, 0x0000000082e00000|  0%| F|  |TAMS 0x0000000082d00000, 0x0000000082d00000| Untracked 
|  22|0x0000000082e00000, 0x0000000082e00000, 0x0000000082f00000|  0%| F|  |TAMS 0x0000000082e00000, 0x0000000082e00000| Untracked 
|  23|0x0000000082f00000, 0x0000000082f00000, 0x0000000083000000|  0%| F|  |TAMS 0x0000000082f00000, 0x0000000082f00000| Untracked 
|  24|0x0000000083000000, 0x0000000083000000, 0x0000000083100000|  0%| F|  |TAMS 0x0000000083000000, 0x0000000083000000| Untracked 
|  25|0x0000000083100000, 0x0000000083100000, 0x0000000083200000|  0%| F|  |TAMS 0x0000000083100000, 0x0000000083100000| Untracked 
|  26|0x0000000083200000, 0x0000000083200000, 0x0000000083300000|  0%| F|  |TAMS 0x0000000083200000, 0x0000000083200000| Untracked 
|  27|0x0000000083300000, 0x0000000083300000, 0x0000000083400000|  0%| F|  |TAMS 0x0000000083300000, 0x0000000083300000| Untracked 
|  28|0x0000000083400000, 0x0000000083400000, 0x0000000083500000|  0%| F|  |TAMS 0x0000000083400000, 0x0000000083400000| Untracked 
|  29|0x0000000083500000, 0x0000000083500000, 0x0000000083600000|  0%| F|  |TAMS 0x0000000083500000, 0x0000000083500000| Untracked 
|  30|0x0000000083600000, 0x0000000083600000, 0x0000000083700000|  0%| F|  |TAMS 0x0000000083600000, 0x0000000083600000| Untracked 
|  31|0x0000000083700000, 0x0000000083700000, 0x0000000083800000|  0%| F|  |TAMS 0x0000000083700000, 0x0000000083700000| Untracked 
|  32|0x0000000083800000, 0x0000000083800000, 0x0000000083900000|  0%| F|  |TAMS 0x0000000083800000, 0x0000000083800000| Untracked 
|  33|0x0000000083900000, 0x0000000083900000, 0x0000000083a00000|  0%| F|  |TAMS 0x0000000083900000, 0x0000000083900000| Untracked 
|  34|0x0000000083a00000, 0x0000000083a00000, 0x0000000083b00000|  0%| F|  |TAMS 0x0000000083a00000, 0x0000000083a00000| Untracked 
|  35|0x0000000083b00000, 0x0000000083b00000, 0x0000000083c00000|  0%| F|  |TAMS 0x0000000083b00000, 0x0000000083b00000| Untracked 
|  36|0x0000000083c00000, 0x0000000083c00000, 0x0000000083d00000|  0%| F|  |TAMS 0x0000000083c00000, 0x0000000083c00000| Untracked 
|  37|0x0000000083d00000, 0x0000000083d00000, 0x0000000083e00000|  0%| F|  |TAMS 0x0000000083d00000, 0x0000000083d00000| Untracked 
|  38|0x0000000083e00000, 0x0000000083e00000, 0x0000000083f00000|  0%| F|  |TAMS 0x0000000083e00000, 0x0000000083e00000| Untracked 
|  39|0x0000000083f00000, 0x0000000083f00000, 0x0000000084000000|  0%| F|  |TAMS 0x0000000083f00000, 0x0000000083f00000| Untracked 
|  40|0x0000000084000000, 0x0000000084000000, 0x0000000084100000|  0%| F|  |TAMS 0x0000000084000000, 0x0000000084000000| Untracked 
|  41|0x0000000084100000, 0x0000000084100000, 0x0000000084200000|  0%| F|  |TAMS 0x0000000084100000, 0x0000000084100000| Untracked 
|  42|0x0000000084200000, 0x0000000084200000, 0x0000000084300000|  0%| F|  |TAMS 0x0000000084200000, 0x0000000084200000| Untracked 
|  43|0x0000000084300000, 0x0000000084300000, 0x0000000084400000|  0%| F|  |TAMS 0x0000000084300000, 0x0000000084300000| Untracked 
|  44|0x0000000084400000, 0x0000000084400000, 0x0000000084500000|  0%| F|  |TAMS 0x0000000084400000, 0x0000000084400000| Untracked 
|  45|0x0000000084500000, 0x0000000084500000, 0x0000000084600000|  0%| F|  |TAMS 0x0000000084500000, 0x0000000084500000| Untracked 
|  46|0x0000000084600000, 0x0000000084600000, 0x0000000084700000|  0%| F|  |TAMS 0x0000000084600000, 0x0000000084600000| Untracked 
|  47|0x0000000084700000, 0x0000000084700000, 0x0000000084800000|  0%| F|  |TAMS 0x0000000084700000, 0x0000000084700000| Untracked 
|  48|0x0000000084800000, 0x0000000084800000, 0x0000000084900000|  0%| F|  |TAMS 0x0000000084800000, 0x0000000084800000| Untracked 
|  49|0x0000000084900000, 0x0000000084900000, 0x0000000084a00000|  0%| F|  |TAMS 0x0000000084900000, 0x0000000084900000| Untracked 
|  50|0x0000000084a00000, 0x0000000084a00000, 0x0000000084b00000|  0%| F|  |TAMS 0x0000000084a00000, 0x0000000084a00000| Untracked 
|  51|0x0000000084b00000, 0x0000000084b00000, 0x0000000084c00000|  0%| F|  |TAMS 0x0000000084b00000, 0x0000000084b00000| Untracked 
|  52|0x0000000084c00000, 0x0000000084c00000, 0x0000000084d00000|  0%| F|  |TAMS 0x0000000084c00000, 0x0000000084c00000| Untracked 
|  53|0x0000000084d00000, 0x0000000084d00000, 0x0000000084e00000|  0%| F|  |TAMS 0x0000000084d00000, 0x0000000084d00000| Untracked 
|  54|0x0000000084e00000, 0x0000000084e00000, 0x0000000084f00000|  0%| F|  |TAMS 0x0000000084e00000, 0x0000000084e00000| Untracked 
|  55|0x0000000084f00000, 0x0000000084f00000, 0x0000000085000000|  0%| F|  |TAMS 0x0000000084f00000, 0x0000000084f00000| Untracked 
|  56|0x0000000085000000, 0x0000000085000000, 0x0000000085100000|  0%| F|  |TAMS 0x0000000085000000, 0x0000000085000000| Untracked 
|  57|0x0000000085100000, 0x0000000085100000, 0x0000000085200000|  0%| F|  |TAMS 0x0000000085100000, 0x0000000085100000| Untracked 
|  58|0x0000000085200000, 0x0000000085200000, 0x0000000085300000|  0%| F|  |TAMS 0x0000000085200000, 0x0000000085200000| Untracked 
|  59|0x0000000085300000, 0x0000000085300000, 0x0000000085400000|  0%| F|  |TAMS 0x0000000085300000, 0x0000000085300000| Untracked 
|  60|0x0000000085400000, 0x0000000085400000, 0x0000000085500000|  0%| F|  |TAMS 0x0000000085400000, 0x0000000085400000| Untracked 
|  61|0x0000000085500000, 0x0000000085500000, 0x0000000085600000|  0%| F|  |TAMS 0x0000000085500000, 0x0000000085500000| Untracked 
|  62|0x0000000085600000, 0x0000000085600000, 0x0000000085700000|  0%| F|  |TAMS 0x0000000085600000, 0x0000000085600000| Untracked 
|  63|0x0000000085700000, 0x0000000085700000, 0x0000000085800000|  0%| F|  |TAMS 0x0000000085700000, 0x0000000085700000| Untracked 
|  64|0x0000000085800000, 0x0000000085800000, 0x0000000085900000|  0%| F|  |TAMS 0x0000000085800000, 0x0000000085800000| Untracked 
|  65|0x0000000085900000, 0x0000000085900000, 0x0000000085a00000|  0%| F|  |TAMS 0x0000000085900000, 0x0000000085900000| Untracked 
|  66|0x0000000085a00000, 0x0000000085a00000, 0x0000000085b00000|  0%| F|  |TAMS 0x0000000085a00000, 0x0000000085a00000| Untracked 
|  67|0x0000000085b00000, 0x0000000085b00000, 0x0000000085c00000|  0%| F|  |TAMS 0x0000000085b00000, 0x0000000085b00000| Untracked 
|  68|0x0000000085c00000, 0x0000000085c00000, 0x0000000085d00000|  0%| F|  |TAMS 0x0000000085c00000, 0x0000000085c00000| Untracked 
|  69|0x0000000085d00000, 0x0000000085d00000, 0x0000000085e00000|  0%| F|  |TAMS 0x0000000085d00000, 0x0000000085d00000| Untracked 
|  70|0x0000000085e00000, 0x0000000085e00000, 0x0000000085f00000|  0%| F|  |TAMS 0x0000000085e00000, 0x0000000085e00000| Untracked 
|  71|0x0000000085f00000, 0x0000000085f00000, 0x0000000086000000|  0%| F|  |TAMS 0x0000000085f00000, 0x0000000085f00000| Untracked 
|  72|0x0000000086000000, 0x0000000086000000, 0x0000000086100000|  0%| F|  |TAMS 0x0000000086000000, 0x0000000086000000| Untracked 
|  73|0x0000000086100000, 0x0000000086100000, 0x0000000086200000|  0%| F|  |TAMS 0x0000000086100000, 0x0000000086100000| Untracked 
|  74|0x0000000086200000, 0x0000000086200000, 0x0000000086300000|  0%| F|  |TAMS 0x0000000086200000, 0x0000000086200000| Untracked 
|  75|0x0000000086300000, 0x0000000086300000, 0x0000000086400000|  0%| F|  |TAMS 0x0000000086300000, 0x0000000086300000| Untracked 
|  76|0x0000000086400000, 0x0000000086400000, 0x0000000086500000|  0%| F|  |TAMS 0x0000000086400000, 0x0000000086400000| Untracked 
|  77|0x0000000086500000, 0x0000000086500000, 0x0000000086600000|  0%| F|  |TAMS 0x0000000086500000, 0x0000000086500000| Untracked 
|  78|0x0000000086600000, 0x0000000086600000, 0x0000000086700000|  0%| F|  |TAMS 0x0000000086600000, 0x0000000086600000| Untracked 
|  79|0x0000000086700000, 0x0000000086700000, 0x0000000086800000|  0%| F|  |TAMS 0x0000000086700000, 0x0000000086700000| Untracked 
|  80|0x0000000086800000, 0x0000000086800000, 0x0000000086900000|  0%| F|  |TAMS 0x0000000086800000, 0x0000000086800000| Untracked 
|  81|0x0000000086900000, 0x0000000086900000, 0x0000000086a00000|  0%| F|  |TAMS 0x0000000086900000, 0x0000000086900000| Untracked 
|  82|0x0000000086a00000, 0x0000000086a00000, 0x0000000086b00000|  0%| F|  |TAMS 0x0000000086a00000, 0x0000000086a00000| Untracked 
|  83|0x0000000086b00000, 0x0000000086b00000, 0x0000000086c00000|  0%| F|  |TAMS 0x0000000086b00000, 0x0000000086b00000| Untracked 
|  84|0x0000000086c00000, 0x0000000086c00000, 0x0000000086d00000|  0%| F|  |TAMS 0x0000000086c00000, 0x0000000086c00000| Untracked 
|  85|0x0000000086d00000, 0x0000000086d00000, 0x0000000086e00000|  0%| F|  |TAMS 0x0000000086d00000, 0x0000000086d00000| Untracked 
|  86|0x0000000086e00000, 0x0000000086e00000, 0x0000000086f00000|  0%| F|  |TAMS 0x0000000086e00000, 0x0000000086e00000| Untracked 
|  87|0x0000000086f00000, 0x0000000086f00000, 0x0000000087000000|  0%| F|  |TAMS 0x0000000086f00000, 0x0000000086f00000| Untracked 
|  88|0x0000000087000000, 0x0000000087000000, 0x0000000087100000|  0%| F|  |TAMS 0x0000000087000000, 0x0000000087000000| Untracked 
|  89|0x0000000087100000, 0x0000000087100000, 0x0000000087200000|  0%| F|  |TAMS 0x0000000087100000, 0x0000000087100000| Untracked 
|  90|0x0000000087200000, 0x0000000087200000, 0x0000000087300000|  0%| F|  |TAMS 0x0000000087200000, 0x0000000087200000| Untracked 
|  91|0x0000000087300000, 0x0000000087300000, 0x0000000087400000|  0%| F|  |TAMS 0x0000000087300000, 0x0000000087300000| Untracked 
|  92|0x0000000087400000, 0x0000000087400000, 0x0000000087500000|  0%| F|  |TAMS 0x0000000087400000, 0x0000000087400000| Untracked 
|  93|0x0000000087500000, 0x0000000087500000, 0x0000000087600000|  0%| F|  |TAMS 0x0000000087500000, 0x0000000087500000| Untracked 
|  94|0x0000000087600000, 0x0000000087600000, 0x0000000087700000|  0%| F|  |TAMS 0x0000000087600000, 0x0000000087600000| Untracked 
|  95|0x0000000087700000, 0x0000000087700000, 0x0000000087800000|  0%| F|  |TAMS 0x0000000087700000, 0x0000000087700000| Untracked 
|  96|0x0000000087800000, 0x0000000087800000, 0x0000000087900000|  0%| F|  |TAMS 0x0000000087800000, 0x0000000087800000| Untracked 
|  97|0x0000000087900000, 0x0000000087900000, 0x0000000087a00000|  0%| F|  |TAMS 0x0000000087900000, 0x0000000087900000| Untracked 
|  98|0x0000000087a00000, 0x0000000087a00000, 0x0000000087b00000|  0%| F|  |TAMS 0x0000000087a00000, 0x0000000087a00000| Untracked 
|  99|0x0000000087b00000, 0x0000000087b00000, 0x0000000087c00000|  0%| F|  |TAMS 0x0000000087b00000, 0x0000000087b00000| Untracked 
| 100|0x0000000087c00000, 0x0000000087c00000, 0x0000000087d00000|  0%| F|  |TAMS 0x0000000087c00000, 0x0000000087c00000| Untracked 
| 101|0x0000000087d00000, 0x0000000087d00000, 0x0000000087e00000|  0%| F|  |TAMS 0x0000000087d00000, 0x0000000087d00000| Untracked 
| 102|0x0000000087e00000, 0x0000000087e00000, 0x0000000087f00000|  0%| F|  |TAMS 0x0000000087e00000, 0x0000000087e00000| Untracked 
| 103|0x0000000087f00000, 0x0000000087f00000, 0x0000000088000000|  0%| F|  |TAMS 0x0000000087f00000, 0x0000000087f00000| Untracked 
| 104|0x0000000088000000, 0x0000000088000000, 0x0000000088100000|  0%| F|  |TAMS 0x0000000088000000, 0x0000000088000000| Untracked 
| 105|0x0000000088100000, 0x0000000088100000, 0x0000000088200000|  0%| F|  |TAMS 0x0000000088100000, 0x0000000088100000| Untracked 
| 106|0x0000000088200000, 0x0000000088200000, 0x0000000088300000|  0%| F|  |TAMS 0x0000000088200000, 0x0000000088200000| Untracked 
| 107|0x0000000088300000, 0x0000000088300000, 0x0000000088400000|  0%| F|  |TAMS 0x0000000088300000, 0x0000000088300000| Untracked 
| 108|0x0000000088400000, 0x0000000088400000, 0x0000000088500000|  0%| F|  |TAMS 0x0000000088400000, 0x0000000088400000| Untracked 
| 109|0x0000000088500000, 0x0000000088500000, 0x0000000088600000|  0%| F|  |TAMS 0x0000000088500000, 0x0000000088500000| Untracked 
| 110|0x0000000088600000, 0x0000000088600000, 0x0000000088700000|  0%| F|  |TAMS 0x0000000088600000, 0x0000000088600000| Untracked 
| 111|0x0000000088700000, 0x0000000088700000, 0x0000000088800000|  0%| F|  |TAMS 0x0000000088700000, 0x0000000088700000| Untracked 
| 112|0x0000000088800000, 0x0000000088800000, 0x0000000088900000|  0%| F|  |TAMS 0x0000000088800000, 0x0000000088800000| Untracked 
| 113|0x0000000088900000, 0x0000000088900000, 0x0000000088a00000|  0%| F|  |TAMS 0x0000000088900000, 0x0000000088900000| Untracked 
| 114|0x0000000088a00000, 0x0000000088a00000, 0x0000000088b00000|  0%| F|  |TAMS 0x0000000088a00000, 0x0000000088a00000| Untracked 
| 115|0x0000000088b00000, 0x0000000088b00000, 0x0000000088c00000|  0%| F|  |TAMS 0x0000000088b00000, 0x0000000088b00000| Untracked 
| 116|0x0000000088c00000, 0x0000000088c00000, 0x0000000088d00000|  0%| F|  |TAMS 0x0000000088c00000, 0x0000000088c00000| Untracked 
| 117|0x0000000088d00000, 0x0000000088d00000, 0x0000000088e00000|  0%| F|  |TAMS 0x0000000088d00000, 0x0000000088d00000| Untracked 
| 118|0x0000000088e00000, 0x0000000088e00000, 0x0000000088f00000|  0%| F|  |TAMS 0x0000000088e00000, 0x0000000088e00000| Untracked 
| 119|0x0000000088f00000, 0x0000000088f00000, 0x0000000089000000|  0%| F|  |TAMS 0x0000000088f00000, 0x0000000088f00000| Untracked 
| 120|0x0000000089000000, 0x0000000089000000, 0x0000000089100000|  0%| F|  |TAMS 0x0000000089000000, 0x0000000089000000| Untracked 
| 121|0x0000000089100000, 0x0000000089100000, 0x0000000089200000|  0%| F|  |TAMS 0x0000000089100000, 0x0000000089100000| Untracked 
| 122|0x0000000089200000, 0x0000000089200000, 0x0000000089300000|  0%| F|  |TAMS 0x0000000089200000, 0x0000000089200000| Untracked 
| 123|0x0000000089300000, 0x0000000089300000, 0x0000000089400000|  0%| F|  |TAMS 0x0000000089300000, 0x0000000089300000| Untracked 
| 124|0x0000000089400000, 0x0000000089400000, 0x0000000089500000|  0%| F|  |TAMS 0x0000000089400000, 0x0000000089400000| Untracked 
| 125|0x0000000089500000, 0x0000000089500000, 0x0000000089600000|  0%| F|  |TAMS 0x0000000089500000, 0x0000000089500000| Untracked 
| 126|0x0000000089600000, 0x00000000896c8320, 0x0000000089700000| 78%| E|  |TAMS 0x0000000089600000, 0x0000000089600000| Complete 
| 127|0x0000000089700000, 0x0000000089800000, 0x0000000089800000|100%| E|CS|TAMS 0x0000000089700000, 0x0000000089700000| Complete 

Card table byte_map: [0x0000022e515e0000,0x0000022e519e0000] _byte_map_base: 0x0000022e511d4000

Marking Bits (Prev, Next): (CMBitMap*) 0x0000022e3a731650, (CMBitMap*) 0x0000022e3a731690
 Prev Bits: [0x0000022e51de0000, 0x0000022e53d80000)
 Next Bits: [0x0000022e53d80000, 0x0000022e55d20000)

Polling page: 0x0000022e38630000

Metaspace:

Usage:
  Non-class:    273.00 KB used.
      Class:     11.36 KB used.
       Both:    284.36 KB used.

Virtual space:
  Non-class space:       64.00 MB reserved,     384.00 KB ( <1%) committed,  1 nodes.
      Class space:        1.00 GB reserved,     128.00 KB ( <1%) committed,  1 nodes.
             Both:        1.06 GB reserved,     512.00 KB ( <1%) committed. 

Chunk freelists:
   Non-Class:  12.00 MB
       Class:  15.75 MB
        Both:  27.75 MB

MaxMetaspaceSize: unlimited
CompressedClassSpaceSize: 1.00 GB
Initial GC threshold: 21.00 MB
Current GC threshold: 21.00 MB
CDS: on
MetaspaceReclaimPolicy: balanced
 - commit_granule_bytes: 65536.
 - commit_granule_words: 8192.
 - virtual_space_node_default_size: 8388608.
 - enlarge_chunks_in_place: 1.
 - new_chunks_are_fully_committed: 0.
 - uncommit_free_chunks: 1.
 - use_allocation_guard: 0.
 - handle_deallocations: 1.


Internal statistics:

num_allocs_failed_limit: 0.
num_arena_births: 4.
num_arena_deaths: 0.
num_vsnodes_births: 2.
num_vsnodes_deaths: 0.
num_space_committed: 8.
num_space_uncommitted: 0.
num_chunks_returned_to_freelist: 0.
num_chunks_taken_from_freelist: 5.
num_chunk_merges: 0.
num_chunk_splits: 3.
num_chunks_enlarged: 1.
num_inconsistent_stats: 0.

CodeHeap 'non-profiled nmethods': size=120000Kb used=58Kb max_used=58Kb free=119941Kb
 bounds [0x0000022e49cb0000, 0x0000022e49f20000, 0x0000022e511e0000]
CodeHeap 'profiled nmethods': size=120000Kb used=186Kb max_used=186Kb free=119813Kb
 bounds [0x0000022e421e0000, 0x0000022e42450000, 0x0000022e49710000]
CodeHeap 'non-nmethods': size=5760Kb used=1081Kb max_used=1097Kb free=4678Kb
 bounds [0x0000022e49710000, 0x0000022e49980000, 0x0000022e49cb0000]
 total_blobs=526 nmethods=175 adapters=264
 compilation: enabled
              stopped_count=0, restarted_count=0
 full_count=0

Compilation events (20 events):
Event: 0.220 Thread 0x0000022e581ffea0 nmethod 167 0x0000022e49cbcb10 code [0x0000022e49cbcca0, 0x0000022e49cbcd78]
Event: 0.221 Thread 0x0000022e581ffea0  168       3       java.lang.AbstractStringBuilder::isLatin1 (19 bytes)
Event: 0.221 Thread 0x0000022e581ffea0 nmethod 168 0x0000022e4220c490 code [0x0000022e4220c620, 0x0000022e4220c798]
Event: 0.223 Thread 0x0000022e581ffea0  169       1       java.net.URL::getFile (5 bytes)
Event: 0.223 Thread 0x0000022e581ffea0 nmethod 169 0x0000022e49cbce10 code [0x0000022e49cbcfa0, 0x0000022e49cbd078]
Event: 0.223 Thread 0x0000022e581ffea0  170       1       java.net.URL::getRef (5 bytes)
Event: 0.224 Thread 0x0000022e581ffea0 nmethod 170 0x0000022e49cbd110 code [0x0000022e49cbd2a0, 0x0000022e49cbd378]
Event: 0.224 Thread 0x0000022e581ffea0  171       1       java.net.URL::getProtocol (5 bytes)
Event: 0.224 Thread 0x0000022e581ffea0 nmethod 171 0x0000022e49cbd410 code [0x0000022e49cbd5a0, 0x0000022e49cbd678]
Event: 0.225 Thread 0x0000022e581ffea0  172       3       java.lang.Class::getClassLoader (28 bytes)
Event: 0.226 Thread 0x0000022e581ffea0 nmethod 172 0x0000022e4220c810 code [0x0000022e4220ca60, 0x0000022e4220d4b8]
Event: 0.229 Thread 0x0000022e581ffea0  173       3       java.lang.StringBuilder::append (8 bytes)
Event: 0.229 Thread 0x0000022e581ffea0 nmethod 173 0x0000022e4220d810 code [0x0000022e4220d9a0, 0x0000022e4220dae8]
Event: 0.229 Thread 0x0000022e581ffea0  174       3       java.lang.AbstractStringBuilder::append (77 bytes)
Event: 0.230 Thread 0x0000022e581ffea0 nmethod 174 0x0000022e4220db90 code [0x0000022e4220dda0, 0x0000022e4220e428]
Event: 0.230 Thread 0x0000022e581ffea0  175       3       java.io.WinNTFileSystem::isSlash (18 bytes)
Event: 0.230 Thread 0x0000022e581ffea0 nmethod 175 0x0000022e4220e690 code [0x0000022e4220e820, 0x0000022e4220e9b8]
Event: 0.234 Thread 0x0000022e581fc170 nmethod 157 0x0000022e49cbd710 code [0x0000022e49cbd8e0, 0x0000022e49cbe1f8]
Event: 0.235 Thread 0x0000022e581fc170  158       4       java.util.HashMap::newNode (13 bytes)
Event: 0.236 Thread 0x0000022e581fc170 nmethod 158 0x0000022e49cbe710 code [0x0000022e49cbe8a0, 0x0000022e49cbe9b8]

GC Heap History (0 events):
No events

Dll operation events (4 events):
Event: 0.028 Loaded shared library C:\Users\Admin\.jdks\corretto-17.0.10\bin\java.dll
Event: 0.067 Loaded shared library C:\Users\Admin\.jdks\corretto-17.0.10\bin\jsvml.dll
Event: 0.222 Loaded shared library C:\Users\Admin\.jdks\corretto-17.0.10\bin\zip.dll
Event: 0.225 Loaded shared library C:\Users\Admin\.jdks\corretto-17.0.10\bin\instrument.dll

Deoptimization events (0 events):
No events

Classes unloaded (0 events):
No events

Classes redefined (0 events):
No events

Internal exceptions (0 events):
No events

VM Operations (2 events):
Event: 0.199 Executing VM operation: HandshakeAllThreads
Event: 0.199 Executing VM operation: HandshakeAllThreads done

Events (20 events):
Event: 0.084 loading class sun/nio/cs/UTF_8$Encoder
Event: 0.084 loading class sun/nio/cs/UTF_8$Encoder done
Event: 0.089 Thread 0x0000022e581e9520 Thread added: 0x0000022e581e9520
Event: 0.089 Thread 0x0000022e581ebf00 Thread added: 0x0000022e581ebf00
Event: 0.089 Thread 0x0000022e581ed390 Thread added: 0x0000022e581ed390
Event: 0.089 Thread 0x0000022e581f1d20 Thread added: 0x0000022e581f1d20
Event: 0.089 Thread 0x0000022e581fc170 Thread added: 0x0000022e581fc170
Event: 0.089 Thread 0x0000022e581ffea0 Thread added: 0x0000022e581ffea0
Event: 0.090 Thread 0x0000022e58216740 Thread added: 0x0000022e58216740
Event: 0.186 Thread 0x0000022e581bea70 Thread added: 0x0000022e581bea70
Event: 0.224 loading class sun/instrument/InstrumentationImpl
Event: 0.224 loading class java/lang/instrument/Instrumentation
Event: 0.224 loading class java/lang/instrument/Instrumentation done
Event: 0.224 loading class sun/instrument/InstrumentationImpl done
Event: 0.226 loading class sun/instrument/TransformerManager
Event: 0.226 loading class sun/instrument/TransformerManager done
Event: 0.226 loading class sun/instrument/TransformerManager$TransformerInfo
Event: 0.226 loading class sun/instrument/TransformerManager$TransformerInfo done
Event: 0.227 loading class jdk/internal/loader/URLClassPath$FileLoader
Event: 0.227 loading class jdk/internal/loader/URLClassPath$FileLoader done


Dynamic libraries:
0x00007ff7ce890000 - 0x00007ff7ce89e000 	C:\Users\Admin\.jdks\corretto-17.0.10\bin\java.exe
0x00007ffc80af0000 - 0x00007ffc80cde000 	C:\Windows\SYSTEM32\ntdll.dll
0x00007ffc809a0000 - 0x00007ffc80a53000 	C:\Windows\System32\KERNEL32.DLL
0x00007ffc7cb70000 - 0x00007ffc7ce0d000 	C:\Windows\System32\KERNELBASE.dll
0x00007ffc7d9b0000 - 0x00007ffc7daaa000 	C:\Windows\System32\ucrtbase.dll
0x00007ffc74ce0000 - 0x00007ffc74cf7000 	C:\Users\Admin\.jdks\corretto-17.0.10\bin\jli.dll
0x00007ffc74df0000 - 0x00007ffc74e0b000 	C:\Users\Admin\.jdks\corretto-17.0.10\bin\VCRUNTIME140.dll
0x00007ffc80130000 - 0x00007ffc802c7000 	C:\Windows\System32\USER32.dll
0x00007ffc7d780000 - 0x00007ffc7d7a0000 	C:\Windows\System32\win32u.dll
0x00007ffc7fc10000 - 0x00007ffc7fc39000 	C:\Windows\System32\GDI32.dll
0x00007ffc6e200000 - 0x00007ffc6e479000 	C:\Windows\WinSxS\amd64_microsoft.windows.common-controls_6595b64144ccf1df_6.0.17763.5576_none_de7462b453487ecb\COMCTL32.dll
0x00007ffc7db60000 - 0x00007ffc7dd0a000 	C:\Windows\System32\gdi32full.dll
0x00007ffc80490000 - 0x00007ffc8052e000 	C:\Windows\System32\msvcrt.dll
0x00007ffc7ddd0000 - 0x00007ffc7e0fb000 	C:\Windows\System32\combase.dll
0x00007ffc80530000 - 0x00007ffc8064d000 	C:\Windows\System32\RPCRT4.dll
0x00007ffc7d820000 - 0x00007ffc7d8a2000 	C:\Windows\System32\bcryptPrimitives.dll
0x00007ffc7d910000 - 0x00007ffc7d9b0000 	C:\Windows\System32\msvcp_win.dll
0x00007ffc7e330000 - 0x00007ffc7e35e000 	C:\Windows\System32\IMM32.DLL
0x00007ffc74cd0000 - 0x00007ffc74cdc000 	C:\Users\Admin\.jdks\corretto-17.0.10\bin\vcruntime140_1.dll
0x00007ffc74c30000 - 0x00007ffc74cbd000 	C:\Users\Admin\.jdks\corretto-17.0.10\bin\msvcp140.dll
0x00007ffc54d30000 - 0x00007ffc55992000 	C:\Users\Admin\.jdks\corretto-17.0.10\bin\server\jvm.dll
0x00007ffc807b0000 - 0x00007ffc80858000 	C:\Windows\System32\ADVAPI32.dll
0x00007ffc7f880000 - 0x00007ffc7f922000 	C:\Windows\System32\sechost.dll
0x00007ffc7d7a0000 - 0x00007ffc7d7c6000 	C:\Windows\System32\bcrypt.dll
0x00007ffc7caa0000 - 0x00007ffc7cafd000 	C:\Windows\System32\POWRPROF.dll
0x00007ffc78050000 - 0x00007ffc78059000 	C:\Windows\SYSTEM32\WSOCK32.dll
0x00007ffc7aa90000 - 0x00007ffc7aab4000 	C:\Windows\SYSTEM32\WINMM.dll
0x00007ffc7fc40000 - 0x00007ffc7fcad000 	C:\Windows\System32\WS2_32.dll
0x00007ffc6b860000 - 0x00007ffc6b86a000 	C:\Windows\SYSTEM32\VERSION.dll
0x00007ffc7a970000 - 0x00007ffc7a99d000 	C:\Windows\SYSTEM32\WINMMBASE.dll
0x00007ffc7d7d0000 - 0x00007ffc7d81a000 	C:\Windows\System32\cfgmgr32.dll
0x00007ffc7cb30000 - 0x00007ffc7cb41000 	C:\Windows\System32\kernel.appcore.dll
0x00007ffc74c20000 - 0x00007ffc74c2a000 	C:\Users\Admin\.jdks\corretto-17.0.10\bin\jimage.dll
0x00007ffc6a8a0000 - 0x00007ffc6aa8d000 	C:\Windows\SYSTEM32\DBGHELP.DLL
0x00007ffc6a860000 - 0x00007ffc6a88a000 	C:\Windows\SYSTEM32\dbgcore.DLL
0x00007ffc79410000 - 0x00007ffc7941e000 	C:\Users\Admin\.jdks\corretto-17.0.10\bin\instrument.dll
0x00007ffc74ec0000 - 0x00007ffc74ee5000 	C:\Users\Admin\.jdks\corretto-17.0.10\bin\java.dll
0x00007ffc54c50000 - 0x00007ffc54d27000 	C:\Users\Admin\.jdks\corretto-17.0.10\bin\jsvml.dll
0x00007ffc7e380000 - 0x00007ffc7f878000 	C:\Windows\System32\SHELL32.dll
0x00007ffc7dd10000 - 0x00007ffc7ddb7000 	C:\Windows\System32\shcore.dll
0x00007ffc7d010000 - 0x00007ffc7d757000 	C:\Windows\System32\windows.storage.dll
0x00007ffc7cb00000 - 0x00007ffc7cb23000 	C:\Windows\System32\profapi.dll
0x00007ffc7f9b0000 - 0x00007ffc7fa02000 	C:\Windows\System32\shlwapi.dll
0x00007ffc7d760000 - 0x00007ffc7d77b000 	C:\Windows\System32\cryptsp.dll
0x00007ffc74e90000 - 0x00007ffc74ea8000 	C:\Users\Admin\.jdks\corretto-17.0.10\bin\zip.dll

dbghelp: loaded successfully - version: 4.0.5 - missing functions: none
symbol engine: initialized successfully - sym options: 0x614 - pdb path: .;C:\Users\Admin\.jdks\corretto-17.0.10\bin;C:\Windows\SYSTEM32;C:\Windows\WinSxS\amd64_microsoft.windows.common-controls_6595b64144ccf1df_6.0.17763.5576_none_de7462b453487ecb;C:\Users\Admin\.jdks\corretto-17.0.10\bin\server

VM Arguments:
jvm_args: -javaagent:C:\Program Files\JetBrains\IntelliJ IDEA 2023.3.4\lib\idea_rt.jar=52256:C:\Program Files\JetBrains\IntelliJ IDEA 2023.3.4\bin -Dfile.encoding=UTF-8 
java_command: com.example.demo.DemoApplication
java_class_path (initial): D:\Do_An_SpringBoot\test\demo\target\classes;C:\Users\Admin\.m2\repository\org\springframework\boot\spring-boot-starter-data-jpa\3.2.1\spring-boot-starter-data-jpa-3.2.1.jar;C:\Users\Admin\.m2\repository\org\springframework\boot\spring-boot-starter-aop\3.2.1\spring-boot-starter-aop-3.2.1.jar;C:\Users\Admin\.m2\repository\org\aspectj\aspectjweaver\1.9.21\aspectjweaver-1.9.21.jar;C:\Users\Admin\.m2\repository\org\springframework\boot\spring-boot-starter-jdbc\3.2.1\spring-boot-starter-jdbc-3.2.1.jar;C:\Users\Admin\.m2\repository\com\zaxxer\HikariCP\5.0.1\HikariCP-5.0.1.jar;C:\Users\Admin\.m2\repository\org\springframework\spring-jdbc\6.1.2\spring-jdbc-6.1.2.jar;C:\Users\Admin\.m2\repository\org\hibernate\orm\hibernate-core\6.4.1.Final\hibernate-core-6.4.1.Final.jar;C:\Users\Admin\.m2\repository\jakarta\persistence\jakarta.persistence-api\3.1.0\jakarta.persistence-api-3.1.0.jar;C:\Users\Admin\.m2\repository\jakarta\transaction\jakarta.transaction-api\2.0.1\jakarta.transaction-api-2.0.1.jar;C:\Users\Admin\.m2\repository\org\jboss\logging\jboss-logging\3.5.3.Final\jboss-logging-3.5.3.Final.jar;C:\Users\Admin\.m2\repository\org\hibernate\common\hibernate-commons-annotations\6.0.6.Final\hibernate-commons-annotations-6.0.6.Final.jar;C:\Users\Admin\.m2\repository\io\smallrye\jandex\3.1.2\jandex-3.1.2.jar;C:\Users\Admin\.m2\repository\com\fasterxml\classmate\1.6.0\classmate-1.6.0.jar;C:\Users\Admin\.m2\repository\net\bytebuddy\byte-buddy\1.14.10\byte-buddy-1.14.10.jar;C:\Users\Admin\.m2\repository\org\glassfish\jaxb\jaxb-runtime\4.0.4\jaxb-runtime-4.0.4.jar;C:\Users\Admin\.m2\repository\org\glassfish\jaxb\jaxb-core\4.0.4\jaxb-core-4.0.4.jar;C:\Users\Admin\.m2\repository\org\eclipse\angus\angus-activation\2.0.1\angus-activation-2.0.1.jar;C:\Users\Admin\.m2\repository\org\glassfish\jaxb\txw2\4.0.4\txw2-4.0.4.jar;C:\Users\Admin\.m2\repository\com\sun\istack\istack-commons-runtime\4.1.2\istack-commons-runtime-4.1.2.jar;C:\Users\Admin\.m2\repository\jak
Launcher Type: SUN_STANDARD

[Global flags]
     intx CICompilerCount                          = 3                                         {product} {ergonomic}
     uint ConcGCThreads                            = 1                                         {product} {ergonomic}
     uint G1ConcRefinementThreads                  = 4                                         {product} {ergonomic}
   size_t G1HeapRegionSize                         = 1048576                                   {product} {ergonomic}
    uintx GCDrainStackTargetSize                   = 64                                        {product} {ergonomic}
   size_t InitialHeapSize                          = 134217728                                 {product} {ergonomic}
   size_t MarkStackSize                            = 4194304                                   {product} {ergonomic}
   size_t MaxHeapSize                              = 2122317824                                {product} {ergonomic}
   size_t MaxNewSize                               = 1272971264                                {product} {ergonomic}
   size_t MinHeapDeltaBytes                        = 1048576                                   {product} {ergonomic}
   size_t MinHeapSize                              = 8388608                                   {product} {ergonomic}
    uintx NonNMethodCodeHeapSize                   = 5832780                                {pd product} {ergonomic}
    uintx NonProfiledCodeHeapSize                  = 122912730                              {pd product} {ergonomic}
    uintx ProfiledCodeHeapSize                     = 122912730                              {pd product} {ergonomic}
    uintx ReservedCodeCacheSize                    = 251658240                              {pd product} {ergonomic}
     bool SegmentedCodeCache                       = true                                      {product} {ergonomic}
   size_t SoftMaxHeapSize                          = 2122317824                             {manageable} {ergonomic}
     bool UseCompressedClassPointers               = true                           {product lp64_product} {ergonomic}
     bool UseCompressedOops                        = true                           {product lp64_product} {ergonomic}
     bool UseG1GC                                  = true                                      {product} {ergonomic}
     bool UseLargePagesIndividualAllocation        = false                                  {pd product} {ergonomic}

Logging:
Log output configuration:
 #0: stdout all=warning uptime,level,tags
 #1: stderr all=off uptime,level,tags

Environment Variables:
PATH=C:\Program Files (x86)\Common Files\Oracle\Java\javapath;C:\Windows\system32;C:\Windows;C:\Windows\System32\Wbem;C:\Windows\System32\WindowsPowerShell\v1.0\;C:\Windows\System32\OpenSSH\;C:\Program Files\Git\cmd;C:\Users\Admin\AppData\Local\Microsoft\WindowsApps;C:\Users\Admin\AppData\Local\Programs\Microsoft VS Code\bin
USERNAME=Admin
OS=Windows_NT
PROCESSOR_IDENTIFIER=Intel64 Family 6 Model 58 Stepping 9, GenuineIntel
TMP=C:\Users\Admin\AppData\Local\Temp
TEMP=C:\Users\Admin\AppData\Local\Temp



Periodic native trim disabled


---------------  S Y S T E M  ---------------

OS:
 Windows 10 , 64 bit Build 17763 (10.0.17763.4974)
OS uptime: 0 days 0:55 hours

CPU: total 4 (initial active 4) (2 cores per cpu, 2 threads per core) family 6 model 58 stepping 9 microcode 0x21, cx8, cmov, fxsr, ht, mmx, sse, sse2, sse3, ssse3, sse4.1, sse4.2, popcnt, tsc, tscinvbit, avx, aes, erms, clmul, vzeroupper, clflush
Processor Information for all 4 processors :
  Max Mhz: 2501, Current Mhz: 2501, Mhz Limit: 2501

Memory: 4k page, system-wide physical 8094M (2534M free)
TotalPageFile size 15518M (AvailPageFile size 8845M)
current process WorkingSet (physical memory assigned to process): 34M, peak: 34M
current process commit charge ("private bytes"): 202M, peak: 202M

vm_info: OpenJDK 64-Bit Server VM (17.0.10+7-LTS) for windows-amd64 JRE (17.0.10+7-LTS), built on Jan 10 2024 22:11:07 by "Administrator" with MS VC++ 16.10 / 16.11 (VS2019)

END.
