#
# A fatal error has been detected by the Java Runtime Environment:
#
#  EXCEPTION_ACCESS_VIOLATION (0xc0000005) at pc=0x00007ff81349dde9, pid=10724, tid=1812
#
# JRE version: OpenJDK Runtime Environment Corretto-17.0.10.7.1 (17.0.10+7) (build 17.0.10+7-LTS)
# Java VM: OpenJDK 64-Bit Server VM Corretto-17.0.10.7.1 (17.0.10+7-LTS, mixed mode, sharing, tiered, compressed oops, compressed class ptrs, g1 gc, windows-amd64)
# Problematic frame:
# V  [jvm.dll+0x1bdde9]
#
# No core dump will be written. Minidumps are not enabled by default on client versions of Windows
#
# If you would like to submit a bug report, please visit:
#   https://github.com/corretto/corretto-17/issues/
#

---------------  S U M M A R Y ------------

Command Line: -javaagent:C:\Program Files\JetBrains\IntelliJ IDEA Community Edition 2023.3.4\lib\idea_rt.jar=64171:C:\Program Files\JetBrains\IntelliJ IDEA Community Edition 2023.3.4\bin -Dfile.encoding=UTF-8 com.example.demo.DemoApplication

Host: Intel(R) Core(TM) i5-3210M CPU @ 2.50GHz, 4 cores, 7G,  Windows 10 , 64 bit Build 17763 (10.0.17763.4974)
Time: Thu Apr 18 17:51:54 2024 SE Asia Standard Time elapsed time: 22.983089 seconds (0d 0h 0m 22s)

---------------  T H R E A D  ---------------

Current thread (0x0000022ffed3f990):  JavaThread "C2 CompilerThread0" daemon [_thread_in_native, id=1812, stack(0x000000e7f9700000,0x000000e7f9800000)]


Current CompileTask:
C2:  22983 7489       4       org.springframework.core.annotation.AnnotationsScanner::scan (21 bytes)

Stack: [0x000000e7f9700000,0x000000e7f9800000],  sp=0x000000e7f97fb660,  free space=1005k
Native frames: (J=compiled Java code, j=interpreted, Vv=VM code, C=native code)
V  [jvm.dll+0x1bdde9]
V  [jvm.dll+0x1bd58f]
V  [jvm.dll+0x1bd015]
V  [jvm.dll+0x21a049]
V  [jvm.dll+0x219311]
V  [jvm.dll+0x1a502d]
V  [jvm.dll+0x2290de]
V  [jvm.dll+0x2272ac]
V  [jvm.dll+0x7e9bd7]
V  [jvm.dll+0x7e3fda]
V  [jvm.dll+0x67c1b5]
C  [ucrtbase.dll+0x2268a]
C  [KERNEL32.DLL+0x17ac4]
C  [ntdll.dll+0x5a4e1]


siginfo: EXCEPTION_ACCESS_VIOLATION (0xc0000005), reading address 0x0000023003a08ce0


Registers:
RAX=0x0000000000000002, RBX=0x0000022fe651aa98, RCX=0x000000e7f97fbca0, RDX=0x0000000008000000
RSP=0x000000e7f97fb660, RBP=0x000000e7f97fb6f9, RSI=0x000000e7f97fbca0, RDI=0x0000022fe651aa60
R8 =0x0000022fe3a08ce0, R9 =0x000000000f3cfcff, R10=0x0000000000000001, R11=0x0000022fe651aa98
R12=0x000000000028f1e0, R13=0x000000e7f97fbca0, R14=0x0000000000000000, R15=0x0000022fe651aa60
RIP=0x00007ff81349dde9, EFLAGS=0x0000000000010206


Register to memory mapping:

RIP=0x00007ff81349dde9 jvm.dll
RAX=0x0000000000000002 is an unknown value
RBX=0x0000022fe651aa98 points into unknown readable memory: 0x000000000f3cfcff | ff fc 3c 0f 00 00 00 00
RCX=0x000000e7f97fbca0 is pointing into the stack for thread: 0x0000022ffed3f990
RDX=0x0000000008000000 is an unknown value
RSP=0x000000e7f97fb660 is pointing into the stack for thread: 0x0000022ffed3f990
RBP=0x000000e7f97fb6f9 is pointing into the stack for thread: 0x0000022ffed3f990
RSI=0x000000e7f97fbca0 is pointing into the stack for thread: 0x0000022ffed3f990
RDI=0x0000022fe651aa60 points into unknown readable memory: 0x3fa6605ef617df98 | 98 df 17 f6 5e 60 a6 3f
R8 =0x0000022fe3a08ce0 points into unknown readable memory: 0x0000000100000000 | 00 00 00 00 01 00 00 00
R9 =0x000000000f3cfcff is an unknown value
R10=0x0000000000000001 is an unknown value
R11=0x0000022fe651aa98 points into unknown readable memory: 0x000000000f3cfcff | ff fc 3c 0f 00 00 00 00
R12=0x000000000028f1e0 is an unknown value
R13=0x000000e7f97fbca0 is pointing into the stack for thread: 0x0000022ffed3f990
R14=0x0 is NULL
R15=0x0000022fe651aa60 points into unknown readable memory: 0x3fa6605ef617df98 | 98 df 17 f6 5e 60 a6 3f


Top of Stack: (sp=0x000000e7f97fb660)
0x000000e7f97fb660:   0000022fe64e89a8 0000022fe62b15c0
0x000000e7f97fb670:   0000000000000000 0000000100003e2f
0x000000e7f97fb680:   0000000000000000 0000000000000000
0x000000e7f97fb690:   0000000000000000 0000000000000000
0x000000e7f97fb6a0:   0000000000000000 0000000000000000
0x000000e7f97fb6b0:   0000000000004178 00007ff81364b964
0x000000e7f97fb6c0:   0000000000000000 0000000000000000
0x000000e7f97fb6d0:   0000000000000000 0000000000000000
0x000000e7f97fb6e0:   0000022fe1e6f710 00007ff813646ce7
0x000000e7f97fb6f0:   0000000000000000 0000000000004183
0x000000e7f97fb700:   0000000000000000 0000000000000000
0x000000e7f97fb710:   0000000000000000 00000003000025be
0x000000e7f97fb720:   0000003e00000026 0000022fe4120e40
0x000000e7f97fb730:   0000022fe3f88258 0000022fe1f85230
0x000000e7f97fb740:   0000000000000000 0000000000000003
0x000000e7f97fb750:   0000000000000000 00007ff81349d58f
0x000000e7f97fb760:   0000022fe651aa98 0000000000000003
0x000000e7f97fb770:   0000000000000000 00007ff813c10e58
0x000000e7f97fb780:   0000000000000000 00000003000025be
0x000000e7f97fb790:   0000003e00000026 0000022fe4120e40
0x000000e7f97fb7a0:   0000022fe3f88258 0000022fe1f85230
0x000000e7f97fb7b0:   0000000000000000 0000000000000000
0x000000e7f97fb7c0:   0000000000000000 0000000000000000
0x000000e7f97fb7d0:   0000000000000000 00007ff813c10e68
0x000000e7f97fb7e0:   0000000000000000 0000000000000000
0x000000e7f97fb7f0:   0000000000000000 00007ff813c10e68
0x000000e7f97fb800:   0000000000000000 0000000000000000
0x000000e7f97fb810:   0000022fdf050d90 00000000000003d8
0x000000e7f97fb820:   0000022fdf050da0 0000000000000000
0x000000e7f97fb830:   0000022fdf051178 000000e7f97fb950
0x000000e7f97fb840:   000000e7f97fbca0 00007ff81349d015
0x000000e7f97fb850:   0000022f00007530 0000000000000000 

Instructions: (pc=0x00007ff81349dde9)
0x00007ff81349dce9:   1f 84 00 00 00 00 00 49 8b 82 f0 00 00 00 49 63
0x00007ff81349dcf9:   c9 44 8b 0c 88 44 89 04 88 45 3b c8 75 e9 48 63
0x00007ff81349dd09:   4a 28 45 8b c1 49 8b 82 08 01 00 00 44 89 0c 88
0x00007ff81349dd19:   49 8b 8a 08 01 00 00 4d 8b 9a f0 00 00 00 48 63
0x00007ff81349dd29:   43 28 4c 63 0c 81 4b 63 04 8b 41 3b c1 75 0a 45
0x00007ff81349dd39:   89 04 83 48 8b 5c 24 08 c3 8b d0 48 63 c8 41 8b
0x00007ff81349dd49:   04 8b 3b c2 75 f3 44 3b c8 74 22 0f 1f 40 00 0f
0x00007ff81349dd59:   1f 84 00 00 00 00 00 49 8b 8a f0 00 00 00 49 63
0x00007ff81349dd69:   d1 44 8b 0c 91 89 04 91 44 3b c8 75 ea 48 63 4b
0x00007ff81349dd79:   28 49 8b 82 08 01 00 00 48 8b 5c 24 08 44 89 0c
0x00007ff81349dd89:   88 49 8b 82 f0 00 00 00 49 63 c9 44 89 04 88 c3
0x00007ff81349dd99:   cc cc cc cc cc cc cc 48 8b 81 08 01 00 00 48 81
0x00007ff81349dda9:   c1 e0 00 00 00 4d 63 40 28 8b 52 28 46 8b 04 80
0x00007ff81349ddb9:   e9 b2 0b 00 00 cc cc 48 89 74 24 18 55 57 41 56
0x00007ff81349ddc9:   48 8d 6c 24 b9 48 81 ec e0 00 00 00 45 8b f0 48
0x00007ff81349ddd9:   8b fa 48 63 52 20 48 8b f1 4c 8b 81 f0 00 00 00
0x00007ff81349dde9:   45 8b 0c 90 44 3b ca 74 47 0f 1f 40 00 66 66 0f
0x00007ff81349ddf9:   1f 84 00 00 00 00 00 41 8b c9 49 63 c1 45 8b 0c
0x00007ff81349de09:   80 44 3b c9 75 f1 41 3b d1 74 22 0f 1f 40 00 0f
0x00007ff81349de19:   1f 84 00 00 00 00 00 48 8b 86 f0 00 00 00 48 63
0x00007ff81349de29:   ca 8b 14 88 44 89 0c 88 41 3b d1 75 ea 44 8b ca
0x00007ff81349de39:   48 89 9c 24 00 01 00 00 4c 89 bc 24 08 01 00 00
0x00007ff81349de49:   45 85 c9 0f 84 11 01 00 00 41 8b c1 4c 8d 0c 80
0x00007ff81349de59:   48 8b 46 70 49 c1 e1 05 4c 03 48 10 41 83 39 00
0x00007ff81349de69:   0f 84 f4 00 00 00 45 33 c0 41 bb 04 00 00 00 4c
0x00007ff81349de79:   89 45 87 41 8b d8 89 5d 97 45 8b d0 44 89 45 8f
0x00007ff81349de89:   44 89 5d 93 45 8b 79 04 44 89 7d 9b 4c 89 45 9f
0x00007ff81349de99:   49 8b 41 08 48 89 45 a7 4c 89 4d af 4d 85 c0 74
0x00007ff81349dea9:   1c 49 0f bc c0 8b c8 49 d3 e8 49 ff c8 44 03 d0
0x00007ff81349deb9:   4c 89 45 87 44 89 55 8f 41 8b c2 eb 2b 41 83 fb
0x00007ff81349dec9:   04 72 09 41 3b df 0f 83 8e 00 00 00 48 8d 4d 87
0x00007ff81349ded9:   e8 b2 d8 1a 00 44 8b 5d 93 44 8b 55 8f 4c 8b 45 


Stack slot to memory mapping:
stack at sp + 0 slots: 0x0000022fe64e89a8 points into unknown readable memory: 0x0000000000c00000 | 00 00 c0 00 00 00 00 00
stack at sp + 1 slots: 0x0000022fe62b15c0 points into unknown readable memory: 0x3e3a11c4ee05a26e | 6e a2 05 ee c4 11 3a 3e
stack at sp + 2 slots: 0x0 is NULL
stack at sp + 3 slots: 0x0000000100003e2f is an unknown value
stack at sp + 4 slots: 0x0 is NULL
stack at sp + 5 slots: 0x0 is NULL
stack at sp + 6 slots: 0x0 is NULL
stack at sp + 7 slots: 0x0 is NULL


---------------  P R O C E S S  ---------------

Threads class SMR info:
_java_thread_list=0x0000022fdfb85fd0, length=21, elements={
0x0000022ff9c764c0, 0x0000022ffed182a0, 0x0000022ffed19030, 0x0000022ffed2fc40,
0x0000022ffed31620, 0x0000022ffed34bc0, 0x0000022ffed39550, 0x0000022ffed3f990,
0x0000022ffed40f10, 0x0000022ffed58420, 0x0000022ffed03b30, 0x0000022f98dd1990,
0x0000022f98d98500, 0x0000022fde35c010, 0x0000022fdedbc000, 0x0000022fe09ea7c0,
0x0000022fdfbf33d0, 0x0000022fdfbf29b0, 0x0000022fdfbf3df0, 0x0000022fdfbf1a80,
0x0000022f98f69540
}

Java Threads: ( => current thread )
  0x0000022ff9c764c0 JavaThread "main" [_thread_blocked, id=9224, stack(0x000000e7f8a00000,0x000000e7f8b00000)]
  0x0000022ffed182a0 JavaThread "Reference Handler" daemon [_thread_blocked, id=9524, stack(0x000000e7f9100000,0x000000e7f9200000)]
  0x0000022ffed19030 JavaThread "Finalizer" daemon [_thread_blocked, id=12008, stack(0x000000e7f9200000,0x000000e7f9300000)]
  0x0000022ffed2fc40 JavaThread "Signal Dispatcher" daemon [_thread_blocked, id=7560, stack(0x000000e7f9300000,0x000000e7f9400000)]
  0x0000022ffed31620 JavaThread "Attach Listener" daemon [_thread_blocked, id=8184, stack(0x000000e7f9400000,0x000000e7f9500000)]
  0x0000022ffed34bc0 JavaThread "Service Thread" daemon [_thread_blocked, id=5488, stack(0x000000e7f9500000,0x000000e7f9600000)]
  0x0000022ffed39550 JavaThread "Monitor Deflation Thread" daemon [_thread_blocked, id=6716, stack(0x000000e7f9600000,0x000000e7f9700000)]
=>0x0000022ffed3f990 JavaThread "C2 CompilerThread0" daemon [_thread_in_native, id=1812, stack(0x000000e7f9700000,0x000000e7f9800000)]
  0x0000022ffed40f10 JavaThread "C1 CompilerThread0" daemon [_thread_in_native, id=11868, stack(0x000000e7f9800000,0x000000e7f9900000)]
  0x0000022ffed58420 JavaThread "Sweeper thread" daemon [_thread_blocked, id=10404, stack(0x000000e7f9900000,0x000000e7f9a00000)]
  0x0000022ffed03b30 JavaThread "Common-Cleaner" daemon [_thread_blocked, id=1036, stack(0x000000e7f9a00000,0x000000e7f9b00000)]
  0x0000022f98dd1990 JavaThread "Monitor Ctrl-Break" daemon [_thread_in_native, id=11620, stack(0x000000e7f9b00000,0x000000e7f9c00000)]
  0x0000022f98d98500 JavaThread "Notification Thread" daemon [_thread_blocked, id=9916, stack(0x000000e7f9c00000,0x000000e7f9d00000)]
  0x0000022fde35c010 JavaThread "Thread-0" [_thread_blocked, id=10868, stack(0x000000e7fa200000,0x000000e7fa300000)]
  0x0000022fdedbc000 JavaThread "restartedMain" [_thread_in_Java, id=4672, stack(0x000000e7fa300000,0x000000e7fa400000)]
  0x0000022fe09ea7c0 JavaThread "Catalina-utility-1" [_thread_blocked, id=8764, stack(0x000000e7fa400000,0x000000e7fa500000)]
  0x0000022fdfbf33d0 JavaThread "Catalina-utility-2" [_thread_blocked, id=4952, stack(0x000000e7fa500000,0x000000e7fa600000)]
  0x0000022fdfbf29b0 JavaThread "container-0" [_thread_blocked, id=9896, stack(0x000000e7fa600000,0x000000e7fa700000)]
  0x0000022fdfbf3df0 JavaThread "mysql-cj-abandoned-connection-cleanup" daemon [_thread_blocked, id=8300, stack(0x000000e7fa700000,0x000000e7fa800000)]
  0x0000022fdfbf1a80 JavaThread "HikariPool-1 housekeeper" daemon [_thread_blocked, id=12124, stack(0x000000e7fa900000,0x000000e7faa00000)]
  0x0000022f98f69540 JavaThread "C2 CompilerThread1" daemon [_thread_in_native, id=1424, stack(0x000000e7fa800000,0x000000e7fa900000)]

Other Threads:
  0x0000022ffed11f00 VMThread "VM Thread" [stack: 0x000000e7f9000000,0x000000e7f9100000] [id=7708]
  0x0000022f98dd1e70 WatcherThread [stack: 0x000000e7f9d00000,0x000000e7f9e00000] [id=11524]
  0x0000022ff9ccff30 GCTaskThread "GC Thread#0" [stack: 0x000000e7f8b00000,0x000000e7f8c00000] [id=10944]
  0x0000022fdeb95eb0 GCTaskThread "GC Thread#1" [stack: 0x000000e7f9f00000,0x000000e7fa000000] [id=10448]
  0x0000022fdeb96170 GCTaskThread "GC Thread#2" [stack: 0x000000e7fa000000,0x000000e7fa100000] [id=10748]
  0x0000022fde3388a0 GCTaskThread "GC Thread#3" [stack: 0x000000e7fa100000,0x000000e7fa200000] [id=11876]
  0x0000022ff9ce3ab0 ConcurrentGCThread "G1 Main Marker" [stack: 0x000000e7f8c00000,0x000000e7f8d00000] [id=11988]
  0x0000022ff9ce43e0 ConcurrentGCThread "G1 Conc#0" [stack: 0x000000e7f8d00000,0x000000e7f8e00000] [id=2836]
  0x0000022ff9d1ec50 ConcurrentGCThread "G1 Refine#0" [stack: 0x000000e7f8e00000,0x000000e7f8f00000] [id=9648]
  0x0000022ffebcc860 ConcurrentGCThread "G1 Service" [stack: 0x000000e7f8f00000,0x000000e7f9000000] [id=11588]

Threads with active compile tasks:
C2 CompilerThread0    23065 7489       4       org.springframework.core.annotation.AnnotationsScanner::scan (21 bytes)
C1 CompilerThread0    23065 7813   !   2       org.springframework.beans.factory.support.AbstractAutowireCapableBeanFactory::createBean (214 bytes)
C2 CompilerThread1    23065 7660   !   4       org.springframework.core.annotation.AnnotationsScanner::processMethodHierarchy (276 bytes)

VM state: not at safepoint (normal execution)

VM Mutex/Monitor currently owned by a thread: None

Heap address: 0x0000000081800000, size: 2024 MB, Compressed Oops mode: 32-bit

CDS archive(s) mapped at: [0x0000022f99000000-0x0000022f99bb0000-0x0000022f99bb0000), size 12255232, SharedBaseAddress: 0x0000022f99000000, ArchiveRelocationMode: 1.
Compressed class space mapped at: 0x0000022f9a000000-0x0000022fda000000, reserved size: 1073741824
Narrow klass base: 0x0000022f99000000, Narrow klass shift: 0, Narrow klass range: 0x100000000

GC Precious Log:
 CPUs: 4 total, 4 available
 Memory: 8094M
 Large Page Support: Disabled
 NUMA Support: Disabled
 Compressed Oops: Enabled (32-bit)
 Heap Region Size: 1M
 Heap Min Capacity: 8M
 Heap Initial Capacity: 128M
 Heap Max Capacity: 2024M
 Pre-touch: Disabled
 Parallel Workers: 4
 Concurrent Workers: 1
 Concurrent Refinement Workers: 4
 Periodic GC: Disabled

Heap:
 garbage-first heap   total 70656K, used 44763K [0x0000000081800000, 0x0000000100000000)
  region size 1024K, 13 young (13312K), 4 survivors (4096K)
 Metaspace       used 70811K, committed 71424K, reserved 1114112K
  class space    used 9890K, committed 10176K, reserved 1048576K

Heap Regions: E=young(eden), S=young(survivor), O=old, HS=humongous(starts), HC=humongous(continues), CS=collection set, F=free, OA=open archive, CA=closed archive, TAMS=top-at-mark-start (previous, next)
|   0|0x0000000081800000, 0x0000000081900000, 0x0000000081900000|100%|HS|  |TAMS 0x0000000081900000, 0x0000000081800000| Complete 
|   1|0x0000000081900000, 0x0000000081a00000, 0x0000000081a00000|100%| O|  |TAMS 0x0000000081a00000, 0x0000000081900000| Untracked 
|   2|0x0000000081a00000, 0x0000000081b00000, 0x0000000081b00000|100%| O|  |TAMS 0x0000000081b00000, 0x0000000081a00000| Untracked 
|   3|0x0000000081b00000, 0x0000000081c00000, 0x0000000081c00000|100%| O|  |TAMS 0x0000000081c00000, 0x0000000081b00000| Untracked 
|   4|0x0000000081c00000, 0x0000000081d00000, 0x0000000081d00000|100%| O|  |TAMS 0x0000000081d00000, 0x0000000081c00000| Untracked 
|   5|0x0000000081d00000, 0x0000000081e00000, 0x0000000081e00000|100%| O|  |TAMS 0x0000000081e00000, 0x0000000081d00000| Untracked 
|   6|0x0000000081e00000, 0x0000000081f00000, 0x0000000081f00000|100%| O|  |TAMS 0x0000000081f00000, 0x0000000081e00000| Untracked 
|   7|0x0000000081f00000, 0x0000000082000000, 0x0000000082000000|100%| O|  |TAMS 0x0000000082000000, 0x0000000081f00000| Untracked 
|   8|0x0000000082000000, 0x0000000082100000, 0x0000000082100000|100%| O|  |TAMS 0x0000000082100000, 0x0000000082000000| Untracked 
|   9|0x0000000082100000, 0x0000000082200000, 0x0000000082200000|100%| O|  |TAMS 0x0000000082200000, 0x0000000082100000| Untracked 
|  10|0x0000000082200000, 0x0000000082300000, 0x0000000082300000|100%| O|  |TAMS 0x0000000082300000, 0x0000000082200000| Untracked 
|  11|0x0000000082300000, 0x0000000082400000, 0x0000000082400000|100%| O|  |TAMS 0x0000000082400000, 0x0000000082300000| Untracked 
|  12|0x0000000082400000, 0x0000000082500000, 0x0000000082500000|100%| O|  |TAMS 0x0000000082500000, 0x0000000082400000| Untracked 
|  13|0x0000000082500000, 0x0000000082600000, 0x0000000082600000|100%| O|  |TAMS 0x0000000082600000, 0x0000000082500000| Untracked 
|  14|0x0000000082600000, 0x0000000082700000, 0x0000000082700000|100%| O|  |TAMS 0x0000000082700000, 0x0000000082600000| Untracked 
|  15|0x0000000082700000, 0x0000000082800000, 0x0000000082800000|100%| O|  |TAMS 0x0000000082800000, 0x0000000082700000| Untracked 
|  16|0x0000000082800000, 0x0000000082900000, 0x0000000082900000|100%| O|  |TAMS 0x0000000082900000, 0x0000000082800000| Untracked 
|  17|0x0000000082900000, 0x0000000082a00000, 0x0000000082a00000|100%| O|  |TAMS 0x0000000082a00000, 0x0000000082900000| Untracked 
|  18|0x0000000082a00000, 0x0000000082b00000, 0x0000000082b00000|100%| O|  |TAMS 0x0000000082b00000, 0x0000000082a00000| Untracked 
|  19|0x0000000082b00000, 0x0000000082c00000, 0x0000000082c00000|100%| O|  |TAMS 0x0000000082c00000, 0x0000000082b00000| Untracked 
|  20|0x0000000082c00000, 0x0000000082d00000, 0x0000000082d00000|100%| O|  |TAMS 0x0000000082d00000, 0x0000000082c00000| Untracked 
|  21|0x0000000082d00000, 0x0000000082e00000, 0x0000000082e00000|100%| O|  |TAMS 0x0000000082e00000, 0x0000000082d00000| Untracked 
|  22|0x0000000082e00000, 0x0000000082f00000, 0x0000000082f00000|100%| O|  |TAMS 0x0000000082f00000, 0x0000000082e00000| Untracked 
|  23|0x0000000082f00000, 0x0000000083000000, 0x0000000083000000|100%| O|  |TAMS 0x0000000083000000, 0x0000000082f00000| Untracked 
|  24|0x0000000083000000, 0x0000000083100000, 0x0000000083100000|100%| O|  |TAMS 0x0000000083100000, 0x0000000083000000| Untracked 
|  25|0x0000000083100000, 0x0000000083200000, 0x0000000083200000|100%| O|  |TAMS 0x0000000083200000, 0x0000000083100000| Untracked 
|  26|0x0000000083200000, 0x0000000083300000, 0x0000000083300000|100%| O|  |TAMS 0x0000000083300000, 0x0000000083200000| Untracked 
|  27|0x0000000083300000, 0x0000000083400000, 0x0000000083400000|100%| O|  |TAMS 0x0000000083400000, 0x0000000083300000| Untracked 
|  28|0x0000000083400000, 0x0000000083500000, 0x0000000083500000|100%| O|  |TAMS 0x0000000083500000, 0x0000000083400000| Untracked 
|  29|0x0000000083500000, 0x0000000083600000, 0x0000000083600000|100%| O|  |TAMS 0x0000000083600000, 0x0000000083500000| Untracked 
|  30|0x0000000083600000, 0x0000000083700000, 0x0000000083700000|100%| O|  |TAMS 0x0000000083700000, 0x0000000083600000| Untracked 
|  31|0x0000000083700000, 0x00000000837ef200, 0x0000000083800000| 93%| O|  |TAMS 0x00000000837ef200, 0x0000000083700000| Untracked 
|  32|0x0000000083800000, 0x0000000083800000, 0x0000000083900000|  0%| F|  |TAMS 0x0000000083800000, 0x0000000083800000| Untracked 
|  33|0x0000000083900000, 0x0000000083900000, 0x0000000083a00000|  0%| F|  |TAMS 0x0000000083900000, 0x0000000083900000| Untracked 
|  34|0x0000000083a00000, 0x0000000083a00000, 0x0000000083b00000|  0%| F|  |TAMS 0x0000000083a00000, 0x0000000083a00000| Untracked 
|  35|0x0000000083b00000, 0x0000000083b00000, 0x0000000083c00000|  0%| F|  |TAMS 0x0000000083b00000, 0x0000000083b00000| Untracked 
|  36|0x0000000083c00000, 0x0000000083c00000, 0x0000000083d00000|  0%| F|  |TAMS 0x0000000083c00000, 0x0000000083c00000| Untracked 
|  37|0x0000000083d00000, 0x0000000083d00000, 0x0000000083e00000|  0%| F|  |TAMS 0x0000000083d00000, 0x0000000083d00000| Untracked 
|  38|0x0000000083e00000, 0x0000000083e00000, 0x0000000083f00000|  0%| F|  |TAMS 0x0000000083e00000, 0x0000000083e00000| Untracked 
|  39|0x0000000083f00000, 0x0000000083f00000, 0x0000000084000000|  0%| F|  |TAMS 0x0000000083f00000, 0x0000000083f00000| Untracked 
|  40|0x0000000084000000, 0x00000000840c7bf0, 0x0000000084100000| 78%| S|CS|TAMS 0x0000000084000000, 0x0000000084000000| Complete 
|  41|0x0000000084100000, 0x0000000084200000, 0x0000000084200000|100%| S|CS|TAMS 0x0000000084100000, 0x0000000084100000| Complete 
|  42|0x0000000084200000, 0x0000000084300000, 0x0000000084300000|100%| S|CS|TAMS 0x0000000084200000, 0x0000000084200000| Complete 
|  43|0x0000000084300000, 0x0000000084400000, 0x0000000084400000|100%| S|CS|TAMS 0x0000000084300000, 0x0000000084300000| Complete 
|  44|0x0000000084400000, 0x0000000084400000, 0x0000000084500000|  0%| F|  |TAMS 0x0000000084400000, 0x0000000084400000| Untracked 
|  45|0x0000000084500000, 0x0000000084500000, 0x0000000084600000|  0%| F|  |TAMS 0x0000000084500000, 0x0000000084500000| Untracked 
|  46|0x0000000084600000, 0x0000000084600000, 0x0000000084700000|  0%| F|  |TAMS 0x0000000084600000, 0x0000000084600000| Untracked 
|  47|0x0000000084700000, 0x0000000084700000, 0x0000000084800000|  0%| F|  |TAMS 0x0000000084700000, 0x0000000084700000| Untracked 
|  48|0x0000000084800000, 0x0000000084800000, 0x0000000084900000|  0%| F|  |TAMS 0x0000000084800000, 0x0000000084800000| Untracked 
|  49|0x0000000084900000, 0x0000000084900000, 0x0000000084a00000|  0%| F|  |TAMS 0x0000000084900000, 0x0000000084900000| Untracked 
|  50|0x0000000084a00000, 0x0000000084a00000, 0x0000000084b00000|  0%| F|  |TAMS 0x0000000084a00000, 0x0000000084a00000| Untracked 
|  51|0x0000000084b00000, 0x0000000084b00000, 0x0000000084c00000|  0%| F|  |TAMS 0x0000000084b00000, 0x0000000084b00000| Untracked 
|  52|0x0000000084c00000, 0x0000000084c00000, 0x0000000084d00000|  0%| F|  |TAMS 0x0000000084c00000, 0x0000000084c00000| Untracked 
|  53|0x0000000084d00000, 0x0000000084d00000, 0x0000000084e00000|  0%| F|  |TAMS 0x0000000084d00000, 0x0000000084d00000| Untracked 
|  54|0x0000000084e00000, 0x0000000084e00000, 0x0000000084f00000|  0%| F|  |TAMS 0x0000000084e00000, 0x0000000084e00000| Untracked 
|  55|0x0000000084f00000, 0x0000000084f00000, 0x0000000085000000|  0%| F|  |TAMS 0x0000000084f00000, 0x0000000084f00000| Untracked 
|  56|0x0000000085000000, 0x0000000085000000, 0x0000000085100000|  0%| F|  |TAMS 0x0000000085000000, 0x0000000085000000| Untracked 
|  57|0x0000000085100000, 0x0000000085100000, 0x0000000085200000|  0%| F|  |TAMS 0x0000000085100000, 0x0000000085100000| Untracked 
|  58|0x0000000085200000, 0x0000000085200000, 0x0000000085300000|  0%| F|  |TAMS 0x0000000085200000, 0x0000000085200000| Untracked 
|  59|0x0000000085300000, 0x0000000085300000, 0x0000000085400000|  0%| F|  |TAMS 0x0000000085300000, 0x0000000085300000| Untracked 
|  68|0x0000000085c00000, 0x0000000085cd5db0, 0x0000000085d00000| 83%| E|  |TAMS 0x0000000085c00000, 0x0000000085c00000| Complete 
|  69|0x0000000085d00000, 0x0000000085e00000, 0x0000000085e00000|100%| E|CS|TAMS 0x0000000085d00000, 0x0000000085d00000| Complete 
|  70|0x0000000085e00000, 0x0000000085f00000, 0x0000000085f00000|100%| E|CS|TAMS 0x0000000085e00000, 0x0000000085e00000| Complete 
|  71|0x0000000085f00000, 0x0000000086000000, 0x0000000086000000|100%| E|CS|TAMS 0x0000000085f00000, 0x0000000085f00000| Complete 
|  72|0x0000000086000000, 0x0000000086100000, 0x0000000086100000|100%| E|CS|TAMS 0x0000000086000000, 0x0000000086000000| Complete 
|  73|0x0000000086100000, 0x0000000086200000, 0x0000000086200000|100%| E|CS|TAMS 0x0000000086100000, 0x0000000086100000| Complete 
|  74|0x0000000086200000, 0x0000000086300000, 0x0000000086300000|100%| E|CS|TAMS 0x0000000086200000, 0x0000000086200000| Complete 
|  75|0x0000000086300000, 0x0000000086400000, 0x0000000086400000|100%| E|CS|TAMS 0x0000000086300000, 0x0000000086300000| Complete 
| 127|0x0000000089700000, 0x0000000089800000, 0x0000000089800000|100%| E|CS|TAMS 0x0000000089700000, 0x0000000089700000| Complete 

Card table byte_map: [0x0000022ffa120000,0x0000022ffa520000] _byte_map_base: 0x0000022ff9d14000

Marking Bits (Prev, Next): (CMBitMap*) 0x0000022ff9cd1470, (CMBitMap*) 0x0000022ff9cd14b0
 Prev Bits: [0x0000022ffa920000, 0x0000022ffc8c0000)
 Next Bits: [0x0000022ffc8c0000, 0x0000022ffe860000)

Polling page: 0x0000022ff9420000

Metaspace:

Usage:
  Non-class:     59.49 MB used.
      Class:      9.66 MB used.
       Both:     69.15 MB used.

Virtual space:
  Non-class space:       64.00 MB reserved,      59.81 MB ( 93%) committed,  1 nodes.
      Class space:        1.00 GB reserved,       9.94 MB ( <1%) committed,  1 nodes.
             Both:        1.06 GB reserved,      69.75 MB (  6%) committed. 

Chunk freelists:
   Non-Class:  3.70 MB
       Class:  6.05 MB
        Both:  9.75 MB

MaxMetaspaceSize: unlimited
CompressedClassSpaceSize: 1.00 GB
Initial GC threshold: 21.00 MB
Current GC threshold: 115.44 MB
CDS: on
MetaspaceReclaimPolicy: balanced
 - commit_granule_bytes: 65536.
 - commit_granule_words: 8192.
 - virtual_space_node_default_size: 8388608.
 - enlarge_chunks_in_place: 1.
 - new_chunks_are_fully_committed: 0.
 - uncommit_free_chunks: 1.
 - use_allocation_guard: 0.
 - handle_deallocations: 1.


Internal statistics:

num_allocs_failed_limit: 9.
num_arena_births: 782.
num_arena_deaths: 0.
num_vsnodes_births: 2.
num_vsnodes_deaths: 0.
num_space_committed: 1116.
num_space_uncommitted: 0.
num_chunks_returned_to_freelist: 9.
num_chunks_taken_from_freelist: 3458.
num_chunk_merges: 9.
num_chunk_splits: 2502.
num_chunks_enlarged: 1941.
num_inconsistent_stats: 0.

CodeHeap 'non-profiled nmethods': size=120000Kb used=4805Kb max_used=4805Kb free=115194Kb
 bounds [0x0000022f8f530000, 0x0000022f8f9f0000, 0x0000022f96a60000]
CodeHeap 'profiled nmethods': size=120000Kb used=13786Kb max_used=13786Kb free=106213Kb
 bounds [0x0000022f87a60000, 0x0000022f887e0000, 0x0000022f8ef90000]
CodeHeap 'non-nmethods': size=5760Kb used=1332Kb max_used=1410Kb free=4427Kb
 bounds [0x0000022f8ef90000, 0x0000022f8f200000, 0x0000022f8f530000]
 total_blobs=7685 nmethods=7019 adapters=577
 compilation: enabled
              stopped_count=0, restarted_count=0
 full_count=0

Compilation events (20 events):
Event: 22.957 Thread 0x0000022ffed40f10 7770       2       java.util.stream.SpinedBuffer::copyInto (129 bytes)
Event: 22.957 Thread 0x0000022ffed40f10 nmethod 7770 0x0000022f887b9090 code [0x0000022f887b92a0, 0x0000022f887b9ab8]
Event: 22.957 Thread 0x0000022ffed40f10 7773       2       org.springframework.core.MethodParameter::getGenericParameterType (147 bytes)
Event: 22.960 Thread 0x0000022ffed40f10 nmethod 7773 0x0000022f887b9d90 code [0x0000022f887b9fe0, 0x0000022f887ba968]
Event: 22.960 Thread 0x0000022ffed40f10 7774       2       org.springframework.core.ResolvableType::forMethodParameter (40 bytes)
Event: 22.960 Thread 0x0000022ffed40f10 nmethod 7774 0x0000022f887bad90 code [0x0000022f887baf80, 0x0000022f887bb328]
Event: 22.960 Thread 0x0000022ffed40f10 7775       2       org.springframework.core.SerializableTypeWrapper::unwrap (36 bytes)
Event: 22.961 Thread 0x0000022ffed40f10 nmethod 7775 0x0000022f887bb590 code [0x0000022f887bb740, 0x0000022f887bb958]
Event: 22.961 Thread 0x0000022ffed40f10 7772       3       org.springframework.core.SerializableTypeWrapper$MethodParameterTypeProvider::<init> (59 bytes)
Event: 22.961 Thread 0x0000022ffed40f10 nmethod 7772 0x0000022f887bba10 code [0x0000022f887bbc20, 0x0000022f887bc4d8]
Event: 22.961 Thread 0x0000022ffed40f10 7771       2       java.util.List::of (64 bytes)
Event: 22.962 Thread 0x0000022ffed40f10 nmethod 7771 0x0000022f887bc710 code [0x0000022f887bc920, 0x0000022f887bcfd8]
Event: 22.962 Thread 0x0000022ffed40f10 7776       2       org.springframework.beans.factory.annotation.InitDestroyAnnotationBeanPostProcessor::postProcessAfterInitialization (2 bytes)
Event: 22.962 Thread 0x0000022ffed40f10 nmethod 7776 0x0000022f887bd210 code [0x0000022f887bd3a0, 0x0000022f887bd4b8]
Event: 22.965 Thread 0x0000022ffed40f10 7777   !   2       org.springframework.beans.factory.support.DefaultSingletonBeanRegistry::addSingleton (65 bytes)
Event: 22.965 Thread 0x0000022ffed40f10 nmethod 7777 0x0000022f887bd590 code [0x0000022f887bd760, 0x0000022f887bd9f8]
Event: 22.965 Thread 0x0000022ffed40f10 7778       2       org.springframework.core.ResolvableType::hashCode (22 bytes)
Event: 22.965 Thread 0x0000022ffed40f10 nmethod 7778 0x0000022f887bdc10 code [0x0000022f887bdda0, 0x0000022f887bdee8]
Event: 22.965 Thread 0x0000022ffed40f10 7779       2       org.springframework.beans.factory.support.DefaultSingletonBeanRegistry::beforeSingletonCreation (36 bytes)
Event: 22.966 Thread 0x0000022ffed40f10 nmethod 7779 0x0000022f887bdf90 code [0x0000022f887be140, 0x0000022f887be348]

GC Heap History (20 events):
Event: 17.009 GC heap before
{Heap before GC invocations=18 (full 0):
 garbage-first heap   total 55296K, used 44041K [0x0000000081800000, 0x0000000100000000)
  region size 1024K, 20 young (20480K), 3 survivors (3072K)
 Metaspace       used 60685K, committed 61184K, reserved 1114112K
  class space    used 8218K, committed 8448K, reserved 1048576K
}
Event: 17.017 GC heap after
{Heap after GC invocations=19 (full 0):
 garbage-first heap   total 55296K, used 28310K [0x0000000081800000, 0x0000000100000000)
  region size 1024K, 3 young (3072K), 3 survivors (3072K)
 Metaspace       used 60685K, committed 61184K, reserved 1114112K
  class space    used 8218K, committed 8448K, reserved 1048576K
}
Event: 17.419 GC heap before
{Heap before GC invocations=19 (full 0):
 garbage-first heap   total 55296K, used 44694K [0x0000000081800000, 0x0000000100000000)
  region size 1024K, 19 young (19456K), 3 survivors (3072K)
 Metaspace       used 62565K, committed 63104K, reserved 1114112K
  class space    used 8509K, committed 8768K, reserved 1048576K
}
Event: 17.427 GC heap after
{Heap after GC invocations=20 (full 0):
 garbage-first heap   total 55296K, used 29485K [0x0000000081800000, 0x0000000100000000)
  region size 1024K, 2 young (2048K), 2 survivors (2048K)
 Metaspace       used 62565K, committed 63104K, reserved 1114112K
  class space    used 8509K, committed 8768K, reserved 1048576K
}
Event: 18.016 GC heap before
{Heap before GC invocations=21 (full 0):
 garbage-first heap   total 55296K, used 43821K [0x0000000081800000, 0x0000000100000000)
  region size 1024K, 16 young (16384K), 2 survivors (2048K)
 Metaspace       used 63807K, committed 64384K, reserved 1114112K
  class space    used 8827K, committed 9088K, reserved 1048576K
}
Event: 18.020 GC heap after
{Heap after GC invocations=22 (full 0):
 garbage-first heap   total 55296K, used 30219K [0x0000000081800000, 0x0000000100000000)
  region size 1024K, 2 young (2048K), 2 survivors (2048K)
 Metaspace       used 63807K, committed 64384K, reserved 1114112K
  class space    used 8827K, committed 9088K, reserved 1048576K
}
Event: 18.327 GC heap before
{Heap before GC invocations=22 (full 0):
 garbage-first heap   total 55296K, used 43531K [0x0000000081800000, 0x0000000100000000)
  region size 1024K, 16 young (16384K), 2 survivors (2048K)
 Metaspace       used 65353K, committed 65984K, reserved 1114112K
  class space    used 9164K, committed 9472K, reserved 1048576K
}
Event: 18.333 GC heap after
{Heap after GC invocations=23 (full 0):
 garbage-first heap   total 55296K, used 31252K [0x0000000081800000, 0x0000000100000000)
  region size 1024K, 2 young (2048K), 2 survivors (2048K)
 Metaspace       used 65353K, committed 65984K, reserved 1114112K
  class space    used 9164K, committed 9472K, reserved 1048576K
}
Event: 18.819 GC heap before
{Heap before GC invocations=24 (full 0):
 garbage-first heap   total 61440K, used 43540K [0x0000000081800000, 0x0000000100000000)
  region size 1024K, 15 young (15360K), 2 survivors (2048K)
 Metaspace       used 66621K, committed 67200K, reserved 1114112K
  class space    used 9322K, committed 9600K, reserved 1048576K
}
Event: 18.825 GC heap after
{Heap after GC invocations=25 (full 0):
 garbage-first heap   total 61440K, used 32870K [0x0000000081800000, 0x0000000100000000)
  region size 1024K, 2 young (2048K), 2 survivors (2048K)
 Metaspace       used 66621K, committed 67200K, reserved 1114112K
  class space    used 9322K, committed 9600K, reserved 1048576K
}
Event: 19.072 GC heap before
{Heap before GC invocations=25 (full 0):
 garbage-first heap   total 61440K, used 48230K [0x0000000081800000, 0x0000000100000000)
  region size 1024K, 17 young (17408K), 2 survivors (2048K)
 Metaspace       used 67030K, committed 67648K, reserved 1114112K
  class space    used 9362K, committed 9664K, reserved 1048576K
}
Event: 19.077 GC heap after
{Heap after GC invocations=26 (full 0):
 garbage-first heap   total 61440K, used 33298K [0x0000000081800000, 0x0000000100000000)
  region size 1024K, 2 young (2048K), 2 survivors (2048K)
 Metaspace       used 67030K, committed 67648K, reserved 1114112K
  class space    used 9362K, committed 9664K, reserved 1048576K
}
Event: 19.676 GC heap before
{Heap before GC invocations=27 (full 0):
 garbage-first heap   total 68608K, used 49682K [0x0000000081800000, 0x0000000100000000)
  region size 1024K, 18 young (18432K), 2 survivors (2048K)
 Metaspace       used 67117K, committed 67712K, reserved 1114112K
  class space    used 9367K, committed 9664K, reserved 1048576K
}
Event: 19.681 GC heap after
{Heap after GC invocations=28 (full 0):
 garbage-first heap   total 68608K, used 33597K [0x0000000081800000, 0x0000000100000000)
  region size 1024K, 1 young (1024K), 1 survivors (1024K)
 Metaspace       used 67117K, committed 67712K, reserved 1114112K
  class space    used 9367K, committed 9664K, reserved 1048576K
}
Event: 19.995 GC heap before
{Heap before GC invocations=28 (full 0):
 garbage-first heap   total 68608K, used 55101K [0x0000000081800000, 0x0000000100000000)
  region size 1024K, 22 young (22528K), 1 survivors (1024K)
 Metaspace       used 67364K, committed 67968K, reserved 1114112K
  class space    used 9388K, committed 9664K, reserved 1048576K
}
Event: 20.000 GC heap after
{Heap after GC invocations=29 (full 0):
 garbage-first heap   total 68608K, used 34079K [0x0000000081800000, 0x0000000100000000)
  region size 1024K, 2 young (2048K), 2 survivors (2048K)
 Metaspace       used 67364K, committed 67968K, reserved 1114112K
  class space    used 9388K, committed 9664K, reserved 1048576K
}
Event: 21.564 GC heap before
{Heap before GC invocations=30 (full 0):
 garbage-first heap   total 70656K, used 55583K [0x0000000081800000, 0x0000000100000000)
  region size 1024K, 23 young (23552K), 2 survivors (2048K)
 Metaspace       used 67554K, committed 68096K, reserved 1114112K
  class space    used 9399K, committed 9664K, reserved 1048576K
}
Event: 21.568 GC heap after
{Heap after GC invocations=31 (full 0):
 garbage-first heap   total 70656K, used 34543K [0x0000000081800000, 0x0000000100000000)
  region size 1024K, 2 young (2048K), 2 survivors (2048K)
 Metaspace       used 67554K, committed 68096K, reserved 1114112K
  class space    used 9399K, committed 9664K, reserved 1048576K
}
Event: 22.679 GC heap before
{Heap before GC invocations=31 (full 0):
 garbage-first heap   total 70656K, used 58095K [0x0000000081800000, 0x0000000100000000)
  region size 1024K, 25 young (25600K), 2 survivors (2048K)
 Metaspace       used 69863K, committed 70400K, reserved 1114112K
  class space    used 9779K, committed 10048K, reserved 1048576K
}
Event: 22.689 GC heap after
{Heap after GC invocations=32 (full 0):
 garbage-first heap   total 70656K, used 36571K [0x0000000081800000, 0x0000000100000000)
  region size 1024K, 4 young (4096K), 4 survivors (4096K)
 Metaspace       used 69863K, committed 70400K, reserved 1114112K
  class space    used 9779K, committed 10048K, reserved 1048576K
}

Dll operation events (14 events):
Event: 0.009 Loaded shared library C:\Users\Admin\.jdks\corretto-17.0.10\bin\java.dll
Event: 0.037 Loaded shared library C:\Users\Admin\.jdks\corretto-17.0.10\bin\jsvml.dll
Event: 0.226 Loaded shared library C:\Users\Admin\.jdks\corretto-17.0.10\bin\zip.dll
Event: 0.229 Loaded shared library C:\Users\Admin\.jdks\corretto-17.0.10\bin\instrument.dll
Event: 0.240 Loaded shared library C:\Users\Admin\.jdks\corretto-17.0.10\bin\net.dll
Event: 0.242 Loaded shared library C:\Users\Admin\.jdks\corretto-17.0.10\bin\nio.dll
Event: 0.247 Loaded shared library C:\Users\Admin\.jdks\corretto-17.0.10\bin\zip.dll
Event: 0.402 Loaded shared library C:\Program Files\JetBrains\IntelliJ IDEA Community Edition 2023.3.4\bin\breakgen64.dll
Event: 0.420 Loaded shared library C:\Users\Admin\.jdks\corretto-17.0.10\bin\extnet.dll
Event: 0.490 Loaded shared library C:\Users\Admin\.jdks\corretto-17.0.10\bin\jimage.dll
Event: 1.081 Loaded shared library C:\Users\Admin\.jdks\corretto-17.0.10\bin\management.dll
Event: 1.085 Loaded shared library C:\Users\Admin\.jdks\corretto-17.0.10\bin\management_ext.dll
Event: 3.296 Loaded shared library C:\Users\Admin\.jdks\corretto-17.0.10\bin\sunmscapi.dll
Event: 11.332 Loaded shared library C:\Users\Admin\.jdks\corretto-17.0.10\bin\verify.dll

Deoptimization events (20 events):
Event: 22.924 Thread 0x0000022fdedbc000 Uncommon trap: trap_request=0xffffffc6 fr.pc=0x0000022f8f7e1c38 relative=0x00000000000004f8
Event: 22.924 Thread 0x0000022fdedbc000 Uncommon trap: reason=bimorphic_or_optimized_type_check action=maybe_recompile pc=0x0000022f8f7e1c38 method=java.util.ImmutableCollections$MapN.probe(Ljava/lang/Object;)I @ 1 c2
Event: 22.924 Thread 0x0000022fdedbc000 DEOPT PACKING pc=0x0000022f8f7e1c38 sp=0x000000e7fa3faf40
Event: 22.924 Thread 0x0000022fdedbc000 DEOPT UNPACKING pc=0x0000022f8efe69a3 sp=0x000000e7fa3faef0 mode 2
Event: 22.924 Thread 0x0000022fdedbc000 Uncommon trap: trap_request=0xffffffc6 fr.pc=0x0000022f8f7e1c38 relative=0x00000000000004f8
Event: 22.924 Thread 0x0000022fdedbc000 Uncommon trap: reason=bimorphic_or_optimized_type_check action=maybe_recompile pc=0x0000022f8f7e1c38 method=java.util.ImmutableCollections$MapN.probe(Ljava/lang/Object;)I @ 1 c2
Event: 22.924 Thread 0x0000022fdedbc000 DEOPT PACKING pc=0x0000022f8f7e1c38 sp=0x000000e7fa3faf40
Event: 22.924 Thread 0x0000022fdedbc000 DEOPT UNPACKING pc=0x0000022f8efe69a3 sp=0x000000e7fa3faef0 mode 2
Event: 22.924 Thread 0x0000022fdedbc000 Uncommon trap: trap_request=0xffffffc6 fr.pc=0x0000022f8f7e1c38 relative=0x00000000000004f8
Event: 22.924 Thread 0x0000022fdedbc000 Uncommon trap: reason=bimorphic_or_optimized_type_check action=maybe_recompile pc=0x0000022f8f7e1c38 method=java.util.ImmutableCollections$MapN.probe(Ljava/lang/Object;)I @ 1 c2
Event: 22.924 Thread 0x0000022fdedbc000 DEOPT PACKING pc=0x0000022f8f7e1c38 sp=0x000000e7fa3faf40
Event: 22.924 Thread 0x0000022fdedbc000 DEOPT UNPACKING pc=0x0000022f8efe69a3 sp=0x000000e7fa3faef0 mode 2
Event: 22.924 Thread 0x0000022fdedbc000 Uncommon trap: trap_request=0xffffffc6 fr.pc=0x0000022f8f7e1c38 relative=0x00000000000004f8
Event: 22.924 Thread 0x0000022fdedbc000 Uncommon trap: reason=bimorphic_or_optimized_type_check action=maybe_recompile pc=0x0000022f8f7e1c38 method=java.util.ImmutableCollections$MapN.probe(Ljava/lang/Object;)I @ 1 c2
Event: 22.924 Thread 0x0000022fdedbc000 DEOPT PACKING pc=0x0000022f8f7e1c38 sp=0x000000e7fa3faf40
Event: 22.924 Thread 0x0000022fdedbc000 DEOPT UNPACKING pc=0x0000022f8efe69a3 sp=0x000000e7fa3faef0 mode 2
Event: 22.950 Thread 0x0000022fdedbc000 Uncommon trap: trap_request=0xffffffde fr.pc=0x0000022f8f6bea90 relative=0x00000000000000d0
Event: 22.950 Thread 0x0000022fdedbc000 Uncommon trap: reason=class_check action=maybe_recompile pc=0x0000022f8f6bea90 method=org.springframework.core.SerializableTypeWrapper.unwrap(Ljava/lang/reflect/Type;)Ljava/lang/reflect/Type; @ 20 c2
Event: 22.950 Thread 0x0000022fdedbc000 DEOPT PACKING pc=0x0000022f8f6bea90 sp=0x000000e7fa3f8a20
Event: 22.950 Thread 0x0000022fdedbc000 DEOPT UNPACKING pc=0x0000022f8efe69a3 sp=0x000000e7fa3f8950 mode 2

Classes unloaded (0 events):
No events

Classes redefined (0 events):
No events

Internal exceptions (20 events):
Event: 17.595 Thread 0x0000022fdedbc000 Exception <a 'java/lang/reflect/InvocationTargetException'{0x0000000085fdf108}> (0x0000000085fdf108) 
thrown [s\src\hotspot\share\runtime\reflection.cpp, line 1121]
Event: 17.597 Thread 0x0000022fdedbc000 Exception <a 'java/lang/reflect/InvocationTargetException'{0x0000000085fea5d8}> (0x0000000085fea5d8) 
thrown [s\src\hotspot\share\runtime\reflection.cpp, line 1121]
Event: 17.601 Thread 0x0000022fdedbc000 Exception <a 'java/lang/reflect/InvocationTargetException'{0x0000000085ff8ea0}> (0x0000000085ff8ea0) 
thrown [s\src\hotspot\share\runtime\reflection.cpp, line 1121]
Event: 17.604 Thread 0x0000022fdedbc000 Exception <a 'java/lang/reflect/InvocationTargetException'{0x0000000085e04c70}> (0x0000000085e04c70) 
thrown [s\src\hotspot\share\runtime\reflection.cpp, line 1121]
Event: 17.609 Thread 0x0000022fdedbc000 Exception <a 'java/lang/reflect/InvocationTargetException'{0x0000000085e18fd8}> (0x0000000085e18fd8) 
thrown [s\src\hotspot\share\runtime\reflection.cpp, line 1121]
Event: 18.091 Thread 0x0000022fdedbc000 Exception <a 'java/lang/reflect/InvocationTargetException'{0x0000000086269df0}> (0x0000000086269df0) 
thrown [s\src\hotspot\share\runtime\reflection.cpp, line 1121]
Event: 18.774 Thread 0x0000022fdedbc000 Exception <a 'java/lang/reflect/InvocationTargetException'{0x00000000849ee9c0}> (0x00000000849ee9c0) 
thrown [s\src\hotspot\share\runtime\reflection.cpp, line 1121]
Event: 18.872 Thread 0x0000022fdedbc000 Exception <a 'java/lang/reflect/InvocationTargetException'{0x0000000086340850}> (0x0000000086340850) 
thrown [s\src\hotspot\share\runtime\reflection.cpp, line 1121]
Event: 19.002 Thread 0x0000022fdedbc000 Exception <a 'java/lang/reflect/InvocationTargetException'{0x00000000844474d0}> (0x00000000844474d0) 
thrown [s\src\hotspot\share\runtime\reflection.cpp, line 1121]
Event: 19.004 Thread 0x0000022fdedbc000 Exception <a 'java/lang/reflect/InvocationTargetException'{0x0000000084451510}> (0x0000000084451510) 
thrown [s\src\hotspot\share\runtime\reflection.cpp, line 1121]
Event: 19.144 Thread 0x0000022fdedbc000 Exception <a 'java/lang/reflect/InvocationTargetException'{0x0000000085fe3ca8}> (0x0000000085fe3ca8) 
thrown [s\src\hotspot\share\runtime\reflection.cpp, line 1121]
Event: 19.147 Thread 0x0000022fdedbc000 Exception <a 'java/lang/reflect/InvocationTargetException'{0x0000000085febce8}> (0x0000000085febce8) 
thrown [s\src\hotspot\share\runtime\reflection.cpp, line 1121]
Event: 19.151 Thread 0x0000022fdedbc000 Exception <a 'java/lang/reflect/InvocationTargetException'{0x0000000085ffb4c0}> (0x0000000085ffb4c0) 
thrown [s\src\hotspot\share\runtime\reflection.cpp, line 1121]
Event: 22.145 Thread 0x0000022fdedbc000 Exception <a 'java/lang/IncompatibleClassChangeError'{0x0000000085e75040}: Found class java.lang.Object, but interface was expected> (0x0000000085e75040) 
thrown [s\src\hotspot\share\interpreter\linkResolver.cpp, line 826]
Event: 22.202 Thread 0x0000022fdedbc000 Exception <a 'sun/nio/fs/WindowsException'{0x0000000085d5a038}> (0x0000000085d5a038) 
thrown [s\src\hotspot\share\prims\jni.cpp, line 516]
Event: 22.349 Thread 0x0000022fdedbc000 Exception <a 'sun/nio/fs/WindowsException'{0x00000000850aaff0}> (0x00000000850aaff0) 
thrown [s\src\hotspot\share\prims\jni.cpp, line 516]
Event: 22.515 Thread 0x0000022fdedbc000 Exception <a 'sun/nio/fs/WindowsException'{0x0000000084a060a8}> (0x0000000084a060a8) 
thrown [s\src\hotspot\share\prims\jni.cpp, line 516]
Event: 22.560 Thread 0x0000022fdedbc000 Exception <a 'java/lang/NoSuchMethodError'{0x0000000084af3e28}: 'java.lang.Object java.lang.invoke.DirectMethodHandle$Holder.invokeVirtual(java.lang.Object, java.lang.Object, int)'> (0x0000000084af3e28) 
thrown [s\src\hotspot\share\interpreter\linkResolver.cpp, line 759]
Event: 22.665 Thread 0x0000022fdedbc000 Exception <a 'java/lang/reflect/InvocationTargetException'{0x0000000084495970}> (0x0000000084495970) 
thrown [s\src\hotspot\share\runtime\reflection.cpp, line 1121]
Event: 22.667 Thread 0x0000022fdedbc000 Exception <a 'java/lang/reflect/InvocationTargetException'{0x000000008449d870}> (0x000000008449d870) 
thrown [s\src\hotspot\share\runtime\reflection.cpp, line 1121]

VM Operations (20 events):
Event: 22.346 Executing VM operation: HandshakeAllThreads
Event: 22.346 Executing VM operation: HandshakeAllThreads done
Event: 22.351 Executing VM operation: HandshakeAllThreads
Event: 22.352 Executing VM operation: HandshakeAllThreads done
Event: 22.357 Executing VM operation: HandshakeAllThreads
Event: 22.357 Executing VM operation: HandshakeAllThreads done
Event: 22.679 Executing VM operation: G1CollectForAllocation
Event: 22.689 Executing VM operation: G1CollectForAllocation done
Event: 22.702 Executing VM operation: HandshakeAllThreads
Event: 22.702 Executing VM operation: HandshakeAllThreads done
Event: 22.755 Executing VM operation: HandshakeAllThreads
Event: 22.755 Executing VM operation: HandshakeAllThreads done
Event: 22.796 Executing VM operation: G1PauseRemark
Event: 22.800 Executing VM operation: G1PauseRemark done
Event: 22.806 Executing VM operation: HandshakeAllThreads
Event: 22.806 Executing VM operation: HandshakeAllThreads done
Event: 22.807 Executing VM operation: HandshakeAllThreads
Event: 22.807 Executing VM operation: HandshakeAllThreads done
Event: 22.843 Executing VM operation: G1PauseCleanup
Event: 22.843 Executing VM operation: G1PauseCleanup done

Events (20 events):
Event: 22.356 loading class sun/net/www/protocol/http/Handler
Event: 22.356 loading class sun/net/www/protocol/http/Handler done
Event: 22.358 loading class javax/crypto/JceSecurity$WeakIdentityWrapper
Event: 22.358 loading class javax/crypto/JceSecurity$WeakIdentityWrapper done
Event: 22.358 loading class javax/crypto/JceSecurity$2
Event: 22.358 loading class javax/crypto/JceSecurity$2 done
Event: 22.358 loading class javax/crypto/JceSecurity$3
Event: 22.358 loading class javax/crypto/JceSecurity$3 done
Event: 22.358 loading class java/security/AllPermissionCollection
Event: 22.358 loading class java/security/AllPermissionCollection done
Event: 22.358 loading class javax/crypto/ProviderVerifier
Event: 22.358 loading class javax/crypto/ProviderVerifier done
Event: 22.359 loading class com/sun/crypto/provider/PBKDF2Core$HmacSHA256
Event: 22.359 loading class com/sun/crypto/provider/PBKDF2Core
Event: 22.360 loading class javax/crypto/SecretKeyFactorySpi
Event: 22.360 loading class javax/crypto/SecretKeyFactorySpi done
Event: 22.360 loading class com/sun/crypto/provider/PBKDF2Core done
Event: 22.360 loading class com/sun/crypto/provider/PBKDF2Core$HmacSHA256 done
Event: 22.783 loading class java/util/Comparators$NullComparator
Event: 22.783 loading class java/util/Comparators$NullComparator done


Dynamic libraries:
0x00007ff61a840000 - 0x00007ff61a84e000 	C:\Users\Admin\.jdks\corretto-17.0.10\bin\java.exe
0x00007ff853cb0000 - 0x00007ff853e9e000 	C:\Windows\SYSTEM32\ntdll.dll
0x00007ff853730000 - 0x00007ff8537e3000 	C:\Windows\System32\KERNEL32.DLL
0x00007ff8506d0000 - 0x00007ff85096d000 	C:\Windows\System32\KERNELBASE.dll
0x00007ff850d20000 - 0x00007ff850e1a000 	C:\Windows\System32\ucrtbase.dll
0x00007ff84beb0000 - 0x00007ff84becb000 	C:\Users\Admin\.jdks\corretto-17.0.10\bin\VCRUNTIME140.dll
0x00007ff84c4c0000 - 0x00007ff84c4d7000 	C:\Users\Admin\.jdks\corretto-17.0.10\bin\jli.dll
0x00007ff851040000 - 0x00007ff8511d7000 	C:\Windows\System32\USER32.dll
0x00007ff850c00000 - 0x00007ff850c20000 	C:\Windows\System32\win32u.dll
0x00007ff852a50000 - 0x00007ff852a79000 	C:\Windows\System32\GDI32.dll
0x00007ff850a50000 - 0x00007ff850bfa000 	C:\Windows\System32\gdi32full.dll
0x00007ff850c80000 - 0x00007ff850d20000 	C:\Windows\System32\msvcp_win.dll
0x00007ff840e50000 - 0x00007ff8410c9000 	C:\Windows\WinSxS\amd64_microsoft.windows.common-controls_6595b64144ccf1df_6.0.17763.5696_none_de7663245346b1ca\COMCTL32.dll
0x00007ff853b30000 - 0x00007ff853bce000 	C:\Windows\System32\msvcrt.dll
0x00007ff852b30000 - 0x00007ff852e5b000 	C:\Windows\System32\combase.dll
0x00007ff8538d0000 - 0x00007ff8539e8000 	C:\Windows\System32\RPCRT4.dll
0x00007ff8509c0000 - 0x00007ff850a42000 	C:\Windows\System32\bcryptPrimitives.dll
0x00007ff8536a0000 - 0x00007ff8536ce000 	C:\Windows\System32\IMM32.DLL
0x00007ff84c540000 - 0x00007ff84c54c000 	C:\Users\Admin\.jdks\corretto-17.0.10\bin\vcruntime140_1.dll
0x00007ff845ef0000 - 0x00007ff845f7d000 	C:\Users\Admin\.jdks\corretto-17.0.10\bin\msvcp140.dll
0x00007ff8132e0000 - 0x00007ff813f42000 	C:\Users\Admin\.jdks\corretto-17.0.10\bin\server\jvm.dll
0x00007ff853810000 - 0x00007ff8538b8000 	C:\Windows\System32\ADVAPI32.dll
0x00007ff8533b0000 - 0x00007ff853452000 	C:\Windows\System32\sechost.dll
0x00007ff8506a0000 - 0x00007ff8506c6000 	C:\Windows\System32\bcrypt.dll
0x00007ff84fc80000 - 0x00007ff84fcdd000 	C:\Windows\System32\POWRPROF.dll
0x00007ff84c480000 - 0x00007ff84c489000 	C:\Windows\SYSTEM32\WSOCK32.dll
0x00007ff8534c0000 - 0x00007ff85352d000 	C:\Windows\System32\WS2_32.dll
0x00007ff84ddf0000 - 0x00007ff84de14000 	C:\Windows\SYSTEM32\WINMM.dll
0x00007ff83f9a0000 - 0x00007ff83f9aa000 	C:\Windows\SYSTEM32\VERSION.dll
0x00007ff84dd30000 - 0x00007ff84dd5d000 	C:\Windows\SYSTEM32\WINMMBASE.dll
0x00007ff850970000 - 0x00007ff8509ba000 	C:\Windows\System32\cfgmgr32.dll
0x00007ff84fce0000 - 0x00007ff84fcf1000 	C:\Windows\System32\kernel.appcore.dll
0x00007ff84c4b0000 - 0x00007ff84c4ba000 	C:\Users\Admin\.jdks\corretto-17.0.10\bin\jimage.dll
0x00007ff83dac0000 - 0x00007ff83dcad000 	C:\Windows\SYSTEM32\DBGHELP.DLL
0x00007ff83da90000 - 0x00007ff83daba000 	C:\Windows\SYSTEM32\dbgcore.DLL
0x00007ff84c520000 - 0x00007ff84c52e000 	C:\Users\Admin\.jdks\corretto-17.0.10\bin\instrument.dll
0x00007ff84be80000 - 0x00007ff84bea5000 	C:\Users\Admin\.jdks\corretto-17.0.10\bin\java.dll
0x00007ff845e10000 - 0x00007ff845ee7000 	C:\Users\Admin\.jdks\corretto-17.0.10\bin\jsvml.dll
0x00007ff851390000 - 0x00007ff852888000 	C:\Windows\System32\SHELL32.dll
0x00007ff852a80000 - 0x00007ff852b27000 	C:\Windows\System32\shcore.dll
0x00007ff84fd30000 - 0x00007ff850477000 	C:\Windows\System32\windows.storage.dll
0x00007ff84fd00000 - 0x00007ff84fd23000 	C:\Windows\System32\profapi.dll
0x00007ff8536d0000 - 0x00007ff853722000 	C:\Windows\System32\shlwapi.dll
0x00007ff850680000 - 0x00007ff85069b000 	C:\Windows\System32\cryptsp.dll
0x00007ff83d9c0000 - 0x00007ff83d9d8000 	C:\Users\Admin\.jdks\corretto-17.0.10\bin\zip.dll
0x00007ff845df0000 - 0x00007ff845e09000 	C:\Users\Admin\.jdks\corretto-17.0.10\bin\net.dll
0x00007ff846e90000 - 0x00007ff846f8d000 	C:\Windows\SYSTEM32\WINHTTP.dll
0x00007ff84f450000 - 0x00007ff84f4b7000 	C:\Windows\system32\mswsock.dll
0x00007ff845dd0000 - 0x00007ff845de6000 	C:\Users\Admin\.jdks\corretto-17.0.10\bin\nio.dll
0x00007ff8471f0000 - 0x00007ff84720a000 	C:\Program Files\JetBrains\IntelliJ IDEA Community Edition 2023.3.4\bin\breakgen64.dll
0x00007ff845dc0000 - 0x00007ff845dc9000 	C:\Users\Admin\.jdks\corretto-17.0.10\bin\extnet.dll
0x00007ff84a350000 - 0x00007ff84a359000 	C:\Users\Admin\.jdks\corretto-17.0.10\bin\management.dll
0x00007ff8471e0000 - 0x00007ff8471eb000 	C:\Users\Admin\.jdks\corretto-17.0.10\bin\management_ext.dll
0x00007ff851030000 - 0x00007ff851038000 	C:\Windows\System32\PSAPI.DLL
0x00007ff8414b0000 - 0x00007ff8414be000 	C:\Users\Admin\.jdks\corretto-17.0.10\bin\sunmscapi.dll
0x00007ff850480000 - 0x00007ff85067e000 	C:\Windows\System32\CRYPT32.dll
0x00007ff84fc60000 - 0x00007ff84fc72000 	C:\Windows\System32\MSASN1.dll
0x00007ff84f720000 - 0x00007ff84f74c000 	C:\Windows\SYSTEM32\ncrypt.dll
0x00007ff84f6e0000 - 0x00007ff84f71c000 	C:\Windows\SYSTEM32\NTASN1.dll
0x00007ff84efc0000 - 0x00007ff84eff3000 	C:\Windows\system32\rsaenh.dll
0x00007ff84fb90000 - 0x00007ff84fbb9000 	C:\Windows\SYSTEM32\USERENV.dll
0x00007ff84f620000 - 0x00007ff84f62c000 	C:\Windows\SYSTEM32\CRYPTBASE.dll
0x00007ff84f150000 - 0x00007ff84f18d000 	C:\Windows\SYSTEM32\IPHLPAPI.DLL
0x00007ff8538c0000 - 0x00007ff8538c8000 	C:\Windows\System32\NSI.dll
0x00007ff848d00000 - 0x00007ff848d16000 	C:\Windows\SYSTEM32\dhcpcsvc6.DLL
0x00007ff8491d0000 - 0x00007ff8491ec000 	C:\Windows\SYSTEM32\dhcpcsvc.DLL
0x00007ff84f190000 - 0x00007ff84f256000 	C:\Windows\SYSTEM32\DNSAPI.dll
0x00007ff843a70000 - 0x00007ff843a80000 	C:\Users\Admin\.jdks\corretto-17.0.10\bin\verify.dll
0x00007ff843350000 - 0x00007ff84335a000 	C:\Windows\System32\rasadhlp.dll
0x00007ff844580000 - 0x00007ff8445f9000 	C:\Windows\System32\fwpuclnt.dll

dbghelp: loaded successfully - version: 4.0.5 - missing functions: none
symbol engine: initialized successfully - sym options: 0x614 - pdb path: .;C:\Users\Admin\.jdks\corretto-17.0.10\bin;C:\Windows\SYSTEM32;C:\Windows\WinSxS\amd64_microsoft.windows.common-controls_6595b64144ccf1df_6.0.17763.5696_none_de7663245346b1ca;C:\Users\Admin\.jdks\corretto-17.0.10\bin\server;C:\Program Files\JetBrains\IntelliJ IDEA Community Edition 2023.3.4\bin

VM Arguments:
jvm_args: -javaagent:C:\Program Files\JetBrains\IntelliJ IDEA Community Edition 2023.3.4\lib\idea_rt.jar=64171:C:\Program Files\JetBrains\IntelliJ IDEA Community Edition 2023.3.4\bin -Dfile.encoding=UTF-8 
java_command: com.example.demo.DemoApplication
java_class_path (initial): D:\Do_An_SpringBoot\test\demo\target\classes;C:\Users\Admin\.m2\repository\org\springframework\boot\spring-boot-starter-data-jpa\3.2.1\spring-boot-starter-data-jpa-3.2.1.jar;C:\Users\Admin\.m2\repository\org\springframework\boot\spring-boot-starter-aop\3.2.1\spring-boot-starter-aop-3.2.1.jar;C:\Users\Admin\.m2\repository\org\aspectj\aspectjweaver\1.9.21\aspectjweaver-1.9.21.jar;C:\Users\Admin\.m2\repository\org\springframework\boot\spring-boot-starter-jdbc\3.2.1\spring-boot-starter-jdbc-3.2.1.jar;C:\Users\Admin\.m2\repository\com\zaxxer\HikariCP\5.0.1\HikariCP-5.0.1.jar;C:\Users\Admin\.m2\repository\org\springframework\spring-jdbc\6.1.2\spring-jdbc-6.1.2.jar;C:\Users\Admin\.m2\repository\org\hibernate\orm\hibernate-core\6.4.1.Final\hibernate-core-6.4.1.Final.jar;C:\Users\Admin\.m2\repository\jakarta\persistence\jakarta.persistence-api\3.1.0\jakarta.persistence-api-3.1.0.jar;C:\Users\Admin\.m2\repository\jakarta\transaction\jakarta.transaction-api\2.0.1\jakarta.transaction-api-2.0.1.jar;C:\Users\Admin\.m2\repository\org\jboss\logging\jboss-logging\3.5.3.Final\jboss-logging-3.5.3.Final.jar;C:\Users\Admin\.m2\repository\org\hibernate\common\hibernate-commons-annotations\6.0.6.Final\hibernate-commons-annotations-6.0.6.Final.jar;C:\Users\Admin\.m2\repository\io\smallrye\jandex\3.1.2\jandex-3.1.2.jar;C:\Users\Admin\.m2\repository\com\fasterxml\classmate\1.6.0\classmate-1.6.0.jar;C:\Users\Admin\.m2\repository\net\bytebuddy\byte-buddy\1.14.10\byte-buddy-1.14.10.jar;C:\Users\Admin\.m2\repository\org\glassfish\jaxb\jaxb-runtime\4.0.4\jaxb-runtime-4.0.4.jar;C:\Users\Admin\.m2\repository\org\glassfish\jaxb\jaxb-core\4.0.4\jaxb-core-4.0.4.jar;C:\Users\Admin\.m2\repository\org\eclipse\angus\angus-activation\2.0.1\angus-activation-2.0.1.jar;C:\Users\Admin\.m2\repository\org\glassfish\jaxb\txw2\4.0.4\txw2-4.0.4.jar;C:\Users\Admin\.m2\repository\com\sun\istack\istack-commons-runtime\4.1.2\istack-commons-runtime-4.1.2.jar;C:\Users\Admin\.m2\repository\jak
Launcher Type: SUN_STANDARD

[Global flags]
     intx CICompilerCount                          = 3                                         {product} {ergonomic}
     uint ConcGCThreads                            = 1                                         {product} {ergonomic}
     uint G1ConcRefinementThreads                  = 4                                         {product} {ergonomic}
   size_t G1HeapRegionSize                         = 1048576                                   {product} {ergonomic}
    uintx GCDrainStackTargetSize                   = 64                                        {product} {ergonomic}
   size_t InitialHeapSize                          = 134217728                                 {product} {ergonomic}
   size_t MarkStackSize                            = 4194304                                   {product} {ergonomic}
   size_t MaxHeapSize                              = 2122317824                                {product} {ergonomic}
   size_t MaxNewSize                               = 1272971264                                {product} {ergonomic}
   size_t MinHeapDeltaBytes                        = 1048576                                   {product} {ergonomic}
   size_t MinHeapSize                              = 8388608                                   {product} {ergonomic}
    uintx NonNMethodCodeHeapSize                   = 5832780                                {pd product} {ergonomic}
    uintx NonProfiledCodeHeapSize                  = 122912730                              {pd product} {ergonomic}
    uintx ProfiledCodeHeapSize                     = 122912730                              {pd product} {ergonomic}
    uintx ReservedCodeCacheSize                    = 251658240                              {pd product} {ergonomic}
     bool SegmentedCodeCache                       = true                                      {product} {ergonomic}
   size_t SoftMaxHeapSize                          = 2122317824                             {manageable} {ergonomic}
     bool UseCompressedClassPointers               = true                           {product lp64_product} {ergonomic}
     bool UseCompressedOops                        = true                           {product lp64_product} {ergonomic}
     bool UseG1GC                                  = true                                      {product} {ergonomic}
     bool UseLargePagesIndividualAllocation        = false                                  {pd product} {ergonomic}

Logging:
Log output configuration:
 #0: stdout all=warning uptime,level,tags
 #1: stderr all=off uptime,level,tags

Environment Variables:
PATH=C:\Program Files (x86)\Common Files\Oracle\Java\javapath;C:\Windows\system32;C:\Windows;C:\Windows\System32\Wbem;C:\Windows\System32\WindowsPowerShell\v1.0\;C:\Windows\System32\OpenSSH\;C:\Program Files\Git\cmd;C:\Users\Admin\AppData\Local\Microsoft\WindowsApps;C:\Users\Admin\AppData\Local\Programs\Microsoft VS Code\bin
USERNAME=Admin
OS=Windows_NT
PROCESSOR_IDENTIFIER=Intel64 Family 6 Model 58 Stepping 9, GenuineIntel
TMP=C:\Users\Admin\AppData\Local\Temp
TEMP=C:\Users\Admin\AppData\Local\Temp



Periodic native trim disabled


---------------  S Y S T E M  ---------------

OS:
 Windows 10 , 64 bit Build 17763 (10.0.17763.4974)
OS uptime: 0 days 9:06 hours

CPU: total 4 (initial active 4) (2 cores per cpu, 2 threads per core) family 6 model 58 stepping 9 microcode 0x21, cx8, cmov, fxsr, ht, mmx, sse, sse2, sse3, ssse3, sse4.1, sse4.2, popcnt, tsc, tscinvbit, avx, aes, erms, clmul, vzeroupper, clflush
Processor Information for all 4 processors :
  Max Mhz: 2501, Current Mhz: 2501, Mhz Limit: 2501

Memory: 4k page, system-wide physical 8094M (1244M free)
TotalPageFile size 14750M (AvailPageFile size 4844M)
current process WorkingSet (physical memory assigned to process): 312M, peak: 316M
current process commit charge ("private bytes"): 344M, peak: 348M

vm_info: OpenJDK 64-Bit Server VM (17.0.10+7-LTS) for windows-amd64 JRE (17.0.10+7-LTS), built on Jan 10 2024 22:11:07 by "Administrator" with MS VC++ 16.10 / 16.11 (VS2019)

END.
