#
# A fatal error has been detected by the Java Runtime Environment:
#
#  EXCEPTION_ACCESS_VIOLATION (0xc0000005) at pc=0x00007ffea44cf477, pid=3784, tid=11632
#
# JRE version: OpenJDK Runtime Environment Corretto-17.0.10.7.1 (17.0.10+7) (build 17.0.10+7-LTS)
# Java VM: OpenJDK 64-Bit Server VM Corretto-17.0.10.7.1 (17.0.10+7-LTS, mixed mode, sharing, tiered, compressed oops, compressed class ptrs, g1 gc, windows-amd64)
# Problematic frame:
# V  [jvm.dll+0x1bf477]
#
# No core dump will be written. Minidumps are not enabled by default on client versions of Windows
#
# If you would like to submit a bug report, please visit:
#   https://github.com/corretto/corretto-17/issues/
#

---------------  S U M M A R Y ------------

Command Line: -javaagent:C:\Program Files\JetBrains\IntelliJ IDEA Community Edition 2023.3.4\lib\idea_rt.jar=62899:C:\Program Files\JetBrains\IntelliJ IDEA Community Edition 2023.3.4\bin -Dfile.encoding=UTF-8 com.example.demo.DemoApplication

Host: Intel(R) Core(TM) i5-3210M CPU @ 2.50GHz, 4 cores, 7G,  Windows 10 , 64 bit Build 17763 (10.0.17763.4974)
Time: Tue Apr 16 10:41:31 2024 SE Asia Standard Time elapsed time: 35.342834 seconds (0d 0h 0m 35s)

---------------  T H R E A D  ---------------

Current thread (0x00000203efd22990):  JavaThread "C2 CompilerThread0" daemon [_thread_in_native, id=11632, stack(0x0000000f35f00000,0x0000000f36000000)]


Current CompileTask:
C2:  35342 9883       4       org.springframework.web.servlet.mvc.method.RequestMappingInfo::getMatchingCondition (182 bytes)

Stack: [0x0000000f35f00000,0x0000000f36000000],  sp=0x0000000f35ffbb30,  free space=1006k
Native frames: (J=compiled Java code, j=interpreted, Vv=VM code, C=native code)
V  [jvm.dll+0x1bf477]
V  [jvm.dll+0x1bcd90]
V  [jvm.dll+0x21a049]
V  [jvm.dll+0x219311]
V  [jvm.dll+0x1a502d]
V  [jvm.dll+0x2290de]
V  [jvm.dll+0x2272ac]
V  [jvm.dll+0x7e9bd7]
V  [jvm.dll+0x7e3fda]
V  [jvm.dll+0x67c1b5]
C  [ucrtbase.dll+0x2268a]
C  [KERNEL32.DLL+0x17ac4]
C  [ntdll.dll+0x5a4e1]


siginfo: EXCEPTION_ACCESS_VIOLATION (0xc0000005), reading address 0xffffffffffffffff


Registers:
RAX=0x006c006900660063, RBX=0x0000000000000002, RCX=0x00000203f1bc0628, RDX=0x0000000000000085
RSP=0x0000000f35ffbb30, RBP=0x00000203f708b778, RSI=0x0000000f35ffc020, RDI=0xffffffffffffffff
R8 =0x00000000ffffffff, R9 =0x0000000000000001, R10=0x000000000000000a, R11=0x3333333333333333
R12=0x0000000000000001, R13=0x0000000000000001, R14=0x00000203f1bc0628, R15=0x00000203f5e25c30
RIP=0x00007ffea44cf477, EFLAGS=0x0000000000010246


Register to memory mapping:

RIP=0x00007ffea44cf477 jvm.dll
RAX=0x006c006900660063 is an unknown value
RBX=0x0000000000000002 is an unknown value
RCX=0x00000203f1bc0628 is pointing into metadata
RDX=0x0000000000000085 is an unknown value
RSP=0x0000000f35ffbb30 is pointing into the stack for thread: 0x00000203efd22990
RBP=0x00000203f708b778 points into unknown readable memory: 0x00007ffea4c2c530 | 30 c5 c2 a4 fe 7f 00 00
RSI=0x0000000f35ffc020 is pointing into the stack for thread: 0x00000203efd22990
RDI=0xffffffffffffffff is an unknown value
R8 =0x00000000ffffffff is an unallocated location in the heap
R9 =0x0000000000000001 is an unknown value
R10=0x000000000000000a is an unknown value
R11=0x3333333333333333 is an unknown value
R12=0x0000000000000001 is an unknown value
R13=0x0000000000000001 is an unknown value
R14=0x00000203f1bc0628 is pointing into metadata
R15=0x00000203f5e25c30 points into unknown readable memory: 0x0001000105555455 | 55 54 55 05 01 00 01 00


Top of Stack: (sp=0x0000000f35ffbb30)
0x0000000f35ffbb30:   0000000000000002 00000203f86fffb0
0x0000000f35ffbb40:   0000000000001755 00000203f884ec08
0x0000000f35ffbb50:   0000037700000009 00007ffe00000003
0x0000000f35ffbb60:   00000203f708b778 0000000000000128
0x0000000f35ffbb70:   0000000000000000 0000000000000000
0x0000000f35ffbb80:   0000000000190d00 00000203f889cc20
0x0000000f35ffbb90:   00000000000003d8 00000203f889d008
0x0000000f35ffbba0:   00000203f889cc30 0000000f35ffbcd0
0x0000000f35ffbbb0:   0000000000000000 0000000f35ffc100
0x0000000f35ffbbc0:   0000000f35ffc020 00007ffea44ccd90
0x0000000f35ffbbd0:   0000000f35ffc020 0000000f35ffbc01
0x0000000f35ffbbe0:   0000000f35ffc101 00000000ffffffff
0x0000000f35ffbbf0:   0000000f00000000 000000000000000d
0x0000000f35ffbc00:   0000000000000006 00000203f889cc20
0x0000000f35ffbc10:   00000203f6604810 00000203f660af08
0x0000000f35ffbc20:   00000203f660c7f8 00000000005a4ae0
0x0000000f35ffbc30:   0000000000000000 0000000000000000
0x0000000f35ffbc40:   0000000000000000 0000000000000000
0x0000000f35ffbc50:   0000000000000000 00007ffea4c40cf8
0x0000000f35ffbc60:   0000000000000000 0000000000000000
0x0000000f35ffbc70:   0000000000000000 00007ffea4c40cf8
0x0000000f35ffbc80:   0000020300000000 00000000000001cc
0x0000000f35ffbc90:   000002030000000c 0000000f35ffe970
0x0000000f35ffbca0:   00000203c500a050 00000000a4642800
0x0000000f35ffbcb0:   00000203c518c050 0000000000002471
0x0000000f35ffbcc0:   0000000f35ffbc00 00000203f889cc30
0x0000000f35ffbcd0:   00007ffea4c40cc8 000000000000000d
0x0000000f35ffbce0:   0000000f35ffe970 0000000f35ffc020
0x0000000f35ffbcf0:   0000000000003166 00000203efd1a990
0x0000000f35ffbd00:   00007ffe0000000a 0000000f35ffe970
0x0000000f35ffbd10:   00000203fa299e80 0000000000000000
0x0000000f35ffbd20:   00000203fa201f00 00000203f8ec1620 

Instructions: (pc=0x00007ffea44cf477)
0x00007ffea44cf377:   00 00 41 5e 41 5d c3 cc cc 88 54 24 10 48 89 4c
0x00007ffea44cf387:   24 08 53 56 57 48 81 ec 80 00 00 00 48 8b 41 48
0x00007ffea44cf397:   48 8b f1 4c 8b 40 10 49 8b 40 08 4c 8b 40 08 49
0x00007ffea44cf3a7:   8b 40 08 4c 8b 40 18 48 8b 81 08 01 00 00 4d 63
0x00007ffea44cf3b7:   48 28 46 8b 04 88 48 8b 41 70 49 69 d0 b0 00 00
0x00007ffea44cf3c7:   00 48 8b 48 20 f2 0f 10 04 0a f2 0f 58 05 07 1b
0x00007ffea44cf3d7:   77 00 f2 0f 11 04 0a 33 c9 48 8b 46 48 89 4c 24
0x00007ffea44cf3e7:   24 39 48 40 0f 86 2c 06 00 00 48 89 6c 24 78 48
0x00007ffea44cf3f7:   8d 79 ff 4c 89 64 24 70 4c 89 6c 24 68 44 8d 69
0x00007ffea44cf407:   01 4c 89 74 24 60 4c 89 7c 24 58 0f 29 74 24 40
0x00007ffea44cf417:   f2 0f 10 35 d1 2f 75 00 90 48 8b 40 30 48 8b 2c
0x00007ffea44cf427:   c8 41 8b c5 48 89 6c 24 30 89 44 24 20 83 7d 28
0x00007ffea44cf437:   01 0f 86 aa 05 00 00 66 90 3b 45 18 73 0c 8b c8
0x00007ffea44cf447:   48 8b 45 20 4c 8b 34 c8 eb 03 45 33 f6 41 8b 46
0x00007ffea44cf457:   2c 45 8b e5 24 03 c6 84 24 b0 00 00 00 00 3c 02
0x00007ffea44cf467:   75 17 49 8b 06 49 8b ce c6 84 24 b0 00 00 00 01
0x00007ffea44cf477:   ff 90 c8 00 00 00 44 8b e0 48 8b 86 08 01 00 00
0x00007ffea44cf487:   49 63 4e 28 8b 14 88 48 8b 46 70 48 69 da b0 00
0x00007ffea44cf497:   00 00 48 03 58 20 85 d2 0f 84 a9 02 00 00 49 8b
0x00007ffea44cf4a7:   06 49 8b ce ff 50 28 48 8b e8 8b 50 10 8d 4a e3
0x00007ffea44cf4b7:   83 f9 01 76 08 8d 4a e0 83 f9 01 77 07 83 8b a8
0x00007ffea44cf4c7:   00 00 00 02 41 8b 4e 28 8b c1 c1 e8 05 3b 46 78
0x00007ffea44cf4d7:   73 56 8b d0 83 e1 1f 48 8b 86 80 00 00 00 8b 04
0x00007ffea44cf4e7:   90 0f a3 c8 73 42 44 8b 83 a8 00 00 00 41 83 c8
0x00007ffea44cf4f7:   10 44 89 83 a8 00 00 00 41 8b 4e 28 8b c1 c1 e8
0x00007ffea44cf507:   05 3b 86 98 00 00 00 73 1f 8b d0 83 e1 1f 48 8b
0x00007ffea44cf517:   86 a0 00 00 00 8b 04 90 0f a3 c8 73 0b 41 83 c8
0x00007ffea44cf527:   20 44 89 83 a8 00 00 00 48 83 7b 18 00 49 8b c6
0x00007ffea44cf537:   49 8b ce 48 0f 45 c7 48 89 43 18 49 8b 06 ff 50
0x00007ffea44cf547:   78 8b 8b 94 00 00 00 4c 8b f8 8b 93 90 00 00 00
0x00007ffea44cf557:   44 8b c1 3b d1 77 22 66 90 8b ca ff c2 49 8b 04
0x00007ffea44cf567:   cf 48 21 44 cb 38 8b 8b 94 00 00 00 44 8b c1 3b 


Stack slot to memory mapping:
stack at sp + 0 slots: 0x0000000000000002 is an unknown value
stack at sp + 1 slots: 0x00000203f86fffb0 points into unknown readable memory: 0x00007ffea4bd1a98 | 98 1a bd a4 fe 7f 00 00
stack at sp + 2 slots: 0x0000000000001755 is an unknown value
stack at sp + 3 slots: 0x00000203f884ec08 points into unknown readable memory: 0x00007ffea4c2c530 | 30 c5 c2 a4 fe 7f 00 00
stack at sp + 4 slots: 0x0000037700000009 is an unknown value
stack at sp + 5 slots: 0x00007ffe00000003 is an unknown value
stack at sp + 6 slots: 0x00000203f708b778 points into unknown readable memory: 0x00007ffea4c2c530 | 30 c5 c2 a4 fe 7f 00 00
stack at sp + 7 slots: 0x0000000000000128 is an unknown value


---------------  P R O C E S S  ---------------

Threads class SMR info:
_java_thread_list=0x00000203f8cba7f0, length=33, elements={
0x00000203efd10d60, 0x00000203efd11af0, 0x00000203efd1cf00, 0x00000203efd1e9e0,
0x00000203efd1f4b0, 0x00000203efd21d90, 0x00000203efd22990, 0x00000203efd2bf50,
0x00000203efd66820, 0x00000203efcfcda0, 0x00000203f459b070, 0x00000203f459b550,
0x00000203f9c6a940, 0x00000203f76aa010, 0x00000203f6ed0ff0, 0x00000203f4d57a20,
0x00000203f4d59370, 0x00000203f4d59880, 0x00000203f4d58e60, 0x00000203f4d565e0,
0x00000203f9ff9760, 0x00000203f9ffd420, 0x00000203f9ff9250, 0x00000203f9ffc4f0,
0x00000203f9ffde40, 0x00000203f9ff8d40, 0x00000203f9ffbad0, 0x00000203f9ff9c70,
0x00000203f9ffa180, 0x00000203f9ffca00, 0x00000203f9ffa690, 0x00000203f9ffb5c0,
0x00000203f4ce15e0
}

Java Threads: ( => current thread )
  0x00000203efd10d60 JavaThread "Reference Handler" daemon [_thread_blocked, id=13884, stack(0x0000000f35900000,0x0000000f35a00000)]
  0x00000203efd11af0 JavaThread "Finalizer" daemon [_thread_blocked, id=12704, stack(0x0000000f35a00000,0x0000000f35b00000)]
  0x00000203efd1cf00 JavaThread "Signal Dispatcher" daemon [_thread_blocked, id=8148, stack(0x0000000f35b00000,0x0000000f35c00000)]
  0x00000203efd1e9e0 JavaThread "Attach Listener" daemon [_thread_blocked, id=12020, stack(0x0000000f35c00000,0x0000000f35d00000)]
  0x00000203efd1f4b0 JavaThread "Service Thread" daemon [_thread_blocked, id=11068, stack(0x0000000f35d00000,0x0000000f35e00000)]
  0x00000203efd21d90 JavaThread "Monitor Deflation Thread" daemon [_thread_blocked, id=13532, stack(0x0000000f35e00000,0x0000000f35f00000)]
=>0x00000203efd22990 JavaThread "C2 CompilerThread0" daemon [_thread_in_native, id=11632, stack(0x0000000f35f00000,0x0000000f36000000)]
  0x00000203efd2bf50 JavaThread "C1 CompilerThread0" daemon [_thread_blocked, id=9452, stack(0x0000000f36000000,0x0000000f36100000)]
  0x00000203efd66820 JavaThread "Sweeper thread" daemon [_thread_blocked, id=13824, stack(0x0000000f36100000,0x0000000f36200000)]
  0x00000203efcfcda0 JavaThread "Common-Cleaner" daemon [_thread_blocked, id=10516, stack(0x0000000f36200000,0x0000000f36300000)]
  0x00000203f459b070 JavaThread "Monitor Ctrl-Break" daemon [_thread_in_native, id=1612, stack(0x0000000f36300000,0x0000000f36400000)]
  0x00000203f459b550 JavaThread "Notification Thread" daemon [_thread_blocked, id=14220, stack(0x0000000f36400000,0x0000000f36500000)]
  0x00000203f9c6a940 JavaThread "Catalina-utility-1" [_thread_blocked, id=2944, stack(0x0000000f36d00000,0x0000000f36e00000)]
  0x00000203f76aa010 JavaThread "Catalina-utility-2" [_thread_blocked, id=12312, stack(0x0000000f36e00000,0x0000000f36f00000)]
  0x00000203f6ed0ff0 JavaThread "container-0" [_thread_blocked, id=4248, stack(0x0000000f36f00000,0x0000000f37000000)]
  0x00000203f4d57a20 JavaThread "mysql-cj-abandoned-connection-cleanup" daemon [_thread_blocked, id=12548, stack(0x0000000f37000000,0x0000000f37100000)]
  0x00000203f4d59370 JavaThread "HikariPool-1 housekeeper" daemon [_thread_blocked, id=9808, stack(0x0000000f37200000,0x0000000f37300000)]
  0x00000203f4d59880 JavaThread "File Watcher" daemon [_thread_blocked, id=5728, stack(0x0000000f37300000,0x0000000f37400000)]
  0x00000203f4d58e60 JavaThread "Live Reload Server" daemon [_thread_in_native, id=2796, stack(0x0000000f37500000,0x0000000f37600000)]
  0x00000203f4d565e0 JavaThread "http-nio-8081-exec-1" daemon [_thread_blocked, id=12884, stack(0x0000000f37400000,0x0000000f37500000)]
  0x00000203f9ff9760 JavaThread "http-nio-8081-exec-2" daemon [_thread_blocked, id=11300, stack(0x0000000f37600000,0x0000000f37700000)]
  0x00000203f9ffd420 JavaThread "http-nio-8081-exec-3" daemon [_thread_in_Java, id=11008, stack(0x0000000f37700000,0x0000000f37800000)]
  0x00000203f9ff9250 JavaThread "http-nio-8081-exec-4" daemon [_thread_blocked, id=14280, stack(0x0000000f37800000,0x0000000f37900000)]
  0x00000203f9ffc4f0 JavaThread "http-nio-8081-exec-5" daemon [_thread_blocked, id=2316, stack(0x0000000f37900000,0x0000000f37a00000)]
  0x00000203f9ffde40 JavaThread "http-nio-8081-exec-6" daemon [_thread_blocked, id=10432, stack(0x0000000f37a00000,0x0000000f37b00000)]
  0x00000203f9ff8d40 JavaThread "http-nio-8081-exec-7" daemon [_thread_in_vm, id=10188, stack(0x0000000f37b00000,0x0000000f37c00000)]
  0x00000203f9ffbad0 JavaThread "http-nio-8081-exec-8" daemon [_thread_blocked, id=11572, stack(0x0000000f37c00000,0x0000000f37d00000)]
  0x00000203f9ff9c70 JavaThread "http-nio-8081-exec-9" daemon [_thread_in_Java, id=13548, stack(0x0000000f37d00000,0x0000000f37e00000)]
  0x00000203f9ffa180 JavaThread "http-nio-8081-exec-10" daemon [_thread_in_Java, id=14144, stack(0x0000000f37e00000,0x0000000f37f00000)]
  0x00000203f9ffca00 JavaThread "http-nio-8081-Poller" daemon [_thread_in_native, id=14248, stack(0x0000000f37f00000,0x0000000f38000000)]
  0x00000203f9ffa690 JavaThread "http-nio-8081-Acceptor" daemon [_thread_in_native, id=6820, stack(0x0000000f38000000,0x0000000f38100000)]
  0x00000203f9ffb5c0 JavaThread "DestroyJavaVM" [_thread_blocked, id=10500, stack(0x0000000f35200000,0x0000000f35300000)]
  0x00000203f4ce15e0 JavaThread "C2 CompilerThread1" daemon [_thread_in_native, id=9916, stack(0x0000000f36600000,0x0000000f36700000)]

Other Threads:
  0x00000203efd0b980 VMThread "VM Thread" [stack: 0x0000000f35800000,0x0000000f35900000] [id=8180]
  0x00000203f45b9fe0 WatcherThread [stack: 0x0000000f36500000,0x0000000f36600000] [id=8456]
  0x00000203d2252d20 GCTaskThread "GC Thread#0" [stack: 0x0000000f35300000,0x0000000f35400000] [id=11048]
  0x00000203f498bf20 GCTaskThread "GC Thread#1" [stack: 0x0000000f36700000,0x0000000f36800000] [id=10880]
  0x00000203f498cfa0 GCTaskThread "GC Thread#2" [stack: 0x0000000f36800000,0x0000000f36900000] [id=4700]
  0x00000203f498c1e0 GCTaskThread "GC Thread#3" [stack: 0x0000000f36900000,0x0000000f36a00000] [id=11292]
  0x00000203d22668a0 ConcurrentGCThread "G1 Main Marker" [stack: 0x0000000f35400000,0x0000000f35500000] [id=13588]
  0x00000203d22671d0 ConcurrentGCThread "G1 Conc#0" [stack: 0x0000000f35500000,0x0000000f35600000] [id=11812]
  0x00000203efbc3410 ConcurrentGCThread "G1 Refine#0" [stack: 0x0000000f35600000,0x0000000f35700000] [id=5656]
  0x00000203f4d5a410 ConcurrentGCThread "G1 Refine#1" [stack: 0x0000000f36a00000,0x0000000f36b00000] [id=952]
  0x00000203d229afb0 ConcurrentGCThread "G1 Service" [stack: 0x0000000f35700000,0x0000000f35800000] [id=10160]

Threads with active compile tasks:
C2 CompilerThread0    35475 9883       4       org.springframework.web.servlet.mvc.method.RequestMappingInfo::getMatchingCondition (182 bytes)
C2 CompilerThread1    35475 10100       4       org.springframework.util.StringUtils::uriDecode (197 bytes)

VM state: not at safepoint (normal execution)

VM Mutex/Monitor currently owned by a thread: None

Heap address: 0x0000000081800000, size: 2024 MB, Compressed Oops mode: 32-bit

CDS archive(s) mapped at: [0x0000020380000000-0x0000020380bb0000-0x0000020380bb0000), size 12255232, SharedBaseAddress: 0x0000020380000000, ArchiveRelocationMode: 1.
Compressed class space mapped at: 0x0000020381000000-0x00000203c1000000, reserved size: 1073741824
Narrow klass base: 0x0000020380000000, Narrow klass shift: 0, Narrow klass range: 0x100000000

GC Precious Log:
 CPUs: 4 total, 4 available
 Memory: 8094M
 Large Page Support: Disabled
 NUMA Support: Disabled
 Compressed Oops: Enabled (32-bit)
 Heap Region Size: 1M
 Heap Min Capacity: 8M
 Heap Initial Capacity: 128M
 Heap Max Capacity: 2024M
 Pre-touch: Disabled
 Parallel Workers: 4
 Concurrent Workers: 1
 Concurrent Refinement Workers: 4
 Periodic GC: Disabled

Heap:
 garbage-first heap   total 76800K, used 51396K [0x0000000081800000, 0x0000000100000000)
  region size 1024K, 10 young (10240K), 2 survivors (2048K)
 Metaspace       used 84504K, committed 85120K, reserved 1179648K
  class space    used 11629K, committed 11904K, reserved 1048576K

Heap Regions: E=young(eden), S=young(survivor), O=old, HS=humongous(starts), HC=humongous(continues), CS=collection set, F=free, OA=open archive, CA=closed archive, TAMS=top-at-mark-start (previous, next)
|   0|0x0000000081800000, 0x0000000081900000, 0x0000000081900000|100%|HS|  |TAMS 0x0000000081900000, 0x0000000081800000| Complete 
|   1|0x0000000081900000, 0x0000000081a00000, 0x0000000081a00000|100%| O|  |TAMS 0x0000000081a00000, 0x0000000081900000| Untracked 
|   2|0x0000000081a00000, 0x0000000081b00000, 0x0000000081b00000|100%| O|  |TAMS 0x0000000081b00000, 0x0000000081a00000| Untracked 
|   3|0x0000000081b00000, 0x0000000081c00000, 0x0000000081c00000|100%| O|  |TAMS 0x0000000081c00000, 0x0000000081b00000| Untracked 
|   4|0x0000000081c00000, 0x0000000081d00000, 0x0000000081d00000|100%| O|  |TAMS 0x0000000081d00000, 0x0000000081c00000| Untracked 
|   5|0x0000000081d00000, 0x0000000081e00000, 0x0000000081e00000|100%| O|  |TAMS 0x0000000081e00000, 0x0000000081d00000| Untracked 
|   6|0x0000000081e00000, 0x0000000081e00000, 0x0000000081f00000|  0%| F|  |TAMS 0x0000000081e00000, 0x0000000081e00000| Untracked 
|   7|0x0000000081f00000, 0x0000000082000000, 0x0000000082000000|100%| O|  |TAMS 0x0000000082000000, 0x0000000081f00000| Untracked 
|   8|0x0000000082000000, 0x0000000082100000, 0x0000000082100000|100%| O|  |TAMS 0x0000000082100000, 0x0000000082000000| Untracked 
|   9|0x0000000082100000, 0x0000000082200000, 0x0000000082200000|100%| O|  |TAMS 0x0000000082200000, 0x0000000082100000| Untracked 
|  10|0x0000000082200000, 0x0000000082300000, 0x0000000082300000|100%| O|  |TAMS 0x0000000082300000, 0x0000000082200000| Untracked 
|  11|0x0000000082300000, 0x0000000082400000, 0x0000000082400000|100%| O|  |TAMS 0x0000000082400000, 0x0000000082300000| Untracked 
|  12|0x0000000082400000, 0x0000000082500000, 0x0000000082500000|100%| O|  |TAMS 0x0000000082500000, 0x0000000082400000| Untracked 
|  13|0x0000000082500000, 0x0000000082600000, 0x0000000082600000|100%| O|  |TAMS 0x0000000082600000, 0x0000000082500000| Untracked 
|  14|0x0000000082600000, 0x0000000082700000, 0x0000000082700000|100%| O|  |TAMS 0x0000000082700000, 0x0000000082600000| Untracked 
|  15|0x0000000082700000, 0x0000000082800000, 0x0000000082800000|100%| O|  |TAMS 0x0000000082800000, 0x0000000082700000| Untracked 
|  16|0x0000000082800000, 0x0000000082900000, 0x0000000082900000|100%| O|  |TAMS 0x0000000082900000, 0x0000000082800000| Untracked 
|  17|0x0000000082900000, 0x0000000082a00000, 0x0000000082a00000|100%| O|  |TAMS 0x0000000082a00000, 0x0000000082900000| Complete 
|  18|0x0000000082a00000, 0x0000000082b00000, 0x0000000082b00000|100%| O|  |TAMS 0x0000000082b00000, 0x0000000082a00000| Untracked 
|  19|0x0000000082b00000, 0x0000000082c00000, 0x0000000082c00000|100%| O|  |TAMS 0x0000000082c00000, 0x0000000082b00000| Untracked 
|  20|0x0000000082c00000, 0x0000000082d00000, 0x0000000082d00000|100%| O|  |TAMS 0x0000000082d00000, 0x0000000082c00000| Untracked 
|  21|0x0000000082d00000, 0x0000000082e00000, 0x0000000082e00000|100%| O|  |TAMS 0x0000000082e00000, 0x0000000082d00000| Untracked 
|  22|0x0000000082e00000, 0x0000000082f00000, 0x0000000082f00000|100%| O|  |TAMS 0x0000000082f00000, 0x0000000082e00000| Untracked 
|  23|0x0000000082f00000, 0x0000000083000000, 0x0000000083000000|100%| O|  |TAMS 0x0000000083000000, 0x0000000082f00000| Untracked 
|  24|0x0000000083000000, 0x0000000083100000, 0x0000000083100000|100%| O|  |TAMS 0x0000000083100000, 0x0000000083000000| Untracked 
|  25|0x0000000083100000, 0x0000000083200000, 0x0000000083200000|100%| O|  |TAMS 0x0000000083200000, 0x0000000083100000| Untracked 
|  26|0x0000000083200000, 0x0000000083300000, 0x0000000083300000|100%| O|  |TAMS 0x0000000083300000, 0x0000000083200000| Untracked 
|  27|0x0000000083300000, 0x0000000083400000, 0x0000000083400000|100%| O|  |TAMS 0x0000000083400000, 0x0000000083300000| Untracked 
|  28|0x0000000083400000, 0x0000000083500000, 0x0000000083500000|100%| O|  |TAMS 0x0000000083500000, 0x0000000083400000| Untracked 
|  29|0x0000000083500000, 0x0000000083600000, 0x0000000083600000|100%| O|  |TAMS 0x0000000083600000, 0x0000000083500000| Untracked 
|  30|0x0000000083600000, 0x0000000083700000, 0x0000000083700000|100%| O|  |TAMS 0x0000000083700000, 0x0000000083600000| Untracked 
|  31|0x0000000083700000, 0x0000000083800000, 0x0000000083800000|100%| O|  |TAMS 0x0000000083800000, 0x0000000083700000| Untracked 
|  32|0x0000000083800000, 0x0000000083900000, 0x0000000083900000|100%| O|  |TAMS 0x0000000083900000, 0x0000000083800000| Untracked 
|  33|0x0000000083900000, 0x0000000083a00000, 0x0000000083a00000|100%| O|  |TAMS 0x0000000083a00000, 0x0000000083900000| Untracked 
|  34|0x0000000083a00000, 0x0000000083b00000, 0x0000000083b00000|100%| O|  |TAMS 0x0000000083b00000, 0x0000000083a00000| Untracked 
|  35|0x0000000083b00000, 0x0000000083c00000, 0x0000000083c00000|100%| O|  |TAMS 0x0000000083c00000, 0x0000000083b00000| Untracked 
|  36|0x0000000083c00000, 0x0000000083d00000, 0x0000000083d00000|100%| O|  |TAMS 0x0000000083d00000, 0x0000000083c00000| Untracked 
|  37|0x0000000083d00000, 0x0000000083e00000, 0x0000000083e00000|100%| O|  |TAMS 0x0000000083e00000, 0x0000000083d00000| Untracked 
|  38|0x0000000083e00000, 0x0000000083f00000, 0x0000000083f00000|100%| O|  |TAMS 0x0000000083f00000, 0x0000000083e00000| Untracked 
|  39|0x0000000083f00000, 0x0000000084000000, 0x0000000084000000|100%| O|  |TAMS 0x0000000084000000, 0x0000000083f00000| Untracked 
|  40|0x0000000084000000, 0x0000000084100000, 0x0000000084100000|100%| O|  |TAMS 0x0000000084100000, 0x0000000084000000| Untracked 
|  41|0x0000000084100000, 0x0000000084200000, 0x0000000084200000|100%| O|  |TAMS 0x0000000084200000, 0x0000000084100000| Untracked 
|  42|0x0000000084200000, 0x00000000842dcc00, 0x0000000084300000| 86%| O|  |TAMS 0x00000000842dcc00, 0x0000000084200000| Untracked 
|  43|0x0000000084300000, 0x0000000084300000, 0x0000000084400000|  0%| F|  |TAMS 0x0000000084300000, 0x0000000084300000| Untracked 
|  44|0x0000000084400000, 0x0000000084400000, 0x0000000084500000|  0%| F|  |TAMS 0x0000000084400000, 0x0000000084400000| Untracked 
|  45|0x0000000084500000, 0x0000000084500000, 0x0000000084600000|  0%| F|  |TAMS 0x0000000084500000, 0x0000000084500000| Untracked 
|  46|0x0000000084600000, 0x0000000084600000, 0x0000000084700000|  0%| F|  |TAMS 0x0000000084600000, 0x0000000084600000| Untracked 
|  47|0x0000000084700000, 0x0000000084700000, 0x0000000084800000|  0%| F|  |TAMS 0x0000000084700000, 0x0000000084700000| Untracked 
|  48|0x0000000084800000, 0x0000000084800000, 0x0000000084900000|  0%| F|  |TAMS 0x0000000084800000, 0x0000000084800000| Untracked 
|  49|0x0000000084900000, 0x0000000084900000, 0x0000000084a00000|  0%| F|  |TAMS 0x0000000084900000, 0x0000000084900000| Untracked 
|  50|0x0000000084a00000, 0x0000000084a00000, 0x0000000084b00000|  0%| F|  |TAMS 0x0000000084a00000, 0x0000000084a00000| Untracked 
|  51|0x0000000084b00000, 0x0000000084b00000, 0x0000000084c00000|  0%| F|  |TAMS 0x0000000084b00000, 0x0000000084b00000| Untracked 
|  52|0x0000000084c00000, 0x0000000084c00000, 0x0000000084d00000|  0%| F|  |TAMS 0x0000000084c00000, 0x0000000084c00000| Untracked 
|  53|0x0000000084d00000, 0x0000000084d00000, 0x0000000084e00000|  0%| F|  |TAMS 0x0000000084d00000, 0x0000000084d00000| Untracked 
|  54|0x0000000084e00000, 0x0000000084e54760, 0x0000000084f00000| 32%| S|CS|TAMS 0x0000000084e00000, 0x0000000084e00000| Complete 
|  55|0x0000000084f00000, 0x0000000085000000, 0x0000000085000000|100%| S|CS|TAMS 0x0000000084f00000, 0x0000000084f00000| Complete 
|  56|0x0000000085000000, 0x0000000085000000, 0x0000000085100000|  0%| F|  |TAMS 0x0000000085000000, 0x0000000085000000| Untracked 
|  57|0x0000000085100000, 0x0000000085100000, 0x0000000085200000|  0%| F|  |TAMS 0x0000000085100000, 0x0000000085100000| Untracked 
|  58|0x0000000085200000, 0x0000000085200000, 0x0000000085300000|  0%| F|  |TAMS 0x0000000085200000, 0x0000000085200000| Untracked 
|  59|0x0000000085300000, 0x0000000085300000, 0x0000000085400000|  0%| F|  |TAMS 0x0000000085300000, 0x0000000085300000| Untracked 
|  60|0x0000000085400000, 0x0000000085400000, 0x0000000085500000|  0%| F|  |TAMS 0x0000000085400000, 0x0000000085400000| Untracked 
|  61|0x0000000085500000, 0x0000000085500000, 0x0000000085600000|  0%| F|  |TAMS 0x0000000085500000, 0x0000000085500000| Untracked 
|  62|0x0000000085600000, 0x0000000085600000, 0x0000000085700000|  0%| F|  |TAMS 0x0000000085600000, 0x0000000085600000| Untracked 
|  63|0x0000000085700000, 0x0000000085700000, 0x0000000085800000|  0%| F|  |TAMS 0x0000000085700000, 0x0000000085700000| Untracked 
|  64|0x0000000085800000, 0x0000000085800000, 0x0000000085900000|  0%| F|  |TAMS 0x0000000085800000, 0x0000000085800000| Untracked 
|  65|0x0000000085900000, 0x0000000085900000, 0x0000000085a00000|  0%| F|  |TAMS 0x0000000085900000, 0x0000000085900000| Untracked 
|  66|0x0000000085a00000, 0x0000000085a00000, 0x0000000085b00000|  0%| F|  |TAMS 0x0000000085a00000, 0x0000000085a00000| Untracked 
|  67|0x0000000085b00000, 0x0000000085b722f0, 0x0000000085c00000| 44%| E|  |TAMS 0x0000000085b00000, 0x0000000085b00000| Complete 
|  70|0x0000000085e00000, 0x0000000085f00000, 0x0000000085f00000|100%| E|CS|TAMS 0x0000000085e00000, 0x0000000085e00000| Complete 
|  71|0x0000000085f00000, 0x0000000086000000, 0x0000000086000000|100%| E|CS|TAMS 0x0000000085f00000, 0x0000000085f00000| Complete 
|  72|0x0000000086000000, 0x0000000086100000, 0x0000000086100000|100%| E|CS|TAMS 0x0000000086000000, 0x0000000086000000| Complete 
|  73|0x0000000086100000, 0x0000000086200000, 0x0000000086200000|100%| E|CS|TAMS 0x0000000086100000, 0x0000000086100000| Complete 
|  74|0x0000000086200000, 0x0000000086300000, 0x0000000086300000|100%| E|CS|TAMS 0x0000000086200000, 0x0000000086200000| Complete 
|  75|0x0000000086300000, 0x0000000086400000, 0x0000000086400000|100%| E|CS|TAMS 0x0000000086300000, 0x0000000086300000| Complete 
|  76|0x0000000086400000, 0x0000000086500000, 0x0000000086500000|100%| E|CS|TAMS 0x0000000086400000, 0x0000000086400000| Complete 

Card table byte_map: [0x00000203e9100000,0x00000203e9500000] _byte_map_base: 0x00000203e8cf4000

Marking Bits (Prev, Next): (CMBitMap*) 0x00000203d22542a0, (CMBitMap*) 0x00000203d2254260
 Prev Bits: [0x00000203eb8a0000, 0x00000203ed840000)
 Next Bits: [0x00000203e9900000, 0x00000203eb8a0000)

Polling page: 0x00000203d0190000

Metaspace:

Usage:
  Non-class:     71.17 MB used.
      Class:     11.36 MB used.
       Both:     82.52 MB used.

Virtual space:
  Non-class space:      128.00 MB reserved,      71.50 MB ( 56%) committed,  2 nodes.
      Class space:        1.00 GB reserved,      11.63 MB (  1%) committed,  1 nodes.
             Both:        1.13 GB reserved,      83.13 MB (  7%) committed. 

Chunk freelists:
   Non-Class:  8.17 MB
       Class:  4.28 MB
        Both:  12.45 MB

MaxMetaspaceSize: unlimited
CompressedClassSpaceSize: 1.00 GB
Initial GC threshold: 21.00 MB
Current GC threshold: 137.75 MB
CDS: on
MetaspaceReclaimPolicy: balanced
 - commit_granule_bytes: 65536.
 - commit_granule_words: 8192.
 - virtual_space_node_default_size: 8388608.
 - enlarge_chunks_in_place: 1.
 - new_chunks_are_fully_committed: 0.
 - uncommit_free_chunks: 1.
 - use_allocation_guard: 0.
 - handle_deallocations: 1.


Internal statistics:

num_allocs_failed_limit: 9.
num_arena_births: 930.
num_arena_deaths: 6.
num_vsnodes_births: 3.
num_vsnodes_deaths: 0.
num_space_committed: 1330.
num_space_uncommitted: 0.
num_chunks_returned_to_freelist: 16.
num_chunks_taken_from_freelist: 4082.
num_chunk_merges: 9.
num_chunk_splits: 2981.
num_chunks_enlarged: 2332.
num_inconsistent_stats: 0.

CodeHeap 'non-profiled nmethods': size=120000Kb used=5420Kb max_used=5659Kb free=114579Kb
 bounds [0x00000203e17d0000, 0x00000203e1d60000, 0x00000203e8d00000]
CodeHeap 'profiled nmethods': size=120000Kb used=16120Kb max_used=16120Kb free=103880Kb
 bounds [0x00000203d9d00000, 0x00000203dacc0000, 0x00000203e1230000]
CodeHeap 'non-nmethods': size=5760Kb used=1376Kb max_used=1438Kb free=4383Kb
 bounds [0x00000203e1230000, 0x00000203e14a0000, 0x00000203e17d0000]
 total_blobs=9281 nmethods=8566 adapters=626
 compilation: enabled
              stopped_count=0, restarted_count=0
 full_count=0

Compilation events (20 events):
Event: 35.322 Thread 0x00000203efd2bf50 nmethod 10031 0x00000203e1be8e90 code [0x00000203e1be9020, 0x00000203e1be90f8]
Event: 35.322 Thread 0x00000203efd2bf50 10032       3       org.hibernate.type.descriptor.java.AbstractClassJavaType::extractHashCode (5 bytes)
Event: 35.322 Thread 0x00000203efd2bf50 nmethod 10032 0x00000203dac99b10 code [0x00000203dac99cc0, 0x00000203dac99e88]
Event: 35.322 Thread 0x00000203efd2bf50 10033       1       org.hibernate.persister.entity.AbstractEntityPersister::getEntityEntryFactory (5 bytes)
Event: 35.322 Thread 0x00000203efd2bf50 nmethod 10033 0x00000203e1be8b90 code [0x00000203e1be8d20, 0x00000203e1be8df8]
Event: 35.322 Thread 0x00000203efd2bf50 10034       1       org.hibernate.engine.internal.AbstractEntityEntry$BooleanState::getUnsetMask (5 bytes)
Event: 35.322 Thread 0x00000203efd2bf50 nmethod 10034 0x00000203e1be8890 code [0x00000203e1be8a20, 0x00000203e1be8af8]
Event: 35.323 Thread 0x00000203efd2bf50 10035       1       org.hibernate.engine.internal.AbstractEntityEntry$BooleanState::getOffset (5 bytes)
Event: 35.323 Thread 0x00000203efd2bf50 nmethod 10035 0x00000203e1be8590 code [0x00000203e1be8720, 0x00000203e1be87f8]
Event: 35.323 Thread 0x00000203efd2bf50 10036       1       sun.util.calendar.CalendarDate::getZone (5 bytes)
Event: 35.323 Thread 0x00000203efd2bf50 nmethod 10036 0x00000203e1be8290 code [0x00000203e1be8420, 0x00000203e1be84f8]
Event: 35.323 Thread 0x00000203efd2bf50 10037       3       org.hibernate.engine.internal.ManagedTypeHelper::isManagedEntity (29 bytes)
Event: 35.324 Thread 0x00000203efd2bf50 nmethod 10037 0x00000203dac99f90 code [0x00000203dac9a160, 0x00000203dac9a608]
Event: 35.324 Thread 0x00000203efd2bf50 10038       3       org.hibernate.engine.internal.StatefulPersistenceContext::getEntry (9 bytes)
Event: 35.324 Thread 0x00000203efd2bf50 nmethod 10038 0x00000203dac9a710 code [0x00000203dac9a8e0, 0x00000203dac9ab88]
Event: 35.324 Thread 0x00000203efd2bf50 10039       3       org.hibernate.engine.internal.EntityEntryContext::getEntityEntry (21 bytes)
Event: 35.324 Thread 0x00000203efd2bf50 nmethod 10039 0x00000203dac9ad10 code [0x00000203dac9aec0, 0x00000203dac9b0e8]
Event: 35.324 Thread 0x00000203efd2bf50 10040       1       org.hibernate.sql.results.jdbc.internal.AbstractResultSetAccess::getPersistenceContext (5 bytes)
Event: 35.324 Thread 0x00000203efd2bf50 nmethod 10040 0x00000203e1be7f90 code [0x00000203e1be8120, 0x00000203e1be81f8]
Event: 35.325 Thread 0x00000203efd2bf50 10041       3       com.mysql.cj.protocol.ReadAheadInputStream::fill (284 bytes)

GC Heap History (20 events):
Event: 19.254 GC heap before
{Heap before GC invocations=31 (full 0):
 garbage-first heap   total 60416K, used 48212K [0x0000000081800000, 0x0000000100000000)
  region size 1024K, 18 young (18432K), 2 survivors (2048K)
 Metaspace       used 67211K, committed 67776K, reserved 1114112K
  class space    used 9396K, committed 9664K, reserved 1048576K
}
Event: 19.258 GC heap after
{Heap after GC invocations=32 (full 0):
 garbage-first heap   total 60416K, used 32005K [0x0000000081800000, 0x0000000100000000)
  region size 1024K, 2 young (2048K), 2 survivors (2048K)
 Metaspace       used 67211K, committed 67776K, reserved 1114112K
  class space    used 9396K, committed 9664K, reserved 1048576K
}
Event: 19.558 GC heap before
{Heap before GC invocations=33 (full 0):
 garbage-first heap   total 61440K, used 48389K [0x0000000081800000, 0x0000000100000000)
  region size 1024K, 18 young (18432K), 2 survivors (2048K)
 Metaspace       used 67303K, committed 67840K, reserved 1114112K
  class space    used 9402K, committed 9664K, reserved 1048576K
}
Event: 19.562 GC heap after
{Heap after GC invocations=34 (full 0):
 garbage-first heap   total 61440K, used 32288K [0x0000000081800000, 0x0000000100000000)
  region size 1024K, 2 young (2048K), 2 survivors (2048K)
 Metaspace       used 67303K, committed 67840K, reserved 1114112K
  class space    used 9402K, committed 9664K, reserved 1048576K
}
Event: 19.788 GC heap before
{Heap before GC invocations=34 (full 0):
 garbage-first heap   total 61440K, used 50720K [0x0000000081800000, 0x0000000100000000)
  region size 1024K, 20 young (20480K), 2 survivors (2048K)
 Metaspace       used 67524K, committed 68160K, reserved 1114112K
  class space    used 9420K, committed 9728K, reserved 1048576K
}
Event: 19.793 GC heap after
{Heap after GC invocations=35 (full 0):
 garbage-first heap   total 61440K, used 32769K [0x0000000081800000, 0x0000000100000000)
  region size 1024K, 3 young (3072K), 3 survivors (3072K)
 Metaspace       used 67524K, committed 68160K, reserved 1114112K
  class space    used 9420K, committed 9728K, reserved 1048576K
}
Event: 20.422 GC heap before
{Heap before GC invocations=36 (full 0):
 garbage-first heap   total 63488K, used 49153K [0x0000000081800000, 0x0000000100000000)
  region size 1024K, 19 young (19456K), 3 survivors (3072K)
 Metaspace       used 69175K, committed 69760K, reserved 1114112K
  class space    used 9673K, committed 9920K, reserved 1048576K
}
Event: 20.428 GC heap after
{Heap after GC invocations=37 (full 0):
 garbage-first heap   total 63488K, used 34158K [0x0000000081800000, 0x0000000100000000)
  region size 1024K, 3 young (3072K), 3 survivors (3072K)
 Metaspace       used 69175K, committed 69760K, reserved 1114112K
  class space    used 9673K, committed 9920K, reserved 1048576K
}
Event: 21.143 GC heap before
{Heap before GC invocations=37 (full 0):
 garbage-first heap   total 63488K, used 51566K [0x0000000081800000, 0x0000000100000000)
  region size 1024K, 20 young (20480K), 3 survivors (3072K)
 Metaspace       used 71342K, committed 71936K, reserved 1114112K
  class space    used 9991K, committed 10240K, reserved 1048576K
}
Event: 21.151 GC heap after
{Heap after GC invocations=38 (full 0):
 garbage-first heap   total 76800K, used 35736K [0x0000000081800000, 0x0000000100000000)
  region size 1024K, 3 young (3072K), 3 survivors (3072K)
 Metaspace       used 71342K, committed 71936K, reserved 1114112K
  class space    used 9991K, committed 10240K, reserved 1048576K
}
Event: 22.565 GC heap before
{Heap before GC invocations=39 (full 0):
 garbage-first heap   total 76800K, used 60312K [0x0000000081800000, 0x0000000100000000)
  region size 1024K, 28 young (28672K), 3 survivors (3072K)
 Metaspace       used 73953K, committed 74560K, reserved 1114112K
  class space    used 10367K, committed 10688K, reserved 1048576K
}
Event: 22.575 GC heap after
{Heap after GC invocations=40 (full 0):
 garbage-first heap   total 76800K, used 38567K [0x0000000081800000, 0x0000000100000000)
  region size 1024K, 4 young (4096K), 4 survivors (4096K)
 Metaspace       used 73953K, committed 74560K, reserved 1114112K
  class space    used 10367K, committed 10688K, reserved 1048576K
}
Event: 29.946 GC heap before
{Heap before GC invocations=40 (full 0):
 garbage-first heap   total 76800K, used 61095K [0x0000000081800000, 0x0000000100000000)
  region size 1024K, 26 young (26624K), 4 survivors (4096K)
 Metaspace       used 78163K, committed 78784K, reserved 1179648K
  class space    used 10923K, committed 11200K, reserved 1048576K
}
Event: 29.963 GC heap after
{Heap after GC invocations=41 (full 0):
 garbage-first heap   total 76800K, used 41272K [0x0000000081800000, 0x0000000100000000)
  region size 1024K, 3 young (3072K), 3 survivors (3072K)
 Metaspace       used 78163K, committed 78784K, reserved 1179648K
  class space    used 10923K, committed 11200K, reserved 1048576K
}
Event: 32.408 GC heap before
{Heap before GC invocations=42 (full 0):
 garbage-first heap   total 76800K, used 59704K [0x0000000081800000, 0x0000000100000000)
  region size 1024K, 22 young (22528K), 3 survivors (3072K)
 Metaspace       used 80944K, committed 81472K, reserved 1179648K
  class space    used 11206K, committed 11456K, reserved 1048576K
}
Event: 32.414 GC heap after
{Heap after GC invocations=43 (full 0):
 garbage-first heap   total 76800K, used 42968K [0x0000000081800000, 0x0000000100000000)
  region size 1024K, 2 young (2048K), 2 survivors (2048K)
 Metaspace       used 80944K, committed 81472K, reserved 1179648K
  class space    used 11206K, committed 11456K, reserved 1048576K
}
Event: 32.434 GC heap before
{Heap before GC invocations=43 (full 0):
 garbage-first heap   total 76800K, used 42968K [0x0000000081800000, 0x0000000100000000)
  region size 1024K, 3 young (3072K), 2 survivors (2048K)
 Metaspace       used 81042K, committed 81600K, reserved 1179648K
  class space    used 11218K, committed 11456K, reserved 1048576K
}
Event: 32.438 GC heap after
{Heap after GC invocations=44 (full 0):
 garbage-first heap   total 76800K, used 43256K [0x0000000081800000, 0x0000000100000000)
  region size 1024K, 1 young (1024K), 1 survivors (1024K)
 Metaspace       used 81042K, committed 81600K, reserved 1179648K
  class space    used 11218K, committed 11456K, reserved 1048576K
}
Event: 33.767 GC heap before
{Heap before GC invocations=44 (full 0):
 garbage-first heap   total 76800K, used 61688K [0x0000000081800000, 0x0000000100000000)
  region size 1024K, 19 young (19456K), 1 survivors (1024K)
 Metaspace       used 83956K, committed 84544K, reserved 1179648K
  class space    used 11591K, committed 11840K, reserved 1048576K
}
Event: 33.772 GC heap after
{Heap after GC invocations=45 (full 0):
 garbage-first heap   total 76800K, used 44228K [0x0000000081800000, 0x0000000100000000)
  region size 1024K, 2 young (2048K), 2 survivors (2048K)
 Metaspace       used 83956K, committed 84544K, reserved 1179648K
  class space    used 11591K, committed 11840K, reserved 1048576K
}

Dll operation events (14 events):
Event: 0.012 Loaded shared library C:\Users\Admin\.jdks\corretto-17.0.10\bin\java.dll
Event: 0.037 Loaded shared library C:\Users\Admin\.jdks\corretto-17.0.10\bin\jsvml.dll
Event: 0.225 Loaded shared library C:\Users\Admin\.jdks\corretto-17.0.10\bin\zip.dll
Event: 0.228 Loaded shared library C:\Users\Admin\.jdks\corretto-17.0.10\bin\instrument.dll
Event: 0.238 Loaded shared library C:\Users\Admin\.jdks\corretto-17.0.10\bin\net.dll
Event: 0.240 Loaded shared library C:\Users\Admin\.jdks\corretto-17.0.10\bin\nio.dll
Event: 0.244 Loaded shared library C:\Users\Admin\.jdks\corretto-17.0.10\bin\zip.dll
Event: 0.420 Loaded shared library C:\Program Files\JetBrains\IntelliJ IDEA Community Edition 2023.3.4\bin\breakgen64.dll
Event: 0.439 Loaded shared library C:\Users\Admin\.jdks\corretto-17.0.10\bin\extnet.dll
Event: 0.501 Loaded shared library C:\Users\Admin\.jdks\corretto-17.0.10\bin\jimage.dll
Event: 1.355 Loaded shared library C:\Users\Admin\.jdks\corretto-17.0.10\bin\management.dll
Event: 1.358 Loaded shared library C:\Users\Admin\.jdks\corretto-17.0.10\bin\management_ext.dll
Event: 4.026 Loaded shared library C:\Users\Admin\.jdks\corretto-17.0.10\bin\sunmscapi.dll
Event: 10.865 Loaded shared library C:\Users\Admin\.jdks\corretto-17.0.10\bin\verify.dll

Deoptimization events (20 events):
Event: 34.668 Thread 0x00000203f4d565e0 Uncommon trap: trap_request=0xffffffc6 fr.pc=0x00000203e1b33398 relative=0x0000000000006ef8
Event: 34.668 Thread 0x00000203f4d565e0 Uncommon trap: reason=bimorphic_or_optimized_type_check action=maybe_recompile pc=0x00000203e1b33398 method=org.springframework.web.servlet.mvc.condition.RequestMethodsRequestCondition.getMatchingCondition(Ljakarta/servlet/http/HttpServletRequest;)Lorg/sp
Event: 34.668 Thread 0x00000203f4d565e0 DEOPT PACKING pc=0x00000203e1b33398 sp=0x0000000f374fd080
Event: 34.668 Thread 0x00000203f4d565e0 DEOPT UNPACKING pc=0x00000203e12869a3 sp=0x0000000f374fd040 mode 2
Event: 34.765 Thread 0x00000203f9ffc4f0 Uncommon trap: trap_request=0xffffffc6 fr.pc=0x00000203e1b33398 relative=0x0000000000006ef8
Event: 34.765 Thread 0x00000203f9ff9760 Uncommon trap: trap_request=0xffffffc6 fr.pc=0x00000203e1b33398 relative=0x0000000000006ef8
Event: 34.765 Thread 0x00000203f9ff9250 Uncommon trap: trap_request=0xffffffc6 fr.pc=0x00000203e1b33398 relative=0x0000000000006ef8
Event: 34.765 Thread 0x00000203f9ffc4f0 Uncommon trap: reason=bimorphic_or_optimized_type_check action=maybe_recompile pc=0x00000203e1b33398 method=org.springframework.web.servlet.mvc.condition.RequestMethodsRequestCondition.getMatchingCondition(Ljakarta/servlet/http/HttpServletRequest;)Lorg/sp
Event: 34.765 Thread 0x00000203f9ff9760 Uncommon trap: reason=bimorphic_or_optimized_type_check action=maybe_recompile pc=0x00000203e1b33398 method=org.springframework.web.servlet.mvc.condition.RequestMethodsRequestCondition.getMatchingCondition(Ljakarta/servlet/http/HttpServletRequest;)Lorg/sp
Event: 34.765 Thread 0x00000203f9ff9250 Uncommon trap: reason=bimorphic_or_optimized_type_check action=maybe_recompile pc=0x00000203e1b33398 method=org.springframework.web.servlet.mvc.condition.RequestMethodsRequestCondition.getMatchingCondition(Ljakarta/servlet/http/HttpServletRequest;)Lorg/sp
Event: 34.765 Thread 0x00000203f9ff9760 DEOPT PACKING pc=0x00000203e1b33398 sp=0x0000000f376fd150
Event: 34.765 Thread 0x00000203f9ffc4f0 DEOPT PACKING pc=0x00000203e1b33398 sp=0x0000000f379fd040
Event: 34.765 Thread 0x00000203f9ffc4f0 DEOPT UNPACKING pc=0x00000203e12869a3 sp=0x0000000f379fd000 mode 2
Event: 34.765 Thread 0x00000203f9ff9760 DEOPT UNPACKING pc=0x00000203e12869a3 sp=0x0000000f376fd110 mode 2
Event: 34.765 Thread 0x00000203f9ff9250 DEOPT PACKING pc=0x00000203e1b33398 sp=0x0000000f378fcf30
Event: 34.765 Thread 0x00000203f9ff9250 DEOPT UNPACKING pc=0x00000203e12869a3 sp=0x0000000f378fcef0 mode 2
Event: 35.197 Thread 0x00000203f9ff9c70 Uncommon trap: trap_request=0xffffff66 fr.pc=0x00000203e1d17b2c relative=0x0000000000000e6c
Event: 35.197 Thread 0x00000203f9ff9c70 Uncommon trap: reason=speculate_class_check action=maybe_recompile pc=0x00000203e1d17b2c method=org.springframework.transaction.interceptor.AbstractFallbackTransactionAttributeSource.getTransactionAttribute(Ljava/lang/reflect/Method;Ljava/lang/Class;)Lorg
Event: 35.197 Thread 0x00000203f9ff9c70 DEOPT PACKING pc=0x00000203e1d17b2c sp=0x0000000f37dfa170
Event: 35.197 Thread 0x00000203f9ff9c70 DEOPT UNPACKING pc=0x00000203e12869a3 sp=0x0000000f37dfa128 mode 2

Classes unloaded (3 events):
Event: 30.084 Thread 0x00000203efd0b980 Unloading class 0x0000020381990400 'jdk/internal/reflect/GeneratedSerializationConstructorAccessor22'
Event: 33.948 Thread 0x00000203efd0b980 Unloading class 0x0000020381b0c800 'java/lang/invoke/LambdaForm$DMH+0x0000020381b0c800'
Event: 33.948 Thread 0x00000203efd0b980 Unloading class 0x0000020381b0c400 'java/lang/invoke/LambdaForm$DMH+0x0000020381b0c400'

Classes redefined (0 events):
No events

Internal exceptions (20 events):
Event: 21.110 Thread 0x00000203f430ef30 Exception <a 'java/lang/IncompatibleClassChangeError'{0x000000008421cd40}: Found class java.lang.Object, but interface was expected> (0x000000008421cd40) 
thrown [s\src\hotspot\share\interpreter\linkResolver.cpp, line 826]
Event: 21.629 Thread 0x00000203f430ef30 Exception <a 'java/lang/NoSuchMethodError'{0x0000000085e86ba0}: 'java.lang.Object java.lang.invoke.DirectMethodHandle$Holder.invokeInterface(java.lang.Object, java.lang.Object, java.lang.Object, java.lang.Object)'> (0x0000000085e86ba0) 
thrown [s\src\hotspot\share\interpreter\linkResolver.cpp, line 759]
Event: 21.716 Thread 0x00000203f430ef30 Exception <a 'java/lang/NoSuchMethodError'{0x0000000085a957e0}: 'void java.lang.invoke.DirectMethodHandle$Holder.invokeVirtual(java.lang.Object, java.lang.Object, long)'> (0x0000000085a957e0) 
thrown [s\src\hotspot\share\interpreter\linkResolver.cpp, line 759]
Event: 21.949 Thread 0x00000203f430ef30 Exception <a 'java/lang/NoSuchMethodError'{0x0000000085560ad8}: 'int java.lang.invoke.DirectMethodHandle$Holder.invokeStaticInit(java.lang.Object, java.lang.Object, java.lang.Object, java.lang.Object)'> (0x0000000085560ad8) 
thrown [s\src\hotspot\share\interpreter\linkResolver.cpp, line 759]
Event: 22.081 Thread 0x00000203f430ef30 Exception <a 'java/lang/IncompatibleClassChangeError'{0x000000008520ab58}: Found class java.lang.Object, but interface was expected> (0x000000008520ab58) 
thrown [s\src\hotspot\share\interpreter\linkResolver.cpp, line 826]
Event: 22.588 Thread 0x00000203f430ef30 Exception <a 'java/lang/NoSuchMethodError'{0x0000000086454208}: 'java.lang.Object java.lang.invoke.DirectMethodHandle$Holder.newInvokeSpecial(java.lang.Object, java.lang.Object, int, java.lang.Object, java.lang.Object)'> (0x0000000086454208) 
thrown [s\src\hotspot\share\interpreter\linkResolver.cpp, line 759]
Event: 22.589 Thread 0x00000203f430ef30 Exception <a 'java/lang/NoSuchMethodError'{0x000000008645f4a0}: 'java.lang.Object java.lang.invoke.DirectMethodHandle$Holder.invokeSpecial(java.lang.Object, java.lang.Object, int, java.lang.Object, int, java.lang.Object)'> (0x000000008645f4a0) 
thrown [s\src\hotspot\share\interpreter\linkResolver.cpp, line 759]
Event: 22.590 Thread 0x00000203f430ef30 Exception <a 'java/lang/NoSuchMethodError'{0x00000000864674c0}: 'java.lang.Object java.lang.invoke.DirectMethodHandle$Holder.newInvokeSpecial(java.lang.Object, java.lang.Object, int, java.lang.Object, int)'> (0x00000000864674c0) 
thrown [s\src\hotspot\share\interpreter\linkResolver.cpp, line 759]
Event: 22.590 Thread 0x00000203f430ef30 Exception <a 'java/lang/NoSuchMethodError'{0x000000008646b5c0}: 'java.lang.Object java.lang.invoke.DirectMethodHandle$Holder.invokeSpecial(java.lang.Object, java.lang.Object, java.lang.Object, int, java.lang.Object, int)'> (0x000000008646b5c0) 
thrown [s\src\hotspot\share\interpreter\linkResolver.cpp, line 759]
Event: 22.659 Thread 0x00000203f430ef30 Exception <a 'sun/nio/fs/WindowsException'{0x00000000862ee608}> (0x00000000862ee608) 
thrown [s\src\hotspot\share\prims\jni.cpp, line 516]
Event: 29.090 Thread 0x00000203f9ff9760 Exception <a 'java/lang/NoSuchMethodError'{0x0000000085bdc180}: 'java.lang.Object java.lang.invoke.DirectMethodHandle$Holder.invokeSpecial(java.lang.Object, java.lang.Object, java.lang.Object, java.lang.Object, java.lang.Object, long)'> (0x0000000085bdc180) 
thrown [s\src\hotspot\share\interpreter\linkResolver.cpp, line 759]
Event: 29.090 Thread 0x00000203f9ff9760 Exception <a 'java/lang/NoSuchMethodError'{0x0000000085bdfbc0}: 'java.lang.Object java.lang.invoke.Invokers$Holder.linkToTargetMethod(java.lang.Object, java.lang.Object, java.lang.Object, long, java.lang.Object)'> (0x0000000085bdfbc0) 
thrown [s\src\hotspot\share\interpreter\linkResolver.cpp, line 759]
Event: 30.428 Thread 0x00000203f9ffc4f0 Exception <a 'java/lang/NoSuchMethodError'{0x000000008623a098}: 'java.lang.Object java.lang.invoke.DirectMethodHandle$Holder.invokeStatic(java.lang.Object, int, int)'> (0x000000008623a098) 
thrown [s\src\hotspot\share\interpreter\linkResolver.cpp, line 759]
Event: 30.429 Thread 0x00000203f9ffd420 Exception <a 'java/lang/NoSuchMethodError'{0x0000000086230308}: 'java.lang.Object java.lang.invoke.DirectMethodHandle$Holder.invokeStatic(java.lang.Object, int, int)'> (0x0000000086230308) 
thrown [s\src\hotspot\share\interpreter\linkResolver.cpp, line 759]
Event: 30.430 Thread 0x00000203f9ff9250 Exception <a 'java/lang/NoSuchMethodError'{0x000000008624b9b0}: 'java.lang.Object java.lang.invoke.DirectMethodHandle$Holder.invokeStatic(java.lang.Object, int, int)'> (0x000000008624b9b0) 
thrown [s\src\hotspot\share\interpreter\linkResolver.cpp, line 759]
Event: 31.174 Thread 0x00000203f9ffd420 Exception <a 'java/io/IOException'{0x0000000085882bd0}> (0x0000000085882bd0) 
thrown [s\src\hotspot\share\prims\jni.cpp, line 516]
Event: 31.253 Thread 0x00000203f9ffbad0 Exception <a 'java/io/IOException'{0x00000000858ad7e8}> (0x00000000858ad7e8) 
thrown [s\src\hotspot\share\prims\jni.cpp, line 516]
Event: 32.516 Thread 0x00000203f9ff9c70 Exception <a 'java/lang/NoSuchMethodError'{0x00000000861da0c0}: 'void java.lang.invoke.DirectMethodHandle$Holder.invokeSpecialIFC(java.lang.Object, java.lang.Object, int, java.lang.Object, java.lang.Object, java.lang.Object, java.lang.Object)'> (0x00000000861da0c0) 
thrown [s\src\hotspot\share\interpreter\linkResolver.cpp, line 759]
Event: 33.413 Thread 0x00000203f9ffbad0 Exception <a 'java/lang/IncompatibleClassChangeError'{0x0000000085303768}: Found class java.lang.Object, but interface was expected> (0x0000000085303768) 
thrown [s\src\hotspot\share\interpreter\linkResolver.cpp, line 826]
Event: 33.470 Thread 0x00000203f9ffbad0 Implicit null exception at 0x00000203e18e409d to 0x00000203e18e5304

VM Operations (20 events):
Event: 32.363 Executing VM operation: HandshakeAllThreads
Event: 32.363 Executing VM operation: HandshakeAllThreads done
Event: 32.408 Executing VM operation: G1CollectForAllocation
Event: 32.414 Executing VM operation: G1CollectForAllocation done
Event: 32.417 Executing VM operation: HandshakeAllThreads
Event: 32.417 Executing VM operation: HandshakeAllThreads done
Event: 32.434 Executing VM operation: G1CollectForAllocation
Event: 32.438 Executing VM operation: G1CollectForAllocation done
Event: 32.482 Executing VM operation: HandshakeAllThreads
Event: 32.482 Executing VM operation: HandshakeAllThreads done
Event: 32.500 Executing VM operation: HandshakeAllThreads
Event: 32.500 Executing VM operation: HandshakeAllThreads done
Event: 33.441 Executing VM operation: ICBufferFull
Event: 33.442 Executing VM operation: ICBufferFull done
Event: 33.767 Executing VM operation: G1CollectForAllocation
Event: 33.774 Executing VM operation: G1CollectForAllocation done
Event: 33.914 Executing VM operation: G1PauseRemark
Event: 33.986 Executing VM operation: G1PauseRemark done
Event: 34.057 Executing VM operation: G1PauseCleanup
Event: 34.060 Executing VM operation: G1PauseCleanup done

Events (20 events):
Event: 31.174 loading class sun/net/ConnectionResetException
Event: 31.174 loading class sun/net/ConnectionResetException done
Event: 32.277 Thread 0x00000203f4ce15e0 Thread exited: 0x00000203f4ce15e0
Event: 32.297 loading class java/io/PushbackInputStream
Event: 32.297 loading class java/io/PushbackInputStream done
Event: 32.299 loading class org/w3c/dom/Node
Event: 32.300 loading class org/w3c/dom/Node done
Event: 32.300 loading class org/w3c/dom/Document
Event: 32.300 loading class org/w3c/dom/Document done
Event: 32.385 loading class sun/reflect/annotation/TypeAnnotation$TypeAnnotationTargetInfo
Event: 32.385 loading class sun/reflect/annotation/TypeAnnotation$TypeAnnotationTargetInfo done
Event: 32.648 loading class jdk/internal/reflect/UnsafeIntegerFieldAccessorImpl
Event: 32.648 loading class jdk/internal/reflect/UnsafeIntegerFieldAccessorImpl done
Event: 32.648 loading class jdk/internal/reflect/UnsafeDoubleFieldAccessorImpl
Event: 32.648 loading class jdk/internal/reflect/UnsafeDoubleFieldAccessorImpl done
Event: 32.971 Thread 0x00000203f4ce15e0 Thread added: 0x00000203f4ce15e0
Event: 33.146 Thread 0x00000203f4ce15e0 Thread exited: 0x00000203f4ce15e0
Event: 33.256 Thread 0x00000203f4ce15e0 Thread added: 0x00000203f4ce15e0
Event: 34.204 loading class java/net/UrlDeserializedState
Event: 34.204 loading class java/net/UrlDeserializedState done


Dynamic libraries:
0x00007ff78b1f0000 - 0x00007ff78b1fe000 	C:\Users\Admin\.jdks\corretto-17.0.10\bin\java.exe
0x00007ffeef7c0000 - 0x00007ffeef9ae000 	C:\Windows\SYSTEM32\ntdll.dll
0x00007ffeec9e0000 - 0x00007ffeeca93000 	C:\Windows\System32\KERNEL32.DLL
0x00007ffeeb960000 - 0x00007ffeebbfd000 	C:\Windows\System32\KERNELBASE.dll
0x00007ffeec8e0000 - 0x00007ffeec9da000 	C:\Windows\System32\ucrtbase.dll
0x00007ffee80b0000 - 0x00007ffee80cb000 	C:\Users\Admin\.jdks\corretto-17.0.10\bin\VCRUNTIME140.dll
0x00007ffee80d0000 - 0x00007ffee80e7000 	C:\Users\Admin\.jdks\corretto-17.0.10\bin\jli.dll
0x00007ffeecf00000 - 0x00007ffeed097000 	C:\Windows\System32\USER32.dll
0x00007ffeeb890000 - 0x00007ffeeb8b0000 	C:\Windows\System32\win32u.dll
0x00007ffedd080000 - 0x00007ffedd2f9000 	C:\Windows\WinSxS\amd64_microsoft.windows.common-controls_6595b64144ccf1df_6.0.17763.5696_none_de7663245346b1ca\COMCTL32.dll
0x00007ffeeccc0000 - 0x00007ffeecce9000 	C:\Windows\System32\GDI32.dll
0x00007ffeed400000 - 0x00007ffeed49e000 	C:\Windows\System32\msvcrt.dll
0x00007ffeebee0000 - 0x00007ffeec08a000 	C:\Windows\System32\gdi32full.dll
0x00007ffeec090000 - 0x00007ffeec130000 	C:\Windows\System32\msvcp_win.dll
0x00007ffeef460000 - 0x00007ffeef78b000 	C:\Windows\System32\combase.dll
0x00007ffeef260000 - 0x00007ffeef378000 	C:\Windows\System32\RPCRT4.dll
0x00007ffeebe50000 - 0x00007ffeebed2000 	C:\Windows\System32\bcryptPrimitives.dll
0x00007ffeed3c0000 - 0x00007ffeed3ee000 	C:\Windows\System32\IMM32.DLL
0x00007ffee7fe0000 - 0x00007ffee7fec000 	C:\Users\Admin\.jdks\corretto-17.0.10\bin\vcruntime140_1.dll
0x00007ffee2c70000 - 0x00007ffee2cfd000 	C:\Users\Admin\.jdks\corretto-17.0.10\bin\msvcp140.dll
0x00007ffea4310000 - 0x00007ffea4f72000 	C:\Users\Admin\.jdks\corretto-17.0.10\bin\server\jvm.dll
0x00007ffeeccf0000 - 0x00007ffeecd98000 	C:\Windows\System32\ADVAPI32.dll
0x00007ffeeef80000 - 0x00007ffeef022000 	C:\Windows\System32\sechost.dll
0x00007ffeebc20000 - 0x00007ffeebc46000 	C:\Windows\System32\bcrypt.dll
0x00007ffeeb7e0000 - 0x00007ffeeb83d000 	C:\Windows\System32\POWRPROF.dll
0x00007ffee8490000 - 0x00007ffee84b4000 	C:\Windows\SYSTEM32\WINMM.dll
0x00007ffed9010000 - 0x00007ffed9019000 	C:\Windows\SYSTEM32\WSOCK32.dll
0x00007ffeda910000 - 0x00007ffeda91a000 	C:\Windows\SYSTEM32\VERSION.dll
0x00007ffeed0a0000 - 0x00007ffeed10d000 	C:\Windows\System32\WS2_32.dll
0x00007ffee8460000 - 0x00007ffee848d000 	C:\Windows\SYSTEM32\WINMMBASE.dll
0x00007ffeeb840000 - 0x00007ffeeb88a000 	C:\Windows\System32\cfgmgr32.dll
0x00007ffeeb7c0000 - 0x00007ffeeb7d1000 	C:\Windows\System32\kernel.appcore.dll
0x00007ffee7f90000 - 0x00007ffee7f9a000 	C:\Users\Admin\.jdks\corretto-17.0.10\bin\jimage.dll
0x00007ffed8d30000 - 0x00007ffed8f1d000 	C:\Windows\SYSTEM32\DBGHELP.DLL
0x00007ffed8ce0000 - 0x00007ffed8d0a000 	C:\Windows\SYSTEM32\dbgcore.DLL
0x00007ffee6230000 - 0x00007ffee623e000 	C:\Users\Admin\.jdks\corretto-17.0.10\bin\instrument.dll
0x00007ffee7f60000 - 0x00007ffee7f85000 	C:\Users\Admin\.jdks\corretto-17.0.10\bin\java.dll
0x00007ffedf1b0000 - 0x00007ffedf287000 	C:\Users\Admin\.jdks\corretto-17.0.10\bin\jsvml.dll
0x00007ffeed4a0000 - 0x00007ffeee998000 	C:\Windows\System32\SHELL32.dll
0x00007ffeecc10000 - 0x00007ffeeccb7000 	C:\Windows\System32\shcore.dll
0x00007ffeec130000 - 0x00007ffeec877000 	C:\Windows\System32\windows.storage.dll
0x00007ffeeb790000 - 0x00007ffeeb7b3000 	C:\Windows\System32\profapi.dll
0x00007ffeef400000 - 0x00007ffeef452000 	C:\Windows\System32\shlwapi.dll
0x00007ffeebc00000 - 0x00007ffeebc1b000 	C:\Windows\System32\cryptsp.dll
0x00007ffee2c50000 - 0x00007ffee2c68000 	C:\Users\Admin\.jdks\corretto-17.0.10\bin\zip.dll
0x00007ffee61e0000 - 0x00007ffee61f9000 	C:\Users\Admin\.jdks\corretto-17.0.10\bin\net.dll
0x00007ffee2990000 - 0x00007ffee2a8d000 	C:\Windows\SYSTEM32\WINHTTP.dll
0x00007ffeeaf60000 - 0x00007ffeeafc7000 	C:\Windows\system32\mswsock.dll
0x00007ffee5dd0000 - 0x00007ffee5de6000 	C:\Users\Admin\.jdks\corretto-17.0.10\bin\nio.dll
0x00007ffee2630000 - 0x00007ffee264a000 	C:\Program Files\JetBrains\IntelliJ IDEA Community Edition 2023.3.4\bin\breakgen64.dll
0x00007ffee61d0000 - 0x00007ffee61d9000 	C:\Users\Admin\.jdks\corretto-17.0.10\bin\extnet.dll
0x00007ffee6190000 - 0x00007ffee6199000 	C:\Users\Admin\.jdks\corretto-17.0.10\bin\management.dll
0x00007ffee5dc0000 - 0x00007ffee5dcb000 	C:\Users\Admin\.jdks\corretto-17.0.10\bin\management_ext.dll
0x00007ffeee9a0000 - 0x00007ffeee9a8000 	C:\Windows\System32\PSAPI.DLL
0x00007ffee5da0000 - 0x00007ffee5dae000 	C:\Users\Admin\.jdks\corretto-17.0.10\bin\sunmscapi.dll
0x00007ffeebc50000 - 0x00007ffeebe4e000 	C:\Windows\System32\CRYPT32.dll
0x00007ffeeb770000 - 0x00007ffeeb782000 	C:\Windows\System32\MSASN1.dll
0x00007ffeeb230000 - 0x00007ffeeb25c000 	C:\Windows\SYSTEM32\ncrypt.dll
0x00007ffeeb1f0000 - 0x00007ffeeb22c000 	C:\Windows\SYSTEM32\NTASN1.dll
0x00007ffeeaad0000 - 0x00007ffeeab03000 	C:\Windows\system32\rsaenh.dll
0x00007ffeeb670000 - 0x00007ffeeb699000 	C:\Windows\SYSTEM32\USERENV.dll
0x00007ffeeb130000 - 0x00007ffeeb13c000 	C:\Windows\SYSTEM32\CRYPTBASE.dll
0x00007ffeeac60000 - 0x00007ffeeac9d000 	C:\Windows\SYSTEM32\IPHLPAPI.DLL
0x00007ffeed110000 - 0x00007ffeed118000 	C:\Windows\System32\NSI.dll
0x00007ffee31a0000 - 0x00007ffee31b6000 	C:\Windows\SYSTEM32\dhcpcsvc6.DLL
0x00007ffee3780000 - 0x00007ffee379c000 	C:\Windows\SYSTEM32\dhcpcsvc.DLL
0x00007ffeeaca0000 - 0x00007ffeead66000 	C:\Windows\SYSTEM32\DNSAPI.dll
0x00007ffee3010000 - 0x00007ffee3020000 	C:\Users\Admin\.jdks\corretto-17.0.10\bin\verify.dll
0x00007ffede600000 - 0x00007ffede60a000 	C:\Windows\System32\rasadhlp.dll
0x00007ffedf970000 - 0x00007ffedf9e9000 	C:\Windows\System32\fwpuclnt.dll
0x00007ffea3130000 - 0x00007ffea3137000 	C:\Windows\system32\wshunix.dll

dbghelp: loaded successfully - version: 4.0.5 - missing functions: none
symbol engine: initialized successfully - sym options: 0x614 - pdb path: .;C:\Users\Admin\.jdks\corretto-17.0.10\bin;C:\Windows\SYSTEM32;C:\Windows\WinSxS\amd64_microsoft.windows.common-controls_6595b64144ccf1df_6.0.17763.5696_none_de7663245346b1ca;C:\Users\Admin\.jdks\corretto-17.0.10\bin\server;C:\Program Files\JetBrains\IntelliJ IDEA Community Edition 2023.3.4\bin

VM Arguments:
jvm_args: -javaagent:C:\Program Files\JetBrains\IntelliJ IDEA Community Edition 2023.3.4\lib\idea_rt.jar=62899:C:\Program Files\JetBrains\IntelliJ IDEA Community Edition 2023.3.4\bin -Dfile.encoding=UTF-8 
java_command: com.example.demo.DemoApplication
java_class_path (initial): D:\Do_An_SpringBoot\test\demo\target\classes;C:\Users\Admin\.m2\repository\org\springframework\boot\spring-boot-starter-data-jpa\3.2.1\spring-boot-starter-data-jpa-3.2.1.jar;C:\Users\Admin\.m2\repository\org\springframework\boot\spring-boot-starter-aop\3.2.1\spring-boot-starter-aop-3.2.1.jar;C:\Users\Admin\.m2\repository\org\aspectj\aspectjweaver\1.9.21\aspectjweaver-1.9.21.jar;C:\Users\Admin\.m2\repository\org\springframework\boot\spring-boot-starter-jdbc\3.2.1\spring-boot-starter-jdbc-3.2.1.jar;C:\Users\Admin\.m2\repository\com\zaxxer\HikariCP\5.0.1\HikariCP-5.0.1.jar;C:\Users\Admin\.m2\repository\org\springframework\spring-jdbc\6.1.2\spring-jdbc-6.1.2.jar;C:\Users\Admin\.m2\repository\org\hibernate\orm\hibernate-core\6.4.1.Final\hibernate-core-6.4.1.Final.jar;C:\Users\Admin\.m2\repository\jakarta\persistence\jakarta.persistence-api\3.1.0\jakarta.persistence-api-3.1.0.jar;C:\Users\Admin\.m2\repository\jakarta\transaction\jakarta.transaction-api\2.0.1\jakarta.transaction-api-2.0.1.jar;C:\Users\Admin\.m2\repository\org\jboss\logging\jboss-logging\3.5.3.Final\jboss-logging-3.5.3.Final.jar;C:\Users\Admin\.m2\repository\org\hibernate\common\hibernate-commons-annotations\6.0.6.Final\hibernate-commons-annotations-6.0.6.Final.jar;C:\Users\Admin\.m2\repository\io\smallrye\jandex\3.1.2\jandex-3.1.2.jar;C:\Users\Admin\.m2\repository\com\fasterxml\classmate\1.6.0\classmate-1.6.0.jar;C:\Users\Admin\.m2\repository\net\bytebuddy\byte-buddy\1.14.10\byte-buddy-1.14.10.jar;C:\Users\Admin\.m2\repository\org\glassfish\jaxb\jaxb-runtime\4.0.4\jaxb-runtime-4.0.4.jar;C:\Users\Admin\.m2\repository\org\glassfish\jaxb\jaxb-core\4.0.4\jaxb-core-4.0.4.jar;C:\Users\Admin\.m2\repository\org\eclipse\angus\angus-activation\2.0.1\angus-activation-2.0.1.jar;C:\Users\Admin\.m2\repository\org\glassfish\jaxb\txw2\4.0.4\txw2-4.0.4.jar;C:\Users\Admin\.m2\repository\com\sun\istack\istack-commons-runtime\4.1.2\istack-commons-runtime-4.1.2.jar;C:\Users\Admin\.m2\repository\jak
Launcher Type: SUN_STANDARD

[Global flags]
     intx CICompilerCount                          = 3                                         {product} {ergonomic}
     uint ConcGCThreads                            = 1                                         {product} {ergonomic}
     uint G1ConcRefinementThreads                  = 4                                         {product} {ergonomic}
   size_t G1HeapRegionSize                         = 1048576                                   {product} {ergonomic}
    uintx GCDrainStackTargetSize                   = 64                                        {product} {ergonomic}
   size_t InitialHeapSize                          = 134217728                                 {product} {ergonomic}
   size_t MarkStackSize                            = 4194304                                   {product} {ergonomic}
   size_t MaxHeapSize                              = 2122317824                                {product} {ergonomic}
   size_t MaxNewSize                               = 1272971264                                {product} {ergonomic}
   size_t MinHeapDeltaBytes                        = 1048576                                   {product} {ergonomic}
   size_t MinHeapSize                              = 8388608                                   {product} {ergonomic}
    uintx NonNMethodCodeHeapSize                   = 5832780                                {pd product} {ergonomic}
    uintx NonProfiledCodeHeapSize                  = 122912730                              {pd product} {ergonomic}
    uintx ProfiledCodeHeapSize                     = 122912730                              {pd product} {ergonomic}
    uintx ReservedCodeCacheSize                    = 251658240                              {pd product} {ergonomic}
     bool SegmentedCodeCache                       = true                                      {product} {ergonomic}
   size_t SoftMaxHeapSize                          = 2122317824                             {manageable} {ergonomic}
     bool UseCompressedClassPointers               = true                           {product lp64_product} {ergonomic}
     bool UseCompressedOops                        = true                           {product lp64_product} {ergonomic}
     bool UseG1GC                                  = true                                      {product} {ergonomic}
     bool UseLargePagesIndividualAllocation        = false                                  {pd product} {ergonomic}

Logging:
Log output configuration:
 #0: stdout all=warning uptime,level,tags
 #1: stderr all=off uptime,level,tags

Environment Variables:
PATH=C:\Program Files (x86)\Common Files\Oracle\Java\javapath;C:\Windows\system32;C:\Windows;C:\Windows\System32\Wbem;C:\Windows\System32\WindowsPowerShell\v1.0\;C:\Windows\System32\OpenSSH\;C:\Program Files\Git\cmd;C:\Users\Admin\AppData\Local\Microsoft\WindowsApps;C:\Users\Admin\AppData\Local\Programs\Microsoft VS Code\bin
USERNAME=Admin
OS=Windows_NT
PROCESSOR_IDENTIFIER=Intel64 Family 6 Model 58 Stepping 9, GenuineIntel
TMP=C:\Users\Admin\AppData\Local\Temp
TEMP=C:\Users\Admin\AppData\Local\Temp



Periodic native trim disabled


---------------  S Y S T E M  ---------------

OS:
 Windows 10 , 64 bit Build 17763 (10.0.17763.4974)
OS uptime: 1 days 11:40 hours

CPU: total 4 (initial active 4) (2 cores per cpu, 2 threads per core) family 6 model 58 stepping 9 microcode 0x21, cx8, cmov, fxsr, ht, mmx, sse, sse2, sse3, ssse3, sse4.1, sse4.2, popcnt, tsc, tscinvbit, avx, aes, erms, clmul, vzeroupper, clflush
Processor Information for all 4 processors :
  Max Mhz: 2501, Current Mhz: 2501, Mhz Limit: 2501

Memory: 4k page, system-wide physical 8094M (863M free)
TotalPageFile size 14750M (AvailPageFile size 3642M)
current process WorkingSet (physical memory assigned to process): 310M, peak: 312M
current process commit charge ("private bytes"): 342M, peak: 344M

vm_info: OpenJDK 64-Bit Server VM (17.0.10+7-LTS) for windows-amd64 JRE (17.0.10+7-LTS), built on Jan 10 2024 22:11:07 by "Administrator" with MS VC++ 16.10 / 16.11 (VS2019)

END.
