#
# A fatal error has been detected by the Java Runtime Environment:
#
#  EXCEPTION_ACCESS_VIOLATION (0xc0000005) at pc=0x00007fff4557f7cf, pid=10560, tid=9576
#
# JRE version: OpenJDK Runtime Environment Corretto-17.0.10.7.1 (17.0.10+7) (build 17.0.10+7-LTS)
# Java VM: OpenJDK 64-Bit Server VM Corretto-17.0.10.7.1 (17.0.10+7-LTS, mixed mode, sharing, tiered, compressed oops, compressed class ptrs, g1 gc, windows-amd64)
# Problematic frame:
# V  [jvm.dll+0x1bf7cf]
#
# No core dump will be written. Minidumps are not enabled by default on client versions of Windows
#
# If you would like to submit a bug report, please visit:
#   https://github.com/corretto/corretto-17/issues/
#

---------------  S U M M A R Y ------------

Command Line: -agentlib:jdwp=transport=dt_socket,address=127.0.0.1:55444,suspend=y,server=n -javaagent:C:\Users\Admin\AppData\Local\JetBrains\IdeaIC2023.3\captureAgent\debugger-agent.jar -Dfile.encoding=UTF-8 com.example.demo.DemoApplication

Host: Intel(R) Core(TM) i5-3210M CPU @ 2.50GHz, 4 cores, 7G,  Windows 10 , 64 bit Build 17763 (10.0.17763.4974)
Time: Wed May  8 17:31:37 2024 SE Asia Standard Time elapsed time: 10.469936 seconds (0d 0h 0m 10s)

---------------  T H R E A D  ---------------

Current thread (0x0000020d5f717170):  JavaThread "C2 CompilerThread0" daemon [_thread_in_native, id=9576, stack(0x0000009566e00000,0x0000009566f00000)]


Current CompileTask:
C2:  10470 4342       4       org.springframework.core.annotation.AnnotationsScanner::getDeclaredAnnotations (166 bytes)

Stack: [0x0000009566e00000,0x0000009566f00000],  sp=0x0000009566efbb10,  free space=1006k
Native frames: (J=compiled Java code, j=interpreted, Vv=VM code, C=native code)
V  [jvm.dll+0x1bf7cf]
V  [jvm.dll+0x1bcd90]
V  [jvm.dll+0x21a049]
V  [jvm.dll+0x219311]
V  [jvm.dll+0x1a502d]
V  [jvm.dll+0x2290de]
V  [jvm.dll+0x2272ac]
V  [jvm.dll+0x7e9bd7]
V  [jvm.dll+0x7e3fda]
V  [jvm.dll+0x67c1b5]
C  [ucrtbase.dll+0x2268a]
C  [KERNEL32.DLL+0x17ac4]
C  [ntdll.dll+0x5a4e1]


siginfo: EXCEPTION_ACCESS_VIOLATION (0xc0000005), reading address 0x0000020da0b386b8


Registers:
RAX=0x0000020da86457a0, RBX=0x0000000000000002, RCX=0x0000020da0b38690, RDX=0x0000000000000004
RSP=0x0000009566efbb10, RBP=0x0000020da6661a48, RSI=0x0000009566efc000, RDI=0x00007fff453c0000
R8 =0x00000000ffffffff, R9 =0x0000000000000001, R10=0x000000000000000a, R11=0x3333333333333333
R12=0x0000000000000001, R13=0x0000000000000008, R14=0x0000020da6904a10, R15=0x0000020da93ba570
RIP=0x00007fff4557f7cf, EFLAGS=0x0000000000010297


Register to memory mapping:

RIP=0x00007fff4557f7cf jvm.dll
RAX=0x0000020da86457a0 points into unknown readable memory: 0x0000000000000000 | 00 00 00 00 00 00 00 00
RBX=0x0000000000000002 is an unknown value
RCX=0x0000020da0b38690 is an unknown value
RDX=0x0000000000000004 is an unknown value
RSP=0x0000009566efbb10 is pointing into the stack for thread: 0x0000020d5f717170
RBP=0x0000020da6661a48 points into unknown readable memory: 0x00007fff45cdc530 | 30 c5 cd 45 ff 7f 00 00
RSI=0x0000009566efc000 is pointing into the stack for thread: 0x0000020d5f717170
RDI=0x00007fff453c0000 jvm.dll
R8 =0x00000000ffffffff is an unallocated location in the heap
R9 =0x0000000000000001 is an unknown value
R10=0x000000000000000a is an unknown value
R11=0x3333333333333333 is an unknown value
R12=0x0000000000000001 is an unknown value
R13=0x0000000000000008 is an unknown value
R14=0x0000020da6904a10 points into unknown readable memory: 0x00007fff45cf0b28 | 28 0b cf 45 ff 7f 00 00
R15=0x0000020da93ba570 points into unknown readable memory: 0x000300030ffffcff | ff fc ff 0f 03 00 03 00


Top of Stack: (sp=0x0000009566efbb10)
0x0000009566efbb10:   0000020da98212a0 0000020da6661a48
0x0000009566efbb20:   0000009566efc000 0000020da8f74428
0x0000009566efbb30:   000000c80000001a 00007fff00000002
0x0000009566efbb40:   0000020da6661a48 00000000000001a8
0x0000009566efbb50:   0000000000000000 0000000000000000
0x0000009566efbb60:   000000000023dfa0 0000020d5f769d10
0x0000009566efbb70:   00000000000003d8 0000020d5f76a0f8
0x0000009566efbb80:   0000020d5f769d20 0000009566efbcb0
0x0000009566efbb90:   0000000000000000 0000009566efc0e0
0x0000009566efbba0:   0000009566efc000 00007fff4557cd90
0x0000009566efbbb0:   0000009566efc000 0000009566efbc01
0x0000009566efbbc0:   0000009566efc001 00000000ffffffff
0x0000009566efbbd0:   0000009500000000 000000000000000d
0x0000009566efbbe0:   0000000000000006 0000020d5f769d10
0x0000009566efbbf0:   0000020da823be80 0000020da823fd80
0x0000009566efbc00:   0000020da8243e68 00000000009b6658
0x0000009566efbc10:   0000000000000000 0000000000000000
0x0000009566efbc20:   0000000000000000 0000000000000000
0x0000009566efbc30:   0000000000000000 00007fff45cf0cf8
0x0000009566efbc40:   0000000000000000 0000000000000000
0x0000009566efbc50:   0000000000000000 00007fff45cf0cf8
0x0000009566efbc60:   0000020d00000000 00000000000001c0
0x0000009566efbc70:   0000020d0000000c 0000009566efe950
0x0000009566efbc80:   0000020d5fdb9050 00000000456f2800
0x0000009566efbc90:   0000020da974a050 000000000000342f
0x0000009566efbca0:   0000009566efbbe0 0000020d5f769d20
0x0000009566efbcb0:   00007fff45cf0cc8 000000000000000d
0x0000009566efbcc0:   0000009566efe950 0000009566efc000
0x0000009566efbcd0:   00000000000041ff 0000020d5f707db0
0x0000009566efbce0:   00007fff0000000a 0000009566efe950
0x0000009566efbcf0:   0000020daa62b020 0000000000000000
0x0000009566efbd00:   0000020daa7b2bf0 0000020da70cf2f0 

Instructions: (pc=0x00007fff4557f7cf)
0x00007fff4557f6cf:   ab a4 00 00 00 66 89 83 9c 00 00 00 eb 64 b8 08
0x00007fff4557f6df:   00 00 00 66 44 89 ab a4 00 00 00 66 89 83 9c 00
0x00007fff4557f6ef:   00 00 eb 4e b8 10 00 00 00 66 44 89 ab a4 00 00
0x00007fff4557f6ff:   00 66 89 83 9c 00 00 00 eb 38 49 8b cf e8 9f d0
0x00007fff4557f70f:   50 00 81 8b a8 00 00 00 40 02 00 00 66 89 83 9c
0x00007fff4557f71f:   00 00 00 66 89 83 a4 00 00 00 eb 16 ba cf 03 00
0x00007fff4557f72f:   00 48 8d 0d e9 16 77 00 e8 04 7f 08 00 e8 8f d6
0x00007fff4557f73f:   4b 00 48 8b 6c 24 30 48 8b b4 24 a0 00 00 00 44
0x00007fff4557f74f:   0f b6 8c 24 a8 00 00 00 41 b8 ff ff ff ff 41 8b
0x00007fff4557f75f:   5e 18 89 5c 24 28 44 89 84 24 b8 00 00 00 45 84
0x00007fff4557f76f:   c9 74 38 49 8b 06 49 8b ce ff 90 b0 00 00 00 89
0x00007fff4557f77f:   84 24 b8 00 00 00 44 8b c0 83 f8 ff 74 14 8b d0
0x00007fff4557f78f:   49 8b ce e8 19 da 3d 00 44 8b c0 89 84 24 b8 00
0x00007fff4557f79f:   00 00 44 0f b6 8c 24 a8 00 00 00 44 3b e3 0f 83
0x00007fff4557f7af:   1b 02 00 00 41 8b c4 4c 8d 2c c5 00 00 00 00 66
0x00007fff4557f7bf:   90 49 8b 46 08 4a 8b 0c 28 48 8b 86 08 01 00 00
0x00007fff4557f7cf:   48 63 51 28 8b 1c 90 85 db 0f 84 c7 01 00 00 45
0x00007fff4557f7df:   84 c9 74 11 45 3b c4 75 0c 49 8b 06 49 8b ce ff
0x00007fff4557f7ef:   90 e0 00 00 00 80 bc 24 b0 00 00 00 00 74 13 80
0x00007fff4557f7ff:   be 18 01 00 00 00 74 0a 45 3b 66 3c 0f 83 94 01
0x00007fff4557f80f:   00 00 48 8b 46 70 41 8b d4 48 69 fb b0 00 00 00
0x00007fff4557f81f:   49 8b ce 48 03 78 20 49 8b 06 ff 90 80 00 00 00
0x00007fff4557f82f:   80 bc 24 a8 00 00 00 00 4c 8b f8 75 2c 49 8b 4e
0x00007fff4557f83f:   08 f2 0f 10 4d 08 f2 0f 59 ce 4a 8b 14 29 48 8b
0x00007fff4557f84f:   4e 48 44 8b 42 28 48 8b 51 78 4a 8b 0c c2 f2 0f
0x00007fff4557f85f:   10 41 08 66 0f 2f c1 77 57 8b 97 90 00 00 00 8b
0x00007fff4557f86f:   87 94 00 00 00 3b d0 77 25 0f 1f 84 00 00 00 00
0x00007fff4557f87f:   00 8b ca ff c2 49 8b 04 cf 48 21 44 cf 38 8b 87
0x00007fff4557f88f:   94 00 00 00 3b d0 76 e9 8b 97 90 00 00 00 41 8b
0x00007fff4557f89f:   4f 58 3b d1 73 0c 8b 87 94 00 00 00 89 8f 90 00
0x00007fff4557f8af:   00 00 41 8b 4f 5c 3b c1 76 06 89 8f 94 00 00 00
0x00007fff4557f8bf:   49 8b 46 08 4a 8b 0c 28 48 8b 01 ff 50 68 8b c8 


Stack slot to memory mapping:
stack at sp + 0 slots: 0x0000020da98212a0 points into unknown readable memory: 0x0000000000000000 | 00 00 00 00 00 00 00 00
stack at sp + 1 slots: 0x0000020da6661a48 points into unknown readable memory: 0x00007fff45cdc530 | 30 c5 cd 45 ff 7f 00 00
stack at sp + 2 slots: 0x0000009566efc000 is pointing into the stack for thread: 0x0000020d5f717170
stack at sp + 3 slots: 0x0000020da8f74428 points into unknown readable memory: 0x00007fff45cdc530 | 30 c5 cd 45 ff 7f 00 00
stack at sp + 4 slots: 0x000000c80000001a is an unknown value
stack at sp + 5 slots: 0x00007fff00000002 is an unknown value
stack at sp + 6 slots: 0x0000020da6661a48 points into unknown readable memory: 0x00007fff45cdc530 | 30 c5 cd 45 ff 7f 00 00
stack at sp + 7 slots: 0x00000000000001a8 is an unknown value


---------------  P R O C E S S  ---------------

Threads class SMR info:
_java_thread_list=0x0000020da8a12960, length=22, elements={
0x0000020d3fc78a20, 0x0000020d5f6f6900, 0x0000020d5f6f8250, 0x0000020d5f708890,
0x0000020d5f70c690, 0x0000020d5f70db20, 0x0000020d5f70e3f0, 0x0000020d5f717170,
0x0000020d5f71a2c0, 0x0000020d5f735be0, 0x0000020d5f6deba0, 0x0000020d5f9f9a60,
0x0000020d5f99cc90, 0x0000020d5fa20f70, 0x0000020d5fa7cfd0, 0x0000020d5fb2b310,
0x0000020da56ae120, 0x0000020da56ae600, 0x0000020da5da34a0, 0x0000020da5da5810,
0x0000020da5da39b0, 0x0000020da5da5d20
}

Java Threads: ( => current thread )
  0x0000020d3fc78a20 JavaThread "main" [_thread_blocked, id=1276, stack(0x0000009566100000,0x0000009566200000)]
  0x0000020d5f6f6900 JavaThread "Reference Handler" daemon [_thread_blocked, id=6892, stack(0x0000009566800000,0x0000009566900000)]
  0x0000020d5f6f8250 JavaThread "Finalizer" daemon [_thread_blocked, id=8336, stack(0x0000009566900000,0x0000009566a00000)]
  0x0000020d5f708890 JavaThread "Signal Dispatcher" daemon [_thread_blocked, id=1664, stack(0x0000009566a00000,0x0000009566b00000)]
  0x0000020d5f70c690 JavaThread "Attach Listener" daemon [_thread_blocked, id=10872, stack(0x0000009566b00000,0x0000009566c00000)]
  0x0000020d5f70db20 JavaThread "Service Thread" daemon [_thread_blocked, id=6220, stack(0x0000009566c00000,0x0000009566d00000)]
  0x0000020d5f70e3f0 JavaThread "Monitor Deflation Thread" daemon [_thread_blocked, id=10004, stack(0x0000009566d00000,0x0000009566e00000)]
=>0x0000020d5f717170 JavaThread "C2 CompilerThread0" daemon [_thread_in_native, id=9576, stack(0x0000009566e00000,0x0000009566f00000)]
  0x0000020d5f71a2c0 JavaThread "C1 CompilerThread0" daemon [_thread_blocked, id=2640, stack(0x0000009566f00000,0x0000009567000000)]
  0x0000020d5f735be0 JavaThread "Sweeper thread" daemon [_thread_blocked, id=11000, stack(0x0000009567000000,0x0000009567100000)]
  0x0000020d5f6deba0 JavaThread "Common-Cleaner" daemon [_thread_blocked, id=2964, stack(0x0000009567100000,0x0000009567200000)]
  0x0000020d5f9f9a60 JavaThread "JDWP Transport Listener: dt_socket" daemon [_thread_blocked, id=11260, stack(0x0000009567200000,0x0000009567300000)]
  0x0000020d5f99cc90 JavaThread "JDWP Event Helper Thread" daemon [_thread_blocked, id=12248, stack(0x0000009567300000,0x0000009567400000)]
  0x0000020d5fa20f70 JavaThread "JDWP Command Reader" daemon [_thread_in_native, id=10192, stack(0x0000009567400000,0x0000009567500000)]
  0x0000020d5fa7cfd0 JavaThread "Notification Thread" daemon [_thread_blocked, id=12324, stack(0x0000009567500000,0x0000009567600000)]
  0x0000020d5fb2b310 JavaThread "C2 CompilerThread1" daemon [_thread_in_native, id=9708, stack(0x0000009567700000,0x0000009567800000)]
  0x0000020da56ae120 JavaThread "Thread-0" [_thread_blocked, id=9432, stack(0x0000009567b00000,0x0000009567c00000)]
  0x0000020da56ae600 JavaThread "restartedMain" [_thread_in_vm, id=11552, stack(0x0000009567c00000,0x0000009567d00000)]
  0x0000020da5da34a0 JavaThread "Catalina-utility-1" [_thread_blocked, id=7704, stack(0x0000009567d00000,0x0000009567e00000)]
  0x0000020da5da5810 JavaThread "Catalina-utility-2" [_thread_blocked, id=1384, stack(0x0000009567e00000,0x0000009567f00000)]
  0x0000020da5da39b0 JavaThread "container-0" [_thread_blocked, id=9520, stack(0x0000009567f00000,0x0000009568000000)]
  0x0000020da5da5d20 JavaThread "mysql-cj-abandoned-connection-cleanup" daemon [_thread_blocked, id=11404, stack(0x0000009568000000,0x0000009568100000)]

Other Threads:
  0x0000020d5f6eede0 VMThread "VM Thread" [stack: 0x0000009566700000,0x0000009566800000] [id=7540]
  0x0000020d5fa47800 WatcherThread [stack: 0x0000009567600000,0x0000009567700000] [id=11492]
  0x0000020d3fcd3ba0 GCTaskThread "GC Thread#0" [stack: 0x0000009566200000,0x0000009566300000] [id=9564]
  0x0000020da539e5b0 GCTaskThread "GC Thread#1" [stack: 0x0000009567800000,0x0000009567900000] [id=11796]
  0x0000020da539e870 GCTaskThread "GC Thread#2" [stack: 0x0000009567900000,0x0000009567a00000] [id=6028]
  0x0000020da576f240 GCTaskThread "GC Thread#3" [stack: 0x0000009567a00000,0x0000009567b00000] [id=8800]
  0x0000020d3fce4700 ConcurrentGCThread "G1 Main Marker" [stack: 0x0000009566300000,0x0000009566400000] [id=12004]
  0x0000020d3fce5030 ConcurrentGCThread "G1 Conc#0" [stack: 0x0000009566400000,0x0000009566500000] [id=12348]
  0x0000020d3fd1e750 ConcurrentGCThread "G1 Refine#0" [stack: 0x0000009566500000,0x0000009566600000] [id=2636]
  0x0000020d5f5ac270 ConcurrentGCThread "G1 Service" [stack: 0x0000009566600000,0x0000009566700000] [id=12404]

Threads with active compile tasks:
C2 CompilerThread0    10577 4342       4       org.springframework.core.annotation.AnnotationsScanner::getDeclaredAnnotations (166 bytes)
C2 CompilerThread1    10577 4449   !   4       java.util.concurrent.ConcurrentHashMap::computeIfAbsent (576 bytes)

VM state: not at safepoint (normal execution)

VM Mutex/Monitor currently owned by a thread: None

Heap address: 0x0000000081800000, size: 2024 MB, Compressed Oops mode: 32-bit

CDS archive(s) mapped at: [0x0000020d60000000-0x0000020d60bb0000-0x0000020d60bb0000), size 12255232, SharedBaseAddress: 0x0000020d60000000, ArchiveRelocationMode: 1.
Compressed class space mapped at: 0x0000020d61000000-0x0000020da1000000, reserved size: 1073741824
Narrow klass base: 0x0000020d60000000, Narrow klass shift: 0, Narrow klass range: 0x100000000

GC Precious Log:
 CPUs: 4 total, 4 available
 Memory: 8094M
 Large Page Support: Disabled
 NUMA Support: Disabled
 Compressed Oops: Enabled (32-bit)
 Heap Region Size: 1M
 Heap Min Capacity: 8M
 Heap Initial Capacity: 128M
 Heap Max Capacity: 2024M
 Pre-touch: Disabled
 Parallel Workers: 4
 Concurrent Workers: 1
 Concurrent Refinement Workers: 4
 Periodic GC: Disabled

Heap:
 garbage-first heap   total 55296K, used 30328K [0x0000000081800000, 0x0000000100000000)
  region size 1024K, 13 young (13312K), 3 survivors (3072K)
 Metaspace       used 37616K, committed 38080K, reserved 1114112K
  class space    used 4900K, committed 5120K, reserved 1048576K

Heap Regions: E=young(eden), S=young(survivor), O=old, HS=humongous(starts), HC=humongous(continues), CS=collection set, F=free, OA=open archive, CA=closed archive, TAMS=top-at-mark-start (previous, next)
|   0|0x0000000081800000, 0x0000000081900000, 0x0000000081900000|100%|HS|  |TAMS 0x0000000081900000, 0x0000000081800000| Complete 
|   1|0x0000000081900000, 0x0000000081a00000, 0x0000000081a00000|100%| O|  |TAMS 0x0000000081a00000, 0x0000000081900000| Untracked 
|   2|0x0000000081a00000, 0x0000000081b00000, 0x0000000081b00000|100%| O|  |TAMS 0x0000000081b00000, 0x0000000081a00000| Untracked 
|   3|0x0000000081b00000, 0x0000000081c00000, 0x0000000081c00000|100%| O|  |TAMS 0x0000000081c00000, 0x0000000081b00000| Untracked 
|   4|0x0000000081c00000, 0x0000000081d00000, 0x0000000081d00000|100%| O|  |TAMS 0x0000000081d00000, 0x0000000081c00000| Untracked 
|   5|0x0000000081d00000, 0x0000000081e00000, 0x0000000081e00000|100%| O|  |TAMS 0x0000000081e00000, 0x0000000081d00000| Untracked 
|   6|0x0000000081e00000, 0x0000000081f00000, 0x0000000081f00000|100%| O|  |TAMS 0x0000000081f00000, 0x0000000081e00000| Untracked 
|   7|0x0000000081f00000, 0x0000000082000000, 0x0000000082000000|100%| O|  |TAMS 0x0000000082000000, 0x0000000081f00000| Untracked 
|   8|0x0000000082000000, 0x0000000082100000, 0x0000000082100000|100%| O|  |TAMS 0x0000000082100000, 0x0000000082000000| Untracked 
|   9|0x0000000082100000, 0x0000000082200000, 0x0000000082200000|100%| O|  |TAMS 0x0000000082200000, 0x0000000082100000| Untracked 
|  10|0x0000000082200000, 0x0000000082300000, 0x0000000082300000|100%| O|  |TAMS 0x0000000082300000, 0x0000000082200000| Untracked 
|  11|0x0000000082300000, 0x0000000082400000, 0x0000000082400000|100%| O|  |TAMS 0x0000000082400000, 0x0000000082300000| Untracked 
|  12|0x0000000082400000, 0x0000000082500000, 0x0000000082500000|100%| O|  |TAMS 0x0000000082500000, 0x0000000082400000| Untracked 
|  13|0x0000000082500000, 0x0000000082600000, 0x0000000082600000|100%| O|  |TAMS 0x0000000082600000, 0x0000000082500000| Untracked 
|  14|0x0000000082600000, 0x0000000082700000, 0x0000000082700000|100%| O|  |TAMS 0x0000000082700000, 0x0000000082600000| Untracked 
|  15|0x0000000082700000, 0x0000000082800000, 0x0000000082800000|100%| O|  |TAMS 0x0000000082800000, 0x0000000082700000| Complete 
|  16|0x0000000082800000, 0x0000000082900000, 0x0000000082900000|100%| O|  |TAMS 0x0000000082900000, 0x0000000082800000| Untracked 
|  17|0x0000000082900000, 0x0000000082a00000, 0x0000000082a00000|100%| O|  |TAMS 0x0000000082a00000, 0x0000000082900000| Untracked 
|  18|0x0000000082a00000, 0x0000000082a6fe00, 0x0000000082b00000| 43%| O|  |TAMS 0x0000000082a6fe00, 0x0000000082a00000| Untracked 
|  19|0x0000000082b00000, 0x0000000082b00000, 0x0000000082c00000|  0%| F|  |TAMS 0x0000000082b00000, 0x0000000082b00000| Untracked 
|  20|0x0000000082c00000, 0x0000000082c00000, 0x0000000082d00000|  0%| F|  |TAMS 0x0000000082c00000, 0x0000000082c00000| Untracked 
|  21|0x0000000082d00000, 0x0000000082d00000, 0x0000000082e00000|  0%| F|  |TAMS 0x0000000082d00000, 0x0000000082d00000| Untracked 
|  22|0x0000000082e00000, 0x0000000082e00000, 0x0000000082f00000|  0%| F|  |TAMS 0x0000000082e00000, 0x0000000082e00000| Untracked 
|  23|0x0000000082f00000, 0x0000000082f00000, 0x0000000083000000|  0%| F|  |TAMS 0x0000000082f00000, 0x0000000082f00000| Untracked 
|  24|0x0000000083000000, 0x0000000083000000, 0x0000000083100000|  0%| F|  |TAMS 0x0000000083000000, 0x0000000083000000| Untracked 
|  25|0x0000000083100000, 0x0000000083100000, 0x0000000083200000|  0%| F|  |TAMS 0x0000000083100000, 0x0000000083100000| Untracked 
|  26|0x0000000083200000, 0x0000000083200000, 0x0000000083300000|  0%| F|  |TAMS 0x0000000083200000, 0x0000000083200000| Untracked 
|  27|0x0000000083300000, 0x0000000083300000, 0x0000000083400000|  0%| F|  |TAMS 0x0000000083300000, 0x0000000083300000| Untracked 
|  28|0x0000000083400000, 0x0000000083400000, 0x0000000083500000|  0%| F|  |TAMS 0x0000000083400000, 0x0000000083400000| Untracked 
|  29|0x0000000083500000, 0x0000000083500000, 0x0000000083600000|  0%| F|  |TAMS 0x0000000083500000, 0x0000000083500000| Untracked 
|  30|0x0000000083600000, 0x0000000083600000, 0x0000000083700000|  0%| F|  |TAMS 0x0000000083600000, 0x0000000083600000| Untracked 
|  31|0x0000000083700000, 0x0000000083700000, 0x0000000083800000|  0%| F|  |TAMS 0x0000000083700000, 0x0000000083700000| Untracked 
|  32|0x0000000083800000, 0x0000000083800000, 0x0000000083900000|  0%| F|  |TAMS 0x0000000083800000, 0x0000000083800000| Untracked 
|  33|0x0000000083900000, 0x0000000083900000, 0x0000000083a00000|  0%| F|  |TAMS 0x0000000083900000, 0x0000000083900000| Untracked 
|  34|0x0000000083a00000, 0x0000000083a00000, 0x0000000083b00000|  0%| F|  |TAMS 0x0000000083a00000, 0x0000000083a00000| Untracked 
|  35|0x0000000083b00000, 0x0000000083b00000, 0x0000000083c00000|  0%| F|  |TAMS 0x0000000083b00000, 0x0000000083b00000| Untracked 
|  36|0x0000000083c00000, 0x0000000083c00000, 0x0000000083d00000|  0%| F|  |TAMS 0x0000000083c00000, 0x0000000083c00000| Untracked 
|  37|0x0000000083d00000, 0x0000000083d2e2d0, 0x0000000083e00000| 18%| S|CS|TAMS 0x0000000083d00000, 0x0000000083d00000| Complete 
|  38|0x0000000083e00000, 0x0000000083f00000, 0x0000000083f00000|100%| S|CS|TAMS 0x0000000083e00000, 0x0000000083e00000| Complete 
|  39|0x0000000083f00000, 0x0000000084000000, 0x0000000084000000|100%| S|CS|TAMS 0x0000000083f00000, 0x0000000083f00000| Complete 
|  40|0x0000000084000000, 0x0000000084000000, 0x0000000084100000|  0%| F|  |TAMS 0x0000000084000000, 0x0000000084000000| Untracked 
|  41|0x0000000084100000, 0x0000000084100000, 0x0000000084200000|  0%| F|  |TAMS 0x0000000084100000, 0x0000000084100000| Untracked 
|  42|0x0000000084200000, 0x0000000084200000, 0x0000000084300000|  0%| F|  |TAMS 0x0000000084200000, 0x0000000084200000| Untracked 
|  43|0x0000000084300000, 0x0000000084300000, 0x0000000084400000|  0%| F|  |TAMS 0x0000000084300000, 0x0000000084300000| Untracked 
|  44|0x0000000084400000, 0x00000000844630c8, 0x0000000084500000| 38%| E|  |TAMS 0x0000000084400000, 0x0000000084400000| Complete 
|  53|0x0000000084d00000, 0x0000000084e00000, 0x0000000084e00000|100%| E|CS|TAMS 0x0000000084d00000, 0x0000000084d00000| Complete 
|  54|0x0000000084e00000, 0x0000000084f00000, 0x0000000084f00000|100%| E|CS|TAMS 0x0000000084e00000, 0x0000000084e00000| Complete 
|  55|0x0000000084f00000, 0x0000000085000000, 0x0000000085000000|100%| E|CS|TAMS 0x0000000084f00000, 0x0000000084f00000| Complete 
|  56|0x0000000085000000, 0x0000000085100000, 0x0000000085100000|100%| E|CS|TAMS 0x0000000085000000, 0x0000000085000000| Complete 
|  57|0x0000000085100000, 0x0000000085200000, 0x0000000085200000|100%| E|CS|TAMS 0x0000000085100000, 0x0000000085100000| Complete 
|  58|0x0000000085200000, 0x0000000085300000, 0x0000000085300000|100%| E|CS|TAMS 0x0000000085200000, 0x0000000085200000| Complete 
|  59|0x0000000085300000, 0x0000000085400000, 0x0000000085400000|100%| E|CS|TAMS 0x0000000085300000, 0x0000000085300000| Complete 
|  60|0x0000000085400000, 0x0000000085500000, 0x0000000085500000|100%| E|CS|TAMS 0x0000000085400000, 0x0000000085400000| Complete 
| 127|0x0000000089700000, 0x0000000089800000, 0x0000000089800000|100%| E|CS|TAMS 0x0000000089700000, 0x0000000089700000| Complete 

Card table byte_map: [0x0000020d58990000,0x0000020d58d90000] _byte_map_base: 0x0000020d58584000

Marking Bits (Prev, Next): (CMBitMap*) 0x0000020d3fcd40d0, (CMBitMap*) 0x0000020d3fcd4110
 Prev Bits: [0x0000020d59190000, 0x0000020d5b130000)
 Next Bits: [0x0000020d5b130000, 0x0000020d5d0d0000)

Polling page: 0x0000020d3f8f0000

Metaspace:

Usage:
  Non-class:     31.96 MB used.
      Class:      4.79 MB used.
       Both:     36.75 MB used.

Virtual space:
  Non-class space:       64.00 MB reserved,      32.25 MB ( 50%) committed,  1 nodes.
      Class space:        1.00 GB reserved,       5.00 MB ( <1%) committed,  1 nodes.
             Both:        1.06 GB reserved,      37.25 MB (  3%) committed. 

Chunk freelists:
   Non-Class:  15.55 MB
       Class:  11.03 MB
        Both:  26.58 MB

MaxMetaspaceSize: unlimited
CompressedClassSpaceSize: 1.00 GB
Initial GC threshold: 21.00 MB
Current GC threshold: 58.75 MB
CDS: on
MetaspaceReclaimPolicy: balanced
 - commit_granule_bytes: 65536.
 - commit_granule_words: 8192.
 - virtual_space_node_default_size: 8388608.
 - enlarge_chunks_in_place: 1.
 - new_chunks_are_fully_committed: 0.
 - uncommit_free_chunks: 1.
 - use_allocation_guard: 0.
 - handle_deallocations: 1.


Internal statistics:

num_allocs_failed_limit: 6.
num_arena_births: 568.
num_arena_deaths: 0.
num_vsnodes_births: 2.
num_vsnodes_deaths: 0.
num_space_committed: 596.
num_space_uncommitted: 0.
num_chunks_returned_to_freelist: 6.
num_chunks_taken_from_freelist: 1889.
num_chunk_merges: 6.
num_chunk_splits: 1356.
num_chunks_enlarged: 1043.
num_inconsistent_stats: 0.

CodeHeap 'non-profiled nmethods': size=120000Kb used=2622Kb max_used=2622Kb free=117377Kb
 bounds [0x0000020d50a40000, 0x0000020d50cd0000, 0x0000020d57f70000]
CodeHeap 'profiled nmethods': size=120000Kb used=10032Kb max_used=10032Kb free=109967Kb
 bounds [0x0000020d48f70000, 0x0000020d49940000, 0x0000020d504a0000]
CodeHeap 'non-nmethods': size=5760Kb used=1293Kb max_used=1363Kb free=4466Kb
 bounds [0x0000020d504a0000, 0x0000020d50710000, 0x0000020d50a40000]
 total_blobs=4962 nmethods=4432 adapters=442
 compilation: enabled
              stopped_count=0, restarted_count=0
 full_count=0

Compilation events (20 events):
Event: 10.070 Thread 0x0000020d5fb2b310 4435   !   4       java.net.URL::<init> (543 bytes)
Event: 10.199 Thread 0x0000020d5fb2b310 nmethod 4435 0x0000020d50cc1d90 code [0x0000020d50cc2140, 0x0000020d50cc5200]
Event: 10.199 Thread 0x0000020d5fb2b310 4344       4       org.springframework.core.annotation.TypeMappedAnnotations$MergedAnnotationFinder::doWithAggregate (7 bytes)
Event: 10.200 Thread 0x0000020d5fb2b310 nmethod 4344 0x0000020d50cc6f10 code [0x0000020d50cc7080, 0x0000020d50cc70f8]
Event: 10.200 Thread 0x0000020d5fb2b310 4382       4       java.lang.String::subSequence (7 bytes)
Event: 10.213 Thread 0x0000020d5fb2b310 nmethod 4382 0x0000020d50cc7210 code [0x0000020d50cc73a0, 0x0000020d50cc7938]
Event: 10.213 Thread 0x0000020d5fb2b310 4343       4       org.springframework.core.annotation.MergedAnnotations$Search$$Lambda$41/0x0000020d61030690::test (8 bytes)
Event: 10.213 Thread 0x0000020d5fb2b310 nmethod 4343 0x0000020d50cc7c90 code [0x0000020d50cc7e00, 0x0000020d50cc7eb8]
Event: 10.213 Thread 0x0000020d5fb2b310 4362       4       org.springframework.core.annotation.AnnotationFilter::matches (11 bytes)
Event: 10.225 Thread 0x0000020d5fb2b310 nmethod 4362 0x0000020d50cc7f90 code [0x0000020d50cc8120, 0x0000020d50cc8588]
Event: 10.226 Thread 0x0000020d5fb2b310 4384       4       java.util.Collections$EmptyMap::values (4 bytes)
Event: 10.226 Thread 0x0000020d5fb2b310 nmethod 4384 0x0000020d50cc8990 code [0x0000020d50cc8b00, 0x0000020d50cc8b78]
Event: 10.226 Thread 0x0000020d5fb2b310 4437   !   4       java.lang.reflect.Executable::declaredAnnotations (85 bytes)
Event: 10.285 Thread 0x0000020d5fb2b310 nmethod 4437 0x0000020d50cc9090 code [0x0000020d50cc9360, 0x0000020d50ccaa80]
Event: 10.285 Thread 0x0000020d5fb2b310 4438   !   4       java.util.zip.ZipFile$Source::getEntryPos (195 bytes)
Event: 10.322 Thread 0x0000020d5fb2b310 nmethod 4438 0x0000020d50ccbb90 code [0x0000020d50ccbd60, 0x0000020d50cccd08]
Event: 10.322 Thread 0x0000020d5fb2b310 3972       4       org.springframework.core.ResolvableType::<init> (39 bytes)
Event: 10.429 Thread 0x0000020d5f71a2c0 4440       3       ch.qos.logback.classic.Logger::isDebugEnabled (6 bytes)
Event: 10.429 Thread 0x0000020d5f71a2c0 nmethod 4440 0x0000020d49935f90 code [0x0000020d49936140, 0x0000020d49936288]
Event: 10.449 Thread 0x0000020d5f71a2c0 4441       3       jdk.internal.loader.BuiltinClassLoader::findResources (182 bytes)

GC Heap History (20 events):
Event: 0.911 GC heap before
{Heap before GC invocations=0 (full 0):
 garbage-first heap   total 131072K, used 13312K [0x0000000081800000, 0x0000000100000000)
  region size 1024K, 13 young (13312K), 0 survivors (0K)
 Metaspace       used 2252K, committed 2368K, reserved 1114112K
  class space    used 204K, committed 256K, reserved 1048576K
}
Event: 0.916 GC heap after
{Heap after GC invocations=1 (full 0):
 garbage-first heap   total 131072K, used 6392K [0x0000000081800000, 0x0000000100000000)
  region size 1024K, 2 young (2048K), 2 survivors (2048K)
 Metaspace       used 2252K, committed 2368K, reserved 1114112K
  class space    used 204K, committed 256K, reserved 1048576K
}
Event: 1.457 GC heap before
{Heap before GC invocations=1 (full 0):
 garbage-first heap   total 131072K, used 17656K [0x0000000081800000, 0x0000000100000000)
  region size 1024K, 14 young (14336K), 2 survivors (2048K)
 Metaspace       used 4762K, committed 4864K, reserved 1114112K
  class space    used 528K, committed 576K, reserved 1048576K
}
Event: 1.460 GC heap after
{Heap after GC invocations=2 (full 0):
 garbage-first heap   total 131072K, used 7026K [0x0000000081800000, 0x0000000100000000)
  region size 1024K, 1 young (1024K), 1 survivors (1024K)
 Metaspace       used 4762K, committed 4864K, reserved 1114112K
  class space    used 528K, committed 576K, reserved 1048576K
}
Event: 2.600 GC heap before
{Heap before GC invocations=2 (full 0):
 garbage-first heap   total 131072K, used 32626K [0x0000000081800000, 0x0000000100000000)
  region size 1024K, 27 young (27648K), 1 survivors (1024K)
 Metaspace       used 10419K, committed 10688K, reserved 1114112K
  class space    used 1297K, committed 1408K, reserved 1048576K
}
Event: 2.604 GC heap after
{Heap after GC invocations=3 (full 0):
 garbage-first heap   total 131072K, used 8521K [0x0000000081800000, 0x0000000100000000)
  region size 1024K, 3 young (3072K), 3 survivors (3072K)
 Metaspace       used 10419K, committed 10688K, reserved 1114112K
  class space    used 1297K, committed 1408K, reserved 1048576K
}
Event: 4.795 GC heap before
{Heap before GC invocations=3 (full 0):
 garbage-first heap   total 131072K, used 72009K [0x0000000081800000, 0x0000000100000000)
  region size 1024K, 67 young (68608K), 3 survivors (3072K)
 Metaspace       used 21234K, committed 21504K, reserved 1114112K
  class space    used 2654K, committed 2816K, reserved 1048576K
}
Event: 4.806 GC heap after
{Heap after GC invocations=4 (full 0):
 garbage-first heap   total 131072K, used 13971K [0x0000000081800000, 0x0000000100000000)
  region size 1024K, 8 young (8192K), 8 survivors (8192K)
 Metaspace       used 21234K, committed 21504K, reserved 1114112K
  class space    used 2654K, committed 2816K, reserved 1048576K
}
Event: 6.019 GC heap before
{Heap before GC invocations=5 (full 0):
 garbage-first heap   total 55296K, used 38547K [0x0000000081800000, 0x0000000100000000)
  region size 1024K, 32 young (32768K), 8 survivors (8192K)
 Metaspace       used 23380K, committed 23680K, reserved 1114112K
  class space    used 2960K, committed 3136K, reserved 1048576K
}
Event: 6.036 GC heap after
{Heap after GC invocations=6 (full 0):
 garbage-first heap   total 55296K, used 15253K [0x0000000081800000, 0x0000000100000000)
  region size 1024K, 2 young (2048K), 2 survivors (2048K)
 Metaspace       used 23380K, committed 23680K, reserved 1114112K
  class space    used 2960K, committed 3136K, reserved 1048576K
}
Event: 6.085 GC heap before
{Heap before GC invocations=6 (full 0):
 garbage-first heap   total 55296K, used 16277K [0x0000000081800000, 0x0000000100000000)
  region size 1024K, 3 young (3072K), 2 survivors (2048K)
 Metaspace       used 23486K, committed 23808K, reserved 1114112K
  class space    used 2974K, committed 3136K, reserved 1048576K
}
Event: 6.089 GC heap after
{Heap after GC invocations=7 (full 0):
 garbage-first heap   total 55296K, used 15819K [0x0000000081800000, 0x0000000100000000)
  region size 1024K, 1 young (1024K), 1 survivors (1024K)
 Metaspace       used 23486K, committed 23808K, reserved 1114112K
  class space    used 2974K, committed 3136K, reserved 1048576K
}
Event: 7.161 GC heap before
{Heap before GC invocations=7 (full 0):
 garbage-first heap   total 55296K, used 38347K [0x0000000081800000, 0x0000000100000000)
  region size 1024K, 23 young (23552K), 1 survivors (1024K)
 Metaspace       used 25923K, committed 26176K, reserved 1114112K
  class space    used 3307K, committed 3456K, reserved 1048576K
}
Event: 7.166 GC heap after
{Heap after GC invocations=8 (full 0):
 garbage-first heap   total 55296K, used 16949K [0x0000000081800000, 0x0000000100000000)
  region size 1024K, 2 young (2048K), 2 survivors (2048K)
 Metaspace       used 25923K, committed 26176K, reserved 1114112K
  class space    used 3307K, committed 3456K, reserved 1048576K
}
Event: 8.507 GC heap before
{Heap before GC invocations=8 (full 0):
 garbage-first heap   total 55296K, used 40501K [0x0000000081800000, 0x0000000100000000)
  region size 1024K, 25 young (25600K), 2 survivors (2048K)
 Metaspace       used 29796K, committed 30144K, reserved 1114112K
  class space    used 3855K, committed 4032K, reserved 1048576K
}
Event: 8.514 GC heap after
{Heap after GC invocations=9 (full 0):
 garbage-first heap   total 55296K, used 19094K [0x0000000081800000, 0x0000000100000000)
  region size 1024K, 4 young (4096K), 4 survivors (4096K)
 Metaspace       used 29796K, committed 30144K, reserved 1114112K
  class space    used 3855K, committed 4032K, reserved 1048576K
}
Event: 9.569 GC heap before
{Heap before GC invocations=9 (full 0):
 garbage-first heap   total 55296K, used 40598K [0x0000000081800000, 0x0000000100000000)
  region size 1024K, 25 young (25600K), 4 survivors (4096K)
 Metaspace       used 33263K, committed 33664K, reserved 1114112K
  class space    used 4262K, committed 4480K, reserved 1048576K
}
Event: 9.577 GC heap after
{Heap after GC invocations=10 (full 0):
 garbage-first heap   total 55296K, used 20673K [0x0000000081800000, 0x0000000100000000)
  region size 1024K, 2 young (2048K), 2 survivors (2048K)
 Metaspace       used 33263K, committed 33664K, reserved 1114112K
  class space    used 4262K, committed 4480K, reserved 1048576K
}
Event: 10.127 GC heap before
{Heap before GC invocations=10 (full 0):
 garbage-first heap   total 55296K, used 33985K [0x0000000081800000, 0x0000000100000000)
  region size 1024K, 16 young (16384K), 2 survivors (2048K)
 Metaspace       used 35526K, committed 35968K, reserved 1114112K
  class space    used 4562K, committed 4800K, reserved 1048576K
}
Event: 10.131 GC heap after
{Heap after GC invocations=11 (full 0):
 garbage-first heap   total 55296K, used 21112K [0x0000000081800000, 0x0000000100000000)
  region size 1024K, 3 young (3072K), 3 survivors (3072K)
 Metaspace       used 35526K, committed 35968K, reserved 1114112K
  class space    used 4562K, committed 4800K, reserved 1048576K
}

Dll operation events (11 events):
Event: 0.012 Loaded shared library C:\Users\Admin\.jdks\corretto-17.0.10\bin\java.dll
Event: 0.014 Loaded shared library C:\Users\Admin\.jdks\corretto-17.0.10\bin\zip.dll
Event: 0.040 Loaded shared library C:\Users\Admin\.jdks\corretto-17.0.10\bin\jsvml.dll
Event: 0.384 Loaded shared library C:\Users\Admin\.jdks\corretto-17.0.10\bin\instrument.dll
Event: 0.434 Loaded shared library C:\Users\Admin\.jdks\corretto-17.0.10\bin\net.dll
Event: 0.436 Loaded shared library C:\Users\Admin\.jdks\corretto-17.0.10\bin\nio.dll
Event: 0.445 Loaded shared library C:\Users\Admin\.jdks\corretto-17.0.10\bin\zip.dll
Event: 0.676 Loaded shared library C:\Users\Admin\.jdks\corretto-17.0.10\bin\jimage.dll
Event: 1.277 Loaded shared library C:\Users\Admin\.jdks\corretto-17.0.10\bin\management.dll
Event: 1.280 Loaded shared library C:\Users\Admin\.jdks\corretto-17.0.10\bin\management_ext.dll
Event: 4.203 Loaded shared library C:\Users\Admin\.jdks\corretto-17.0.10\bin\sunmscapi.dll

Deoptimization events (20 events):
Event: 10.259 Thread 0x0000020da56ae600 DEOPT PACKING pc=0x0000020d49152034 sp=0x0000009567cfcbe0
Event: 10.259 Thread 0x0000020da56ae600 DEOPT UNPACKING pc=0x0000020d504f7143 sp=0x0000009567cfc0d0 mode 1
Event: 10.261 Thread 0x0000020da56ae600 DEOPT PACKING pc=0x0000020d490db4ec sp=0x0000009567cfc130
Event: 10.261 Thread 0x0000020da56ae600 DEOPT UNPACKING pc=0x0000020d504f7143 sp=0x0000009567cfb5c8 mode 1
Event: 10.261 Thread 0x0000020da56ae600 DEOPT PACKING pc=0x0000020d490da9dc sp=0x0000009567cfc200
Event: 10.261 Thread 0x0000020da56ae600 DEOPT UNPACKING pc=0x0000020d504f7143 sp=0x0000009567cfb6b8 mode 1
Event: 10.261 Thread 0x0000020da56ae600 DEOPT PACKING pc=0x0000020d49152034 sp=0x0000009567cfcbe0
Event: 10.261 Thread 0x0000020da56ae600 DEOPT UNPACKING pc=0x0000020d504f7143 sp=0x0000009567cfc0d0 mode 1
Event: 10.420 Thread 0x0000020da56ae600 DEOPT PACKING pc=0x0000020d490db4ec sp=0x0000009567cfc0c0
Event: 10.420 Thread 0x0000020da56ae600 DEOPT UNPACKING pc=0x0000020d504f7143 sp=0x0000009567cfb558 mode 1
Event: 10.420 Thread 0x0000020da56ae600 DEOPT PACKING pc=0x0000020d490da9dc sp=0x0000009567cfc190
Event: 10.420 Thread 0x0000020da56ae600 DEOPT UNPACKING pc=0x0000020d504f7143 sp=0x0000009567cfb648 mode 1
Event: 10.420 Thread 0x0000020da56ae600 DEOPT PACKING pc=0x0000020d49152034 sp=0x0000009567cfcb70
Event: 10.420 Thread 0x0000020da56ae600 DEOPT UNPACKING pc=0x0000020d504f7143 sp=0x0000009567cfc060 mode 1
Event: 10.421 Thread 0x0000020da56ae600 DEOPT PACKING pc=0x0000020d490db4ec sp=0x0000009567cfc0c0
Event: 10.421 Thread 0x0000020da56ae600 DEOPT UNPACKING pc=0x0000020d504f7143 sp=0x0000009567cfb558 mode 1
Event: 10.421 Thread 0x0000020da56ae600 DEOPT PACKING pc=0x0000020d490da9dc sp=0x0000009567cfc190
Event: 10.421 Thread 0x0000020da56ae600 DEOPT UNPACKING pc=0x0000020d504f7143 sp=0x0000009567cfb648 mode 1
Event: 10.421 Thread 0x0000020da56ae600 DEOPT PACKING pc=0x0000020d49152034 sp=0x0000009567cfcb70
Event: 10.421 Thread 0x0000020da56ae600 DEOPT UNPACKING pc=0x0000020d504f7143 sp=0x0000009567cfc060 mode 1

Classes unloaded (0 events):
No events

Classes redefined (0 events):
No events

Internal exceptions (20 events):
Event: 8.415 Thread 0x0000020da56ae600 Exception <a 'java/lang/NoSuchMethodError'{0x000000008383ed20}: 'int java.lang.invoke.DirectMethodHandle$Holder.invokeSpecialIFC(java.lang.Object, java.lang.Object, java.lang.Object)'> (0x000000008383ed20) 
thrown [s\src\hotspot\share\interpreter\linkResolver.cpp, line 759]
Event: 8.418 Thread 0x0000020da56ae600 Exception <a 'java/lang/NoSuchMethodError'{0x000000008384cbe8}: 'void java.lang.invoke.DirectMethodHandle$Holder.invokeStatic(java.lang.Object, int, java.lang.Object)'> (0x000000008384cbe8) 
thrown [s\src\hotspot\share\interpreter\linkResolver.cpp, line 759]
Event: 8.436 Thread 0x0000020da56ae600 Exception <a 'java/lang/NoSuchMethodError'{0x0000000083889bb8}: 'void java.lang.invoke.DirectMethodHandle$Holder.invokeVirtual(java.lang.Object, java.lang.Object, int)'> (0x0000000083889bb8) 
thrown [s\src\hotspot\share\interpreter\linkResolver.cpp, line 759]
Event: 8.438 Thread 0x0000020da56ae600 Exception <a 'java/lang/NoSuchMethodError'{0x000000008388fd70}: 'void java.lang.invoke.DirectMethodHandle$Holder.invokeStatic(java.lang.Object, java.lang.Object, java.lang.Object, int, java.lang.Object)'> (0x000000008388fd70) 
thrown [s\src\hotspot\share\interpreter\linkResolver.cpp, line 759]
Event: 8.439 Thread 0x0000020da56ae600 Exception <a 'java/lang/NoSuchMethodError'{0x00000000838971f0}: 'java.lang.Object java.lang.invoke.DirectMethodHandle$Holder.newInvokeSpecial(java.lang.Object, java.lang.Object, java.lang.Object, int)'> (0x00000000838971f0) 
thrown [s\src\hotspot\share\interpreter\linkResolver.cpp, line 759]
Event: 8.440 Thread 0x0000020da56ae600 Exception <a 'java/lang/NoSuchMethodError'{0x000000008389b4d8}: 'java.lang.Object java.lang.invoke.DirectMethodHandle$Holder.invokeSpecial(java.lang.Object, java.lang.Object, java.lang.Object, java.lang.Object, int)'> (0x000000008389b4d8) 
thrown [s\src\hotspot\share\interpreter\linkResolver.cpp, line 759]
Event: 8.440 Thread 0x0000020da56ae600 Exception <a 'java/lang/NoSuchMethodError'{0x000000008389f0a0}: 'java.lang.Object java.lang.invoke.Invokers$Holder.linkToTargetMethod(java.lang.Object, java.lang.Object, int, java.lang.Object)'> (0x000000008389f0a0) 
thrown [s\src\hotspot\share\interpreter\linkResolver.cpp, line 759]
Event: 8.667 Thread 0x0000020da56ae600 Exception <a 'java/lang/NoSuchMethodError'{0x00000000853b8a60}: 'java.lang.Object java.lang.invoke.DirectMethodHandle$Holder.invokeStaticInit(java.lang.Object, int, int, int, int)'> (0x00000000853b8a60) 
thrown [s\src\hotspot\share\interpreter\linkResolver.cpp, line 759]
Event: 8.783 Thread 0x0000020da56ae600 Exception <a 'java/lang/NoSuchMethodError'{0x00000000852cacf8}: 'java.lang.Object java.lang.invoke.DirectMethodHandle$Holder.invokeStaticInit(java.lang.Object, java.lang.Object, int, int, int, int)'> (0x00000000852cacf8) 
thrown [s\src\hotspot\share\interpreter\linkResolver.cpp, line 759]
Event: 9.035 Thread 0x0000020da56ae600 Exception <a 'sun/nio/fs/WindowsException'{0x00000000842fe6b8}> (0x00000000842fe6b8) 
thrown [s\src\hotspot\share\prims\jni.cpp, line 516]
Event: 9.036 Thread 0x0000020da56ae600 Exception <a 'sun/nio/fs/WindowsException'{0x0000000084106870}> (0x0000000084106870) 
thrown [s\src\hotspot\share\prims\jni.cpp, line 516]
Event: 9.037 Thread 0x0000020da56ae600 Exception <a 'sun/nio/fs/WindowsException'{0x0000000084106f48}> (0x0000000084106f48) 
thrown [s\src\hotspot\share\prims\jni.cpp, line 516]
Event: 9.091 Thread 0x0000020da56ae600 Exception <a 'java/lang/NoSuchMethodError'{0x000000008406a3e0}: 'java.lang.Object java.lang.invoke.DirectMethodHandle$Holder.invokeSpecial(java.lang.Object, java.lang.Object, long, java.lang.Object, java.lang.Object, java.lang.Object, java.lang.Object, java.lang.Object, java.lang.Object)'> (0x000000008406a3e0) 
thrown [s\src\hotspot\share\interpreter\linkResolver.cpp, line 759]
Event: 9.092 Thread 0x0000020da56ae600 Exception <a 'java/lang/NoSuchMethodError'{0x000000008406ef08}: 'java.lang.Object java.lang.invoke.DelegatingMethodHandle$Holder.reinvoke_L(java.lang.Object, long, java.lang.Object, java.lang.Object, java.lang.Object, java.lang.Object, java.lang.Object, java.lang.Object)'> (0x000000008406ef08) 
thrown [s\src\hotspot\share\interpreter\linkResolver.cpp, line 759]
Event: 9.125 Thread 0x0000020da56ae600 Implicit null exception at 0x0000020d50b4e7df to 0x0000020d50b4fe64
Event: 9.158 Thread 0x0000020da56ae600 Exception <a 'java/io/FileNotFoundException'{0x0000000083fb09f0}> (0x0000000083fb09f0) 
thrown [s\src\hotspot\share\prims\jni.cpp, line 516]
Event: 9.242 Thread 0x0000020da56ae600 Exception <a 'java/lang/NoSuchMethodError'{0x0000000083d32808}: 'int java.lang.invoke.DirectMethodHandle$Holder.invokeInterface(java.lang.Object, java.lang.Object, java.lang.Object, java.lang.Object)'> (0x0000000083d32808) 
thrown [s\src\hotspot\share\interpreter\linkResolver.cpp, line 759]
Event: 9.406 Thread 0x0000020da56ae600 Exception <a 'java/lang/NoSuchMethodError'{0x0000000083be5b88}: 'long java.lang.invoke.DirectMethodHandle$Holder.invokeVirtual(java.lang.Object, java.lang.Object)'> (0x0000000083be5b88) 
thrown [s\src\hotspot\share\interpreter\linkResolver.cpp, line 759]
Event: 9.774 Thread 0x0000020da56ae600 Implicit null exception at 0x0000020d50bfff0f to 0x0000020d50c00428
Event: 9.783 Thread 0x0000020da56ae600 Exception <a 'sun/nio/fs/WindowsException'{0x00000000851e5508}> (0x00000000851e5508) 
thrown [s\src\hotspot\share\prims\jni.cpp, line 516]

VM Operations (20 events):
Event: 8.697 Executing VM operation: HandshakeAllThreads
Event: 8.697 Executing VM operation: HandshakeAllThreads done
Event: 9.110 Executing VM operation: HandshakeAllThreads
Event: 9.110 Executing VM operation: HandshakeAllThreads done
Event: 9.345 Executing VM operation: HandshakeAllThreads
Event: 9.345 Executing VM operation: HandshakeAllThreads done
Event: 9.345 Executing VM operation: HandshakeAllThreads
Event: 9.346 Executing VM operation: HandshakeAllThreads done
Event: 9.464 Executing VM operation: HandshakeAllThreads
Event: 9.464 Executing VM operation: HandshakeAllThreads done
Event: 9.561 Executing VM operation: G1CollectForAllocation
Event: 9.579 Executing VM operation: G1CollectForAllocation done
Event: 9.591 Executing VM operation: HandshakeAllThreads
Event: 9.592 Executing VM operation: HandshakeAllThreads done
Event: 10.122 Executing VM operation: CollectForMetadataAllocation
Event: 10.133 Executing VM operation: CollectForMetadataAllocation done
Event: 10.186 Executing VM operation: G1PauseRemark
Event: 10.192 Executing VM operation: G1PauseRemark done
Event: 10.215 Executing VM operation: G1PauseCleanup
Event: 10.217 Executing VM operation: G1PauseCleanup done

Events (20 events):
Event: 10.442 loading class org/hibernate/type/NullType
Event: 10.442 loading class org/hibernate/type/NullType done
Event: 10.443 loading class org/hibernate/type/descriptor/jdbc/ObjectNullResolvingJdbcType
Event: 10.443 loading class org/hibernate/type/descriptor/jdbc/ObjectNullResolvingJdbcType done
Event: 10.443 loading class org/hibernate/type/descriptor/jdbc/ObjectNullResolvingJdbcType$1
Event: 10.443 loading class org/hibernate/type/descriptor/jdbc/ObjectNullResolvingJdbcType$1 done
Event: 10.444 loading class org/hibernate/boot/model/TypeBeanInstanceProducer
Event: 10.444 loading class org/hibernate/boot/model/TypeBeanInstanceProducer done
Event: 10.445 loading class org/hibernate/type/spi/TypeBootstrapContext
Event: 10.445 loading class org/hibernate/type/spi/TypeBootstrapContext done
Event: 10.445 loading class org/hibernate/query/sqm/function/SqmFunctionRegistry
Event: 10.445 loading class org/hibernate/query/sqm/function/SqmFunctionRegistry done
Event: 10.446 loading class org/hibernate/query/sqm/function/SqmFunctionDescriptor
Event: 10.446 loading class org/hibernate/query/sqm/function/SqmFunctionDescriptor done
Event: 10.447 loading class org/hibernate/internal/util/collections/CaseInsensitiveDictionary
Event: 10.447 loading class org/hibernate/internal/util/collections/CaseInsensitiveDictionary done
Event: 10.448 loading class org/hibernate/boot/spi/MetadataSourcesContributor
Event: 10.448 loading class org/hibernate/boot/spi/MetadataSourcesContributor done
Event: 10.450 loading class org/hibernate/boot/cfgxml/internal/CfgXmlAccessServiceImpl
Event: 10.450 loading class org/hibernate/boot/cfgxml/internal/CfgXmlAccessServiceImpl done


Dynamic libraries:
0x00007ff73c030000 - 0x00007ff73c03e000 	C:\Users\Admin\.jdks\corretto-17.0.10\bin\java.exe
0x00007fff6f880000 - 0x00007fff6fa6e000 	C:\Windows\SYSTEM32\ntdll.dll
0x00007fff6d630000 - 0x00007fff6d6e3000 	C:\Windows\System32\KERNEL32.DLL
0x00007fff6c300000 - 0x00007fff6c59d000 	C:\Windows\System32\KERNELBASE.dll
0x00007fff69fa0000 - 0x00007fff69fbb000 	C:\Users\Admin\.jdks\corretto-17.0.10\bin\VCRUNTIME140.dll
0x00007fff69f80000 - 0x00007fff69f97000 	C:\Users\Admin\.jdks\corretto-17.0.10\bin\jli.dll
0x0000020d3fb20000 - 0x0000020d3fc1a000 	C:\Windows\System32\ucrtbase.dll
0x00007fff6caa0000 - 0x00007fff6cc37000 	C:\Windows\System32\USER32.dll
0x00007fff59e10000 - 0x00007fff5a089000 	C:\Windows\WinSxS\amd64_microsoft.windows.common-controls_6595b64144ccf1df_6.0.17763.5696_none_de7663245346b1ca\COMCTL32.dll
0x00007fff6bb90000 - 0x00007fff6bbb0000 	C:\Windows\System32\win32u.dll
0x00007fff6cc40000 - 0x00007fff6ccde000 	C:\Windows\System32\msvcrt.dll
0x00007fff6d8e0000 - 0x00007fff6d909000 	C:\Windows\System32\GDI32.dll
0x00007fff6c6d0000 - 0x00007fff6c87a000 	C:\Windows\System32\gdi32full.dll
0x00007fff6ce50000 - 0x00007fff6d17b000 	C:\Windows\System32\combase.dll
0x00007fff6d6f0000 - 0x00007fff6d808000 	C:\Windows\System32\RPCRT4.dll
0x00007fff6b900000 - 0x00007fff6b982000 	C:\Windows\System32\bcryptPrimitives.dll
0x00007fff6c880000 - 0x00007fff6c920000 	C:\Windows\System32\msvcp_win.dll
0x00007fff6d910000 - 0x00007fff6d93e000 	C:\Windows\System32\IMM32.DLL
0x00007fff6a300000 - 0x00007fff6a30c000 	C:\Users\Admin\.jdks\corretto-17.0.10\bin\vcruntime140_1.dll
0x00007fff5f6d0000 - 0x00007fff5f75d000 	C:\Users\Admin\.jdks\corretto-17.0.10\bin\msvcp140.dll
0x00007fff453c0000 - 0x00007fff46022000 	C:\Users\Admin\.jdks\corretto-17.0.10\bin\server\jvm.dll
0x00007fff6de70000 - 0x00007fff6df18000 	C:\Windows\System32\ADVAPI32.dll
0x00007fff6e130000 - 0x00007fff6e1d2000 	C:\Windows\System32\sechost.dll
0x00007fff6c6a0000 - 0x00007fff6c6c6000 	C:\Windows\System32\bcrypt.dll
0x00007fff6b830000 - 0x00007fff6b88d000 	C:\Windows\System32\POWRPROF.dll
0x00007fff63280000 - 0x00007fff63289000 	C:\Windows\SYSTEM32\WSOCK32.dll
0x00007fff5bd80000 - 0x00007fff5bd8a000 	C:\Windows\SYSTEM32\VERSION.dll
0x00007fff6dbc0000 - 0x00007fff6dc2d000 	C:\Windows\System32\WS2_32.dll
0x00007fff68e10000 - 0x00007fff68e34000 	C:\Windows\SYSTEM32\WINMM.dll
0x00007fff68de0000 - 0x00007fff68e0d000 	C:\Windows\SYSTEM32\WINMMBASE.dll
0x00007fff6c920000 - 0x00007fff6c96a000 	C:\Windows\System32\cfgmgr32.dll
0x00007fff6b8b0000 - 0x00007fff6b8c1000 	C:\Windows\System32\kernel.appcore.dll
0x00007fff6a000000 - 0x00007fff6a00a000 	C:\Users\Admin\.jdks\corretto-17.0.10\bin\jimage.dll
0x00007fff6b090000 - 0x00007fff6b27d000 	C:\Windows\SYSTEM32\DBGHELP.DLL
0x00007fff6b060000 - 0x00007fff6b08a000 	C:\Windows\SYSTEM32\dbgcore.DLL
0x00007fff5f7b0000 - 0x00007fff5f7eb000 	C:\Users\Admin\.jdks\corretto-17.0.10\bin\jdwp.dll
0x00007fff69e00000 - 0x00007fff69e0e000 	C:\Users\Admin\.jdks\corretto-17.0.10\bin\instrument.dll
0x00007fff63ec0000 - 0x00007fff63ee5000 	C:\Users\Admin\.jdks\corretto-17.0.10\bin\java.dll
0x00007fff62420000 - 0x00007fff62438000 	C:\Users\Admin\.jdks\corretto-17.0.10\bin\zip.dll
0x00007fff56ae0000 - 0x00007fff56bb7000 	C:\Users\Admin\.jdks\corretto-17.0.10\bin\jsvml.dll
0x00007fff6e350000 - 0x00007fff6f848000 	C:\Windows\System32\SHELL32.dll
0x00007fff6dfa0000 - 0x00007fff6e047000 	C:\Windows\System32\shcore.dll
0x00007fff6bbb0000 - 0x00007fff6c2f7000 	C:\Windows\System32\windows.storage.dll
0x00007fff6b8d0000 - 0x00007fff6b8f3000 	C:\Windows\System32\profapi.dll
0x00007fff6d940000 - 0x00007fff6d992000 	C:\Windows\System32\shlwapi.dll
0x00007fff6ca80000 - 0x00007fff6ca9b000 	C:\Windows\System32\cryptsp.dll
0x00007fff69850000 - 0x00007fff6985c000 	C:\Users\Admin\.jdks\corretto-17.0.10\bin\dt_socket.dll
0x00007fff6a940000 - 0x00007fff6a97d000 	C:\Windows\SYSTEM32\IPHLPAPI.DLL
0x00007fff6ac40000 - 0x00007fff6aca7000 	C:\Windows\system32\mswsock.dll
0x00007fff63ea0000 - 0x00007fff63eb9000 	C:\Users\Admin\.jdks\corretto-17.0.10\bin\net.dll
0x00007fff620f0000 - 0x00007fff621ed000 	C:\Windows\SYSTEM32\WINHTTP.dll
0x00007fff62ff0000 - 0x00007fff63006000 	C:\Users\Admin\.jdks\corretto-17.0.10\bin\nio.dll
0x00007fff62410000 - 0x00007fff62419000 	C:\Users\Admin\.jdks\corretto-17.0.10\bin\management.dll
0x00007fff5f7a0000 - 0x00007fff5f7ab000 	C:\Users\Admin\.jdks\corretto-17.0.10\bin\management_ext.dll
0x00007fff6e1e0000 - 0x00007fff6e1e8000 	C:\Windows\System32\PSAPI.DLL
0x00007fff5f790000 - 0x00007fff5f79e000 	C:\Users\Admin\.jdks\corretto-17.0.10\bin\sunmscapi.dll
0x00007fff6b990000 - 0x00007fff6bb8e000 	C:\Windows\System32\CRYPT32.dll
0x00007fff6b890000 - 0x00007fff6b8a2000 	C:\Windows\System32\MSASN1.dll
0x00007fff6af30000 - 0x00007fff6af5c000 	C:\Windows\SYSTEM32\ncrypt.dll
0x00007fff6aef0000 - 0x00007fff6af2c000 	C:\Windows\SYSTEM32\NTASN1.dll
0x00007fff6a7b0000 - 0x00007fff6a7e3000 	C:\Windows\system32\rsaenh.dll
0x00007fff6b760000 - 0x00007fff6b789000 	C:\Windows\SYSTEM32\USERENV.dll
0x00007fff6ae10000 - 0x00007fff6ae1c000 	C:\Windows\SYSTEM32\CRYPTBASE.dll
0x00007fff6d9a0000 - 0x00007fff6d9a8000 	C:\Windows\System32\NSI.dll
0x00007fff625c0000 - 0x00007fff625d6000 	C:\Windows\SYSTEM32\dhcpcsvc6.DLL
0x00007fff62a10000 - 0x00007fff62a2c000 	C:\Windows\SYSTEM32\dhcpcsvc.DLL
0x00007fff6a980000 - 0x00007fff6aa46000 	C:\Windows\SYSTEM32\DNSAPI.dll
0x00007fff5f580000 - 0x00007fff5f590000 	C:\Users\Admin\.jdks\corretto-17.0.10\bin\verify.dll

dbghelp: loaded successfully - version: 4.0.5 - missing functions: none
symbol engine: initialized successfully - sym options: 0x614 - pdb path: .;C:\Users\Admin\.jdks\corretto-17.0.10\bin;C:\Windows\SYSTEM32;C:\Windows\WinSxS\amd64_microsoft.windows.common-controls_6595b64144ccf1df_6.0.17763.5696_none_de7663245346b1ca;C:\Users\Admin\.jdks\corretto-17.0.10\bin\server

VM Arguments:
jvm_args: -agentlib:jdwp=transport=dt_socket,address=127.0.0.1:55444,suspend=y,server=n -javaagent:C:\Users\Admin\AppData\Local\JetBrains\IdeaIC2023.3\captureAgent\debugger-agent.jar -Dfile.encoding=UTF-8 
java_command: com.example.demo.DemoApplication
java_class_path (initial): D:\Do_An_SpringBoot\test\demo\target\classes;C:\Users\Admin\.m2\repository\org\springframework\boot\spring-boot-starter-data-jpa\3.2.1\spring-boot-starter-data-jpa-3.2.1.jar;C:\Users\Admin\.m2\repository\org\springframework\boot\spring-boot-starter-aop\3.2.1\spring-boot-starter-aop-3.2.1.jar;C:\Users\Admin\.m2\repository\org\aspectj\aspectjweaver\1.9.21\aspectjweaver-1.9.21.jar;C:\Users\Admin\.m2\repository\org\springframework\boot\spring-boot-starter-jdbc\3.2.1\spring-boot-starter-jdbc-3.2.1.jar;C:\Users\Admin\.m2\repository\com\zaxxer\HikariCP\5.0.1\HikariCP-5.0.1.jar;C:\Users\Admin\.m2\repository\org\springframework\spring-jdbc\6.1.2\spring-jdbc-6.1.2.jar;C:\Users\Admin\.m2\repository\org\hibernate\orm\hibernate-core\6.4.1.Final\hibernate-core-6.4.1.Final.jar;C:\Users\Admin\.m2\repository\jakarta\persistence\jakarta.persistence-api\3.1.0\jakarta.persistence-api-3.1.0.jar;C:\Users\Admin\.m2\repository\jakarta\transaction\jakarta.transaction-api\2.0.1\jakarta.transaction-api-2.0.1.jar;C:\Users\Admin\.m2\repository\org\jboss\logging\jboss-logging\3.5.3.Final\jboss-logging-3.5.3.Final.jar;C:\Users\Admin\.m2\repository\org\hibernate\common\hibernate-commons-annotations\6.0.6.Final\hibernate-commons-annotations-6.0.6.Final.jar;C:\Users\Admin\.m2\repository\io\smallrye\jandex\3.1.2\jandex-3.1.2.jar;C:\Users\Admin\.m2\repository\com\fasterxml\classmate\1.6.0\classmate-1.6.0.jar;C:\Users\Admin\.m2\repository\net\bytebuddy\byte-buddy\1.14.10\byte-buddy-1.14.10.jar;C:\Users\Admin\.m2\repository\org\glassfish\jaxb\jaxb-runtime\4.0.4\jaxb-runtime-4.0.4.jar;C:\Users\Admin\.m2\repository\org\glassfish\jaxb\jaxb-core\4.0.4\jaxb-core-4.0.4.jar;C:\Users\Admin\.m2\repository\org\eclipse\angus\angus-activation\2.0.1\angus-activation-2.0.1.jar;C:\Users\Admin\.m2\repository\org\glassfish\jaxb\txw2\4.0.4\txw2-4.0.4.jar;C:\Users\Admin\.m2\repository\com\sun\istack\istack-commons-runtime\4.1.2\istack-commons-runtime-4.1.2.jar;C:\Users\Admin\.m2\repository\jak
Launcher Type: SUN_STANDARD

[Global flags]
     intx CICompilerCount                          = 3                                         {product} {ergonomic}
     uint ConcGCThreads                            = 1                                         {product} {ergonomic}
     uint G1ConcRefinementThreads                  = 4                                         {product} {ergonomic}
   size_t G1HeapRegionSize                         = 1048576                                   {product} {ergonomic}
    uintx GCDrainStackTargetSize                   = 64                                        {product} {ergonomic}
   size_t InitialHeapSize                          = 134217728                                 {product} {ergonomic}
   size_t MarkStackSize                            = 4194304                                   {product} {ergonomic}
   size_t MaxHeapSize                              = 2122317824                                {product} {ergonomic}
   size_t MaxNewSize                               = 1272971264                                {product} {ergonomic}
   size_t MinHeapDeltaBytes                        = 1048576                                   {product} {ergonomic}
   size_t MinHeapSize                              = 8388608                                   {product} {ergonomic}
    uintx NonNMethodCodeHeapSize                   = 5832780                                {pd product} {ergonomic}
    uintx NonProfiledCodeHeapSize                  = 122912730                              {pd product} {ergonomic}
    uintx ProfiledCodeHeapSize                     = 122912730                              {pd product} {ergonomic}
    uintx ReservedCodeCacheSize                    = 251658240                              {pd product} {ergonomic}
     bool SegmentedCodeCache                       = true                                      {product} {ergonomic}
   size_t SoftMaxHeapSize                          = 2122317824                             {manageable} {ergonomic}
     bool UseCompressedClassPointers               = true                           {product lp64_product} {ergonomic}
     bool UseCompressedOops                        = true                           {product lp64_product} {ergonomic}
     bool UseG1GC                                  = true                                      {product} {ergonomic}
     bool UseLargePagesIndividualAllocation        = false                                  {pd product} {ergonomic}

Logging:
Log output configuration:
 #0: stdout all=warning uptime,level,tags
 #1: stderr all=off uptime,level,tags

Environment Variables:
PATH=C:\Program Files (x86)\Common Files\Oracle\Java\javapath;C:\Windows\system32;C:\Windows;C:\Windows\System32\Wbem;C:\Windows\System32\WindowsPowerShell\v1.0\;C:\Windows\System32\OpenSSH\;C:\Program Files\Git\cmd;C:\Program Files\nodejs\;C:\Users\Admin\AppData\Local\Microsoft\WindowsApps;C:\Users\Admin\AppData\Local\Programs\Microsoft VS Code\bin;C:\Users\Admin\AppData\Roaming\npm
USERNAME=Admin
OS=Windows_NT
PROCESSOR_IDENTIFIER=Intel64 Family 6 Model 58 Stepping 9, GenuineIntel
TMP=C:\Users\Admin\AppData\Local\Temp
TEMP=C:\Users\Admin\AppData\Local\Temp



Periodic native trim disabled


---------------  S Y S T E M  ---------------

OS:
 Windows 10 , 64 bit Build 17763 (10.0.17763.4974)
OS uptime: 2 days 1:52 hours

CPU: total 4 (initial active 4) (2 cores per cpu, 2 threads per core) family 6 model 58 stepping 9 microcode 0x21, cx8, cmov, fxsr, ht, mmx, sse, sse2, sse3, ssse3, sse4.1, sse4.2, popcnt, tsc, tscinvbit, avx, aes, erms, clmul, vzeroupper, clflush
Processor Information for all 4 processors :
  Max Mhz: 2501, Current Mhz: 2501, Mhz Limit: 2501

Memory: 4k page, system-wide physical 8094M (1286M free)
TotalPageFile size 15006M (AvailPageFile size 3993M)
current process WorkingSet (physical memory assigned to process): 226M, peak: 226M
current process commit charge ("private bytes"): 259M, peak: 270M

vm_info: OpenJDK 64-Bit Server VM (17.0.10+7-LTS) for windows-amd64 JRE (17.0.10+7-LTS), built on Jan 10 2024 22:11:07 by "Administrator" with MS VC++ 16.10 / 16.11 (VS2019)

END.
