#
# A fatal error has been detected by the Java Runtime Environment:
#
#  EXCEPTION_ACCESS_VIOLATION (0xc0000005) at pc=0x00007ffc94e2553f, pid=8904, tid=11640
#
# JRE version: OpenJDK Runtime Environment Corretto-17.0.10.7.1 (17.0.10+7) (build 17.0.10+7-LTS)
# Java VM: OpenJDK 64-Bit Server VM Corretto-17.0.10.7.1 (17.0.10+7-LTS, mixed mode, sharing, tiered, compressed oops, compressed class ptrs, g1 gc, windows-amd64)
# Problematic frame:
# V  [jvm.dll+0x36553f]
#
# No core dump will be written. Minidumps are not enabled by default on client versions of Windows
#
# If you would like to submit a bug report, please visit:
#   https://github.com/corretto/corretto-17/issues/
#

---------------  S U M M A R Y ------------

Command Line: -javaagent:C:\Program Files\JetBrains\IntelliJ IDEA Community Edition 2023.3.4\lib\idea_rt.jar=53765:C:\Program Files\JetBrains\IntelliJ IDEA Community Edition 2023.3.4\bin -Dfile.encoding=UTF-8 com.example.demo.DemoApplication

Host: Intel(R) Core(TM) i5-3210M CPU @ 2.50GHz, 4 cores, 7G,  Windows 10 , 64 bit Build 17763 (10.0.17763.4974)
Time: Tue Mar  5 22:20:04 2024 SE Asia Standard Time elapsed time: 9.938568 seconds (0d 0h 0m 9s)

---------------  T H R E A D  ---------------

Current thread (0x000002abcf6b08a0):  JavaThread "C2 CompilerThread0" daemon [_thread_in_native, id=11640, stack(0x000000dace100000,0x000000dace200000)]


Current CompileTask:
C2:   9938 4303       4       jdk.internal.loader.BuiltinClassLoader::defineClass (121 bytes)

Stack: [0x000000dace100000,0x000000dace200000],  sp=0x000000dace1fb550,  free space=1005k
Native frames: (J=compiled Java code, j=interpreted, Vv=VM code, C=native code)
V  [jvm.dll+0x36553f]
V  [jvm.dll+0x1bcfa6]
V  [jvm.dll+0x21a049]
V  [jvm.dll+0x219311]
V  [jvm.dll+0x1a502d]
V  [jvm.dll+0x2290de]
V  [jvm.dll+0x2272ac]
V  [jvm.dll+0x7e9bd7]
V  [jvm.dll+0x7e3fda]
V  [jvm.dll+0x67c1b5]
C  [ucrtbase.dll+0x2268a]
C  [KERNEL32.DLL+0x17ac4]
C  [ntdll.dll+0x5a4e1]


siginfo: EXCEPTION_ACCESS_VIOLATION (0xc0000005), reading address 0x000002ac1ed12b18


Registers:
RAX=0x000002ac1ed12b18, RBX=0x0000000000010000, RCX=0x7ff0000000000000, RDX=0x0000000000000010
RSP=0x000000dace1fb550, RBP=0x000000dace1fb650, RSI=0x000002ac18a22750, RDI=0x00000000000ea700
R8 =0x000000000000000c, R9 =0x000002ac15c3e390, R10=0x000000000000001d, R11=0x000002ac1527cfe0
R12=0x0000000000001550, R13=0x000002ac16d12a70, R14=0x0000000000000001, R15=0x0000000000000015
RIP=0x00007ffc94e2553f, EFLAGS=0x0000000000010246


Register to memory mapping:

RIP=0x00007ffc94e2553f jvm.dll
RAX=0x000002ac1ed12b18 is an unknown value
RBX=0x0000000000010000 is an unknown value
RCX=0x7ff0000000000000 is an unknown value
RDX=0x0000000000000010 is an unknown value
RSP=0x000000dace1fb550 is pointing into the stack for thread: 0x000002abcf6b08a0
RBP=0x000000dace1fb650 is pointing into the stack for thread: 0x000002abcf6b08a0
RSI=0x000002ac18a22750 points into unknown readable memory: 0x3e83ea9a9d188f92 | 92 8f 18 9d 9a ea 83 3e
RDI=0x00000000000ea700 is an unknown value
R8 =0x000000000000000c is an unknown value
R9 =0x000002ac15c3e390 points into unknown readable memory: 0x00007ffc953dc530 | 30 c5 3d 95 fc 7f 00 00
R10=0x000000000000001d is an unknown value
R11=0x000002ac1527cfe0 points into unknown readable memory: 0x0000000000000000 | 00 00 00 00 00 00 00 00
R12=0x0000000000001550 is an unknown value
R13=0x000002ac16d12a70 points into unknown readable memory: 0x00007ffc953f0b28 | 28 0b 3f 95 fc 7f 00 00
R14=0x0000000000000001 is an unknown value
R15=0x0000000000000015 is an unknown value


Top of Stack: (sp=0x000000dace1fb550)
0x000000dace1fb550:   3ebddfe7eba4d75b 000000dace1fb650
0x000000dace1fb560:   000000dace1fbbc0 000002abcf564ac0
0x000000dace1fb570:   000000dace1fb590 0000000000000006
0x000000dace1fb580:   0000000c0000001d 000000000000000c
0x000000dace1fb590:   0000001d00000000 0000000e00000020
0x000000dace1fb5a0:   0000000000000000 0000001f00000002
0x000000dace1fb5b0:   0000000d0000000c 0000000000000000
0x000000dace1fb5c0:   000000000000001e 000002ac15c3e390
0x000000dace1fb5d0:   0000000000000324 0000000000000014
0x000000dace1fb5e0:   0000000000000000 0000000200002c44
0x000000dace1fb5f0:   0000002d0000002d 000002ac1527be80
0x000000dace1fb600:   000002ac1527c738 000000dace1fb620
0x000000dace1fb610:   000002ac15c3e3fc 000002ac15c3e404
0x000000dace1fb620:   0000002d0000000d 000002ac1527c8a0
0x000000dace1fb630:   000002ac15cc5ff0 000002ac15241f78
0x000000dace1fb640:   000002ac15320460 0000000000000000
0x000000dace1fb650:   000002ac181bac10 00007ffc94b6cd71
0x000000dace1fb660:   000002ac1523f5e8 00000000000000c8
0x000000dace1fb670:   000002abaf8ad210 0000000000000647
0x000000dace1fb680:   000002ac181bac10 00007ffc95026e0d
0x000000dace1fb690:   0000000000000016 0000000000000648
0x000000dace1fb6a0:   0000000000000000 0000000000000000
0x000000dace1fb6b0:   000002ac0000002d 0000000000000020
0x000000dace1fb6c0:   000002ac15230000 0000000000000000
0x000000dace1fb6d0:   000002abcf564ac0 000002ac181bac00
0x000000dace1fb6e0:   00000000002d26a8 00007ffc95422d88
0x000000dace1fb6f0:   0000000000000000 0000000000000000
0x000000dace1fb700:   0000000000000000 00007ffc95422d88
0x000000dace1fb710:   000002abcf564a00 0000000000000000
0x000000dace1fb720:   0000000000000000 0000000000000000
0x000000dace1fb730:   000002abcf751270 00000000000003d8
0x000000dace1fb740:   000002abcf751280 0000000000000000 

Instructions: (pc=0x00007ffc94e2553f)
0x00007ffc94e2543f:   38 8b 44 24 44 89 44 24 30 89 8d 38 01 00 00 e9
0x00007ffc94e2544f:   54 04 00 00 4c 8b 64 24 78 8b 95 30 01 00 00 49
0x00007ffc94e2545f:   8d 4c 24 10 e8 88 68 2f 00 41 ff 4c 24 28 49 8b
0x00007ffc94e2546f:   46 70 48 8b 48 20 4c 39 6c 0f 18 75 09 48 c7 44
0x00007ffc94e2547f:   0f 18 00 00 00 00 49 8b 56 10 49 8b cd e8 af 4c
0x00007ffc94e2548f:   2f 00 49 8b 5e 48 41 8b 7d 28 3b 7b 68 72 0b 8b
0x00007ffc94e2549f:   d7 48 8d 4b 68 e8 87 bb db ff 48 8b 43 78 49 8b
0x00007ffc94e254af:   cd 48 c7 04 f8 00 00 00 00 48 8b bd 20 01 00 00
0x00007ffc94e254bf:   48 8b 57 10 48 8b 92 d8 02 00 00 e8 f1 df 33 00
0x00007ffc94e254cf:   44 8b 54 24 30 44 8b 8d 38 01 00 00 41 ff ca 8b
0x00007ffc94e254df:   9d 30 01 00 00 41 ff c9 44 89 8d 38 01 00 00 44
0x00007ffc94e254ef:   89 4c 24 5c 44 89 54 24 30 44 89 54 24 44 e9 8e
0x00007ffc94e254ff:   06 00 00 0f 28 c6 ff 15 6d d1 52 00 85 c0 74 0e
0x00007ffc94e2550f:   f2 0f 10 46 08 f2 0f 5c c6 f2 0f 11 46 08 41 8b
0x00007ffc94e2551f:   45 2c 83 e0 1f 3c 12 75 78 48 83 7e 18 ff 74 71
0x00007ffc94e2552f:   41 83 7d 20 01 75 6a 49 8b 45 10 4c 8b 4c 24 78
0x00007ffc94e2553f:   4c 8b 00 48 8b 85 20 01 00 00 41 8b 50 28 48 8b
0x00007ffc94e2554f:   40 48 48 8b 48 78 4c 39 0c d1 75 45 8b 95 30 01
0x00007ffc94e2555f:   00 00 45 33 d2 44 8b 5c 24 70 ff c2 49 8b cd 41
0x00007ffc94e2556f:   3b d3 77 24 8b 41 2c 83 e0 1f 3c 12 75 1a 41 3b
0x00007ffc94e2557f:   51 18 73 0a 49 8b 41 20 48 8b 0c d0 eb 03 49 8b
0x00007ffc94e2558f:   ca ff c2 41 3b d3 76 dc 49 3b c8 75 04 4c 89 56
0x00007ffc94e2559f:   08 48 8b 45 d8 4a 8b 14 f8 48 8b c3 48 f7 d0 4a
0x00007ffc94e255af:   8b 0c f2 48 23 c1 4a 89 04 f2 48 85 cb 0f 84 3a
0x00007ffc94e255bf:   01 00 00 ff 4d d0 48 8d 4e 38 e8 e2 73 36 00 84
0x00007ffc94e255cf:   c0 0f 84 26 01 00 00 83 be 98 00 00 00 00 0f 84
0x00007ffc94e255df:   19 01 00 00 f6 86 a8 00 00 00 06 74 37 44 8b 74
0x00007ffc94e255ef:   24 40 0f b7 86 a4 00 00 00 8b 9d 30 01 00 00 44
0x00007ffc94e255ff:   2b f0 44 8b 7c 24 58 44 89 74 24 40 44 3b 74 24
0x00007ffc94e2560f:   4c 0f 85 f6 00 00 00 89 5c 24 30 89 5c 24 44 e9
0x00007ffc94e2561f:   e9 00 00 00 4c 8b 15 7e 52 82 00 44 8b 9e 94 00
0x00007ffc94e2562f:   00 00 8b be 90 00 00 00 45 8b 4a 5c 45 3b d9 41 


Stack slot to memory mapping:
stack at sp + 0 slots: 0x3ebddfe7eba4d75b is an unknown value
stack at sp + 1 slots: 0x000000dace1fb650 is pointing into the stack for thread: 0x000002abcf6b08a0
stack at sp + 2 slots: 0x000000dace1fbbc0 is pointing into the stack for thread: 0x000002abcf6b08a0
stack at sp + 3 slots: 0x000002abcf564ac0 points into unknown readable memory: 0x006c005c00000006 | 06 00 00 00 5c 00 6c 00
stack at sp + 4 slots: 0x000000dace1fb590 is pointing into the stack for thread: 0x000002abcf6b08a0
stack at sp + 5 slots: 0x0000000000000006 is an unknown value
stack at sp + 6 slots: 0x0000000c0000001d is an unknown value
stack at sp + 7 slots: 0x000000000000000c is an unknown value


---------------  P R O C E S S  ---------------

Threads class SMR info:
_java_thread_list=0x000002ac17173510, length=20, elements={
0x000002abb1a1c360, 0x000002abcf5537a0, 0x000002abcf5550f0, 0x000002abcf559e00,
0x000002abcf5683b0, 0x000002abcf56b0b0, 0x000002abcf56b980, 0x000002abcf6b08a0,
0x000002abcf587c50, 0x000002abcf58cd60, 0x000002abcf53f4e0, 0x000002abcfa1d890,
0x000002abcfa1dd70, 0x000002ac16ce71f0, 0x000002ac16ce6ce0, 0x000002ac16ce62c0,
0x000002ac16ce67d0, 0x000002ac151e5680, 0x000002ac16ce58a0, 0x000002ac17e15570
}

Java Threads: ( => current thread )
  0x000002abb1a1c360 JavaThread "main" [_thread_in_Java, id=13872, stack(0x000000dacd400000,0x000000dacd500000)]
  0x000002abcf5537a0 JavaThread "Reference Handler" daemon [_thread_blocked, id=14200, stack(0x000000dacdb00000,0x000000dacdc00000)]
  0x000002abcf5550f0 JavaThread "Finalizer" daemon [_thread_blocked, id=10760, stack(0x000000dacdc00000,0x000000dacdd00000)]
  0x000002abcf559e00 JavaThread "Signal Dispatcher" daemon [_thread_blocked, id=12660, stack(0x000000dacdd00000,0x000000dacde00000)]
  0x000002abcf5683b0 JavaThread "Attach Listener" daemon [_thread_blocked, id=2372, stack(0x000000dacde00000,0x000000dacdf00000)]
  0x000002abcf56b0b0 JavaThread "Service Thread" daemon [_thread_blocked, id=1484, stack(0x000000dacdf00000,0x000000dace000000)]
  0x000002abcf56b980 JavaThread "Monitor Deflation Thread" daemon [_thread_blocked, id=13840, stack(0x000000dace000000,0x000000dace100000)]
=>0x000002abcf6b08a0 JavaThread "C2 CompilerThread0" daemon [_thread_in_native, id=11640, stack(0x000000dace100000,0x000000dace200000)]
  0x000002abcf587c50 JavaThread "C1 CompilerThread0" daemon [_thread_in_native, id=12848, stack(0x000000dace200000,0x000000dace300000)]
  0x000002abcf58cd60 JavaThread "Sweeper thread" daemon [_thread_blocked, id=12728, stack(0x000000dace300000,0x000000dace400000)]
  0x000002abcf53f4e0 JavaThread "Common-Cleaner" daemon [_thread_blocked, id=7704, stack(0x000000dace400000,0x000000dace500000)]
  0x000002abcfa1d890 JavaThread "Monitor Ctrl-Break" daemon [_thread_in_native, id=3000, stack(0x000000dace500000,0x000000dace600000)]
  0x000002abcfa1dd70 JavaThread "Notification Thread" daemon [_thread_blocked, id=13656, stack(0x000000dace600000,0x000000dace700000)]
  0x000002ac16ce71f0 JavaThread "Catalina-utility-1" [_thread_blocked, id=13436, stack(0x000000dacec00000,0x000000daced00000)]
  0x000002ac16ce6ce0 JavaThread "Catalina-utility-2" [_thread_blocked, id=13464, stack(0x000000daced00000,0x000000dacee00000)]
  0x000002ac16ce62c0 JavaThread "container-0" [_thread_blocked, id=1816, stack(0x000000dacee00000,0x000000dacef00000)]
  0x000002ac16ce67d0 JavaThread "mysql-cj-abandoned-connection-cleanup" daemon [_thread_blocked, id=14280, stack(0x000000dacef00000,0x000000dacf000000)]
  0x000002ac151e5680 JavaThread "C2 CompilerThread1" daemon [_thread_in_native, id=13820, stack(0x000000dace800000,0x000000dace900000)]
  0x000002ac16ce58a0 JavaThread "HikariPool-1 housekeeper" daemon [_thread_blocked, id=6260, stack(0x000000dacf100000,0x000000dacf200000)]
  0x000002ac17e15570 JavaThread "HikariPool-1 connection adder" daemon [_thread_blocked, id=14216, stack(0x000000dacf200000,0x000000dacf300000)]

Other Threads:
  0x000002abcf54dcc0 VMThread "VM Thread" [stack: 0x000000dacda00000,0x000000dacdb00000] [id=9176]
  0x000002ac15163f00 WatcherThread [stack: 0x000000dace700000,0x000000dace800000] [id=724]
  0x000002abb1a74bc0 GCTaskThread "GC Thread#0" [stack: 0x000000dacd500000,0x000000dacd600000] [id=12428]
  0x000002ac15619180 GCTaskThread "GC Thread#1" [stack: 0x000000dace900000,0x000000dacea00000] [id=2716]
  0x000002ac155e87d0 GCTaskThread "GC Thread#2" [stack: 0x000000dacea00000,0x000000daceb00000] [id=10536]
  0x000002ac155e4c50 GCTaskThread "GC Thread#3" [stack: 0x000000daceb00000,0x000000dacec00000] [id=9232]
  0x000002abaf91df00 ConcurrentGCThread "G1 Main Marker" [stack: 0x000000dacd600000,0x000000dacd700000] [id=8916]
  0x000002abaf91e830 ConcurrentGCThread "G1 Conc#0" [stack: 0x000000dacd700000,0x000000dacd800000] [id=1860]
  0x000002abb1abe780 ConcurrentGCThread "G1 Refine#0" [stack: 0x000000dacd800000,0x000000dacd900000] [id=10828]
  0x000002abcf40a160 ConcurrentGCThread "G1 Service" [stack: 0x000000dacd900000,0x000000dacda00000] [id=8420]

Threads with active compile tasks:
C2 CompilerThread0    10043 4303       4       jdk.internal.loader.BuiltinClassLoader::defineClass (121 bytes)
C1 CompilerThread0    10043 4489       3       net.bytebuddy.matcher.NegatingMatcher::matches (19 bytes)
C2 CompilerThread1    10043 4305       4       jdk.internal.loader.ClassLoaders$AppClassLoader::defineOrCheckPackage (8 bytes)

VM state: not at safepoint (normal execution)

VM Mutex/Monitor currently owned by a thread: None

Heap address: 0x0000000081800000, size: 2024 MB, Compressed Oops mode: 32-bit

CDS archive(s) mapped at: [0x000002abd0000000-0x000002abd0bb0000-0x000002abd0bb0000), size 12255232, SharedBaseAddress: 0x000002abd0000000, ArchiveRelocationMode: 1.
Compressed class space mapped at: 0x000002abd1000000-0x000002ac11000000, reserved size: 1073741824
Narrow klass base: 0x000002abd0000000, Narrow klass shift: 0, Narrow klass range: 0x100000000

GC Precious Log:
 CPUs: 4 total, 4 available
 Memory: 8094M
 Large Page Support: Disabled
 NUMA Support: Disabled
 Compressed Oops: Enabled (32-bit)
 Heap Region Size: 1M
 Heap Min Capacity: 8M
 Heap Initial Capacity: 128M
 Heap Max Capacity: 2024M
 Pre-touch: Disabled
 Parallel Workers: 4
 Concurrent Workers: 1
 Concurrent Refinement Workers: 4
 Periodic GC: Disabled

Heap:
 garbage-first heap   total 51200K, used 31999K [0x0000000081800000, 0x0000000100000000)
  region size 1024K, 13 young (13312K), 2 survivors (2048K)
 Metaspace       used 49829K, committed 50240K, reserved 1114112K
  class space    used 6760K, committed 6976K, reserved 1048576K

Heap Regions: E=young(eden), S=young(survivor), O=old, HS=humongous(starts), HC=humongous(continues), CS=collection set, F=free, OA=open archive, CA=closed archive, TAMS=top-at-mark-start (previous, next)
|   0|0x0000000081800000, 0x0000000081900000, 0x0000000081900000|100%|HS|  |TAMS 0x0000000081900000, 0x0000000081800000| Complete 
|   1|0x0000000081900000, 0x0000000081a00000, 0x0000000081a00000|100%| O|  |TAMS 0x0000000081a00000, 0x0000000081900000| Untracked 
|   2|0x0000000081a00000, 0x0000000081b00000, 0x0000000081b00000|100%| O|  |TAMS 0x0000000081b00000, 0x0000000081a00000| Untracked 
|   3|0x0000000081b00000, 0x0000000081c00000, 0x0000000081c00000|100%| O|  |TAMS 0x0000000081c00000, 0x0000000081b00000| Untracked 
|   4|0x0000000081c00000, 0x0000000081d00000, 0x0000000081d00000|100%| O|  |TAMS 0x0000000081d00000, 0x0000000081c00000| Untracked 
|   5|0x0000000081d00000, 0x0000000081e00000, 0x0000000081e00000|100%| O|  |TAMS 0x0000000081e00000, 0x0000000081d00000| Untracked 
|   6|0x0000000081e00000, 0x0000000081e4ec00, 0x0000000081f00000| 30%| O|  |TAMS 0x0000000081e4ec00, 0x0000000081e00000| Untracked 
|   7|0x0000000081f00000, 0x0000000082000000, 0x0000000082000000|100%| O|  |TAMS 0x0000000082000000, 0x0000000081f00000| Untracked 
|   8|0x0000000082000000, 0x0000000082100000, 0x0000000082100000|100%| O|  |TAMS 0x0000000082100000, 0x0000000082000000| Untracked 
|   9|0x0000000082100000, 0x0000000082200000, 0x0000000082200000|100%| O|  |TAMS 0x0000000082200000, 0x0000000082100000| Untracked 
|  10|0x0000000082200000, 0x0000000082300000, 0x0000000082300000|100%| O|  |TAMS 0x0000000082300000, 0x0000000082200000| Untracked 
|  11|0x0000000082300000, 0x0000000082400000, 0x0000000082400000|100%| O|  |TAMS 0x0000000082400000, 0x0000000082300000| Untracked 
|  12|0x0000000082400000, 0x0000000082500000, 0x0000000082500000|100%| O|  |TAMS 0x0000000082500000, 0x0000000082400000| Untracked 
|  13|0x0000000082500000, 0x0000000082600000, 0x0000000082600000|100%| O|  |TAMS 0x0000000082600000, 0x0000000082500000| Untracked 
|  14|0x0000000082600000, 0x0000000082700000, 0x0000000082700000|100%| O|  |TAMS 0x0000000082700000, 0x0000000082600000| Untracked 
|  15|0x0000000082700000, 0x0000000082800000, 0x0000000082800000|100%| O|  |TAMS 0x0000000082800000, 0x0000000082700000| Untracked 
|  16|0x0000000082800000, 0x0000000082900000, 0x0000000082900000|100%| O|  |TAMS 0x000000008283c400, 0x0000000082800000| Untracked 
|  17|0x0000000082900000, 0x0000000082a00000, 0x0000000082a00000|100%| O|  |TAMS 0x0000000082900000, 0x0000000082900000| Untracked 
|  18|0x0000000082a00000, 0x0000000082b00000, 0x0000000082b00000|100%| O|  |TAMS 0x0000000082a00000, 0x0000000082a00000| Untracked 
|  19|0x0000000082b00000, 0x0000000082c00000, 0x0000000082c00000|100%| O|  |TAMS 0x0000000082b00000, 0x0000000082b00000| Untracked 
|  20|0x0000000082c00000, 0x0000000082cd1800, 0x0000000082d00000| 81%| O|  |TAMS 0x0000000082c00000, 0x0000000082c00000| Untracked 
|  21|0x0000000082d00000, 0x0000000082d00000, 0x0000000082e00000|  0%| F|  |TAMS 0x0000000082d00000, 0x0000000082d00000| Untracked 
|  22|0x0000000082e00000, 0x0000000082e00000, 0x0000000082f00000|  0%| F|  |TAMS 0x0000000082e00000, 0x0000000082e00000| Untracked 
|  23|0x0000000082f00000, 0x0000000082f00000, 0x0000000083000000|  0%| F|  |TAMS 0x0000000082f00000, 0x0000000082f00000| Untracked 
|  24|0x0000000083000000, 0x0000000083000000, 0x0000000083100000|  0%| F|  |TAMS 0x0000000083000000, 0x0000000083000000| Untracked 
|  25|0x0000000083100000, 0x0000000083100000, 0x0000000083200000|  0%| F|  |TAMS 0x0000000083100000, 0x0000000083100000| Untracked 
|  26|0x0000000083200000, 0x0000000083200000, 0x0000000083300000|  0%| F|  |TAMS 0x0000000083200000, 0x0000000083200000| Untracked 
|  27|0x0000000083300000, 0x0000000083300000, 0x0000000083400000|  0%| F|  |TAMS 0x0000000083300000, 0x0000000083300000| Untracked 
|  28|0x0000000083400000, 0x0000000083400000, 0x0000000083500000|  0%| F|  |TAMS 0x0000000083400000, 0x0000000083400000| Untracked 
|  29|0x0000000083500000, 0x0000000083500000, 0x0000000083600000|  0%| F|  |TAMS 0x0000000083500000, 0x0000000083500000| Untracked 
|  30|0x0000000083600000, 0x000000008361faf0, 0x0000000083700000| 12%| S|CS|TAMS 0x0000000083600000, 0x0000000083600000| Complete 
|  31|0x0000000083700000, 0x0000000083800000, 0x0000000083800000|100%| S|CS|TAMS 0x0000000083700000, 0x0000000083700000| Complete 
|  32|0x0000000083800000, 0x0000000083800000, 0x0000000083900000|  0%| F|  |TAMS 0x0000000083800000, 0x0000000083800000| Untracked 
|  33|0x0000000083900000, 0x0000000083900000, 0x0000000083a00000|  0%| F|  |TAMS 0x0000000083900000, 0x0000000083900000| Untracked 
|  34|0x0000000083a00000, 0x0000000083a00000, 0x0000000083b00000|  0%| F|  |TAMS 0x0000000083a00000, 0x0000000083a00000| Untracked 
|  35|0x0000000083b00000, 0x0000000083b00000, 0x0000000083c00000|  0%| F|  |TAMS 0x0000000083b00000, 0x0000000083b00000| Untracked 
|  36|0x0000000083c00000, 0x0000000083c00000, 0x0000000083d00000|  0%| F|  |TAMS 0x0000000083c00000, 0x0000000083c00000| Untracked 
|  37|0x0000000083d00000, 0x0000000083d00000, 0x0000000083e00000|  0%| F|  |TAMS 0x0000000083d00000, 0x0000000083d00000| Untracked 
|  38|0x0000000083e00000, 0x0000000083e00000, 0x0000000083f00000|  0%| F|  |TAMS 0x0000000083e00000, 0x0000000083e00000| Untracked 
|  39|0x0000000083f00000, 0x0000000083fcce20, 0x0000000084000000| 80%| E|  |TAMS 0x0000000083f00000, 0x0000000083f00000| Complete 
|  40|0x0000000084000000, 0x0000000084100000, 0x0000000084100000|100%| E|CS|TAMS 0x0000000084000000, 0x0000000084000000| Complete 
|  41|0x0000000084100000, 0x0000000084200000, 0x0000000084200000|100%| E|CS|TAMS 0x0000000084100000, 0x0000000084100000| Complete 
|  67|0x0000000085b00000, 0x0000000085c00000, 0x0000000085c00000|100%| E|CS|TAMS 0x0000000085b00000, 0x0000000085b00000| Complete 
|  68|0x0000000085c00000, 0x0000000085d00000, 0x0000000085d00000|100%| E|CS|TAMS 0x0000000085c00000, 0x0000000085c00000| Complete 
|  69|0x0000000085d00000, 0x0000000085e00000, 0x0000000085e00000|100%| E|CS|TAMS 0x0000000085d00000, 0x0000000085d00000| Complete 
|  70|0x0000000085e00000, 0x0000000085f00000, 0x0000000085f00000|100%| E|CS|TAMS 0x0000000085e00000, 0x0000000085e00000| Complete 
|  71|0x0000000085f00000, 0x0000000086000000, 0x0000000086000000|100%| E|CS|TAMS 0x0000000085f00000, 0x0000000085f00000| Complete 
|  72|0x0000000086000000, 0x0000000086100000, 0x0000000086100000|100%| E|CS|TAMS 0x0000000086000000, 0x0000000086000000| Complete 
|  73|0x0000000086100000, 0x0000000086200000, 0x0000000086200000|100%| E|CS|TAMS 0x0000000086100000, 0x0000000086100000| Complete 
|  74|0x0000000086200000, 0x0000000086300000, 0x0000000086300000|100%| E|CS|TAMS 0x0000000086200000, 0x0000000086200000| Complete 

Card table byte_map: [0x000002abc8920000,0x000002abc8d20000] _byte_map_base: 0x000002abc8514000

Marking Bits (Prev, Next): (CMBitMap*) 0x000002abb1a750f0, (CMBitMap*) 0x000002abb1a75130
 Prev Bits: [0x000002abc9120000, 0x000002abcb0c0000)
 Next Bits: [0x000002abcb0c0000, 0x000002abcd060000)

Polling page: 0x000002abaf940000

Metaspace:

Usage:
  Non-class:     42.06 MB used.
      Class:      6.60 MB used.
       Both:     48.66 MB used.

Virtual space:
  Non-class space:       64.00 MB reserved,      42.25 MB ( 66%) committed,  1 nodes.
      Class space:        1.00 GB reserved,       6.81 MB ( <1%) committed,  1 nodes.
             Both:        1.06 GB reserved,      49.06 MB (  5%) committed. 

Chunk freelists:
   Non-Class:  4.81 MB
       Class:  9.20 MB
        Both:  14.02 MB

MaxMetaspaceSize: unlimited
CompressedClassSpaceSize: 1.00 GB
Initial GC threshold: 21.00 MB
Current GC threshold: 59.06 MB
CDS: on
MetaspaceReclaimPolicy: balanced
 - commit_granule_bytes: 65536.
 - commit_granule_words: 8192.
 - virtual_space_node_default_size: 8388608.
 - enlarge_chunks_in_place: 1.
 - new_chunks_are_fully_committed: 0.
 - uncommit_free_chunks: 1.
 - use_allocation_guard: 0.
 - handle_deallocations: 1.


Internal statistics:

num_allocs_failed_limit: 6.
num_arena_births: 598.
num_arena_deaths: 0.
num_vsnodes_births: 2.
num_vsnodes_deaths: 0.
num_space_committed: 785.
num_space_uncommitted: 0.
num_chunks_returned_to_freelist: 6.
num_chunks_taken_from_freelist: 2372.
num_chunk_merges: 6.
num_chunk_splits: 1756.
num_chunks_enlarged: 1381.
num_inconsistent_stats: 0.

CodeHeap 'non-profiled nmethods': size=120000Kb used=2674Kb max_used=2674Kb free=117326Kb
 bounds [0x000002abc0ff0000, 0x000002abc1290000, 0x000002abc8520000]
CodeHeap 'profiled nmethods': size=120000Kb used=9486Kb max_used=9486Kb free=110513Kb
 bounds [0x000002abb9520000, 0x000002abb9e70000, 0x000002abc0a50000]
CodeHeap 'non-nmethods': size=5760Kb used=1283Kb max_used=1318Kb free=4476Kb
 bounds [0x000002abc0a50000, 0x000002abc0cc0000, 0x000002abc0ff0000]
 total_blobs=5095 nmethods=4490 adapters=517
 compilation: enabled
              stopped_count=0, restarted_count=0
 full_count=0

Compilation events (20 events):
Event: 9.924 Thread 0x000002abcf587c50 4431       3       net.bytebuddy.description.type.TypeDescription$ForLoadedType::getStackSize (8 bytes)
Event: 9.925 Thread 0x000002abcf587c50 nmethod 4431 0x000002abb9e4c790 code [0x000002abb9e4c940, 0x000002abb9e4cbd8]
Event: 9.925 Thread 0x000002abcf587c50 4432       3       net.bytebuddy.implementation.bytecode.StackSize::of (33 bytes)
Event: 9.925 Thread 0x000002abcf587c50 nmethod 4432 0x000002abb9e4cc90 code [0x000002abb9e4ce40, 0x000002abb9e4d058]
Event: 9.925 Thread 0x000002abcf587c50 4433       3       net.bytebuddy.description.type.TypeList$Explicit::<init> (10 bytes)
Event: 9.925 Thread 0x000002abcf587c50 nmethod 4433 0x000002abb9e4d110 code [0x000002abb9e4d2c0, 0x000002abb9e4d5f8]
Event: 9.925 Thread 0x000002abcf587c50 4435       3       net.bytebuddy.description.type.TypeList$Generic$AbstractBase::asErasures (61 bytes)
Event: 9.926 Thread 0x000002abcf587c50 nmethod 4435 0x000002abb9e4d790 code [0x000002abb9e4da40, 0x000002abb9e4ebb8]
Event: 9.926 Thread 0x000002abcf587c50 4434       1       net.bytebuddy.description.method.ParameterDescription$Token::getType (5 bytes)
Event: 9.926 Thread 0x000002abcf587c50 nmethod 4434 0x000002abc1289990 code [0x000002abc1289b20, 0x000002abc1289bf8]
Event: 9.926 Thread 0x000002abcf587c50 4436       3       java.util.AbstractList$SubList::checkForComodification (23 bytes)
Event: 9.927 Thread 0x000002abcf587c50 nmethod 4436 0x000002abb9e4f110 code [0x000002abb9e4f2c0, 0x000002abb9e4f4e8]
Event: 9.930 Thread 0x000002abcf587c50 4437       1       net.bytebuddy.dynamic.scaffold.InstrumentedType$Default::getModifiers (5 bytes)
Event: 9.930 Thread 0x000002abcf587c50 nmethod 4437 0x000002abc1289c90 code [0x000002abc1289e20, 0x000002abc1289ef8]
Event: 9.930 Thread 0x000002abcf587c50 4438       3       net.bytebuddy.description.type.TypeDefinition$Sort::isNonGeneric (13 bytes)
Event: 9.930 Thread 0x000002abcf587c50 nmethod 4438 0x000002abb9e4f610 code [0x000002abb9e4f7a0, 0x000002abb9e4f918]
Event: 9.930 Thread 0x000002abcf587c50 4439       3       net.bytebuddy.jar.asm.SymbolTable::hash (10 bytes)
Event: 9.930 Thread 0x000002abcf587c50 nmethod 4439 0x000002abb9e4f990 code [0x000002abb9e4fb20, 0x000002abb9e4fc48]
Event: 9.932 Thread 0x000002abcf587c50 4440       1       net.bytebuddy.dynamic.scaffold.TypeWriter$MethodPool$Record$ForDefinedMethod$WithBody::getMethod (5 bytes)
Event: 9.932 Thread 0x000002abcf587c50 nmethod 4440 0x000002abc1289f90 code [0x000002abc128a120, 0x000002abc128a1f8]

GC Heap History (20 events):
Event: 0.908 GC heap before
{Heap before GC invocations=0 (full 0):
 garbage-first heap   total 131072K, used 13312K [0x0000000081800000, 0x0000000100000000)
  region size 1024K, 13 young (13312K), 0 survivors (0K)
 Metaspace       used 3534K, committed 3648K, reserved 1114112K
  class space    used 366K, committed 448K, reserved 1048576K
}
Event: 0.914 GC heap after
{Heap after GC invocations=1 (full 0):
 garbage-first heap   total 131072K, used 6287K [0x0000000081800000, 0x0000000100000000)
  region size 1024K, 2 young (2048K), 2 survivors (2048K)
 Metaspace       used 3534K, committed 3648K, reserved 1114112K
  class space    used 366K, committed 448K, reserved 1048576K
}
Event: 1.480 GC heap before
{Heap before GC invocations=1 (full 0):
 garbage-first heap   total 131072K, used 17551K [0x0000000081800000, 0x0000000100000000)
  region size 1024K, 13 young (13312K), 2 survivors (2048K)
 Metaspace       used 6652K, committed 6848K, reserved 1114112K
  class space    used 809K, committed 896K, reserved 1048576K
}
Event: 1.484 GC heap after
{Heap after GC invocations=2 (full 0):
 garbage-first heap   total 131072K, used 7429K [0x0000000081800000, 0x0000000100000000)
  region size 1024K, 1 young (1024K), 1 survivors (1024K)
 Metaspace       used 6652K, committed 6848K, reserved 1114112K
  class space    used 809K, committed 896K, reserved 1048576K
}
Event: 2.177 GC heap before
{Heap before GC invocations=2 (full 0):
 garbage-first heap   total 131072K, used 32005K [0x0000000081800000, 0x0000000100000000)
  region size 1024K, 26 young (26624K), 1 survivors (1024K)
 Metaspace       used 13446K, committed 13696K, reserved 1114112K
  class space    used 1626K, committed 1728K, reserved 1048576K
}
Event: 2.185 GC heap after
{Heap after GC invocations=3 (full 0):
 garbage-first heap   total 131072K, used 9366K [0x0000000081800000, 0x0000000100000000)
  region size 1024K, 3 young (3072K), 3 survivors (3072K)
 Metaspace       used 13446K, committed 13696K, reserved 1114112K
  class space    used 1626K, committed 1728K, reserved 1048576K
}
Event: 4.608 GC heap before
{Heap before GC invocations=3 (full 0):
 garbage-first heap   total 131072K, used 58518K [0x0000000081800000, 0x0000000100000000)
  region size 1024K, 53 young (54272K), 3 survivors (3072K)
 Metaspace       used 21255K, committed 21504K, reserved 1114112K
  class space    used 2637K, committed 2752K, reserved 1048576K
}
Event: 4.623 GC heap after
{Heap after GC invocations=4 (full 0):
 garbage-first heap   total 131072K, used 13779K [0x0000000081800000, 0x0000000100000000)
  region size 1024K, 8 young (8192K), 8 survivors (8192K)
 Metaspace       used 21255K, committed 21504K, reserved 1114112K
  class space    used 2637K, committed 2752K, reserved 1048576K
}
Event: 5.960 GC heap before
{Heap before GC invocations=5 (full 0):
 garbage-first heap   total 51200K, used 36307K [0x0000000081800000, 0x0000000100000000)
  region size 1024K, 30 young (30720K), 8 survivors (8192K)
 Metaspace       used 25409K, committed 25792K, reserved 1114112K
  class space    used 3276K, committed 3456K, reserved 1048576K
}
Event: 5.985 GC heap after
{Heap after GC invocations=6 (full 0):
 garbage-first heap   total 51200K, used 16404K [0x0000000081800000, 0x0000000100000000)
  region size 1024K, 3 young (3072K), 3 survivors (3072K)
 Metaspace       used 25409K, committed 25792K, reserved 1114112K
  class space    used 3276K, committed 3456K, reserved 1048576K
}
Event: 6.962 GC heap before
{Heap before GC invocations=6 (full 0):
 garbage-first heap   total 51200K, used 34836K [0x0000000081800000, 0x0000000100000000)
  region size 1024K, 22 young (22528K), 3 survivors (3072K)
 Metaspace       used 29850K, committed 30272K, reserved 1114112K
  class space    used 3806K, committed 4032K, reserved 1048576K
}
Event: 6.970 GC heap after
{Heap after GC invocations=7 (full 0):
 garbage-first heap   total 51200K, used 17595K [0x0000000081800000, 0x0000000100000000)
  region size 1024K, 2 young (2048K), 2 survivors (2048K)
 Metaspace       used 29850K, committed 30272K, reserved 1114112K
  class space    used 3806K, committed 4032K, reserved 1048576K
}
Event: 7.810 GC heap before
{Heap before GC invocations=7 (full 0):
 garbage-first heap   total 51200K, used 35003K [0x0000000081800000, 0x0000000100000000)
  region size 1024K, 20 young (20480K), 2 survivors (2048K)
 Metaspace       used 34590K, committed 35008K, reserved 1114112K
  class space    used 4572K, committed 4800K, reserved 1048576K
}
Event: 7.815 GC heap after
{Heap after GC invocations=8 (full 0):
 garbage-first heap   total 51200K, used 18337K [0x0000000081800000, 0x0000000100000000)
  region size 1024K, 3 young (3072K), 3 survivors (3072K)
 Metaspace       used 34590K, committed 35008K, reserved 1114112K
  class space    used 4572K, committed 4800K, reserved 1048576K
}
Event: 7.939 GC heap before
{Heap before GC invocations=8 (full 0):
 garbage-first heap   total 51200K, used 21409K [0x0000000081800000, 0x0000000100000000)
  region size 1024K, 7 young (7168K), 3 survivors (3072K)
 Metaspace       used 35545K, committed 35968K, reserved 1114112K
  class space    used 4667K, committed 4864K, reserved 1048576K
}
Event: 7.944 GC heap after
{Heap after GC invocations=9 (full 0):
 garbage-first heap   total 51200K, used 18930K [0x0000000081800000, 0x0000000100000000)
  region size 1024K, 2 young (2048K), 2 survivors (2048K)
 Metaspace       used 35545K, committed 35968K, reserved 1114112K
  class space    used 4667K, committed 4864K, reserved 1048576K
}
Event: 8.778 GC heap before
{Heap before GC invocations=10 (full 0):
 garbage-first heap   total 51200K, used 38386K [0x0000000081800000, 0x0000000100000000)
  region size 1024K, 21 young (21504K), 2 survivors (2048K)
 Metaspace       used 40997K, committed 41408K, reserved 1114112K
  class space    used 5402K, committed 5632K, reserved 1048576K
}
Event: 8.784 GC heap after
{Heap after GC invocations=11 (full 0):
 garbage-first heap   total 51200K, used 20624K [0x0000000081800000, 0x0000000100000000)
  region size 1024K, 3 young (3072K), 3 survivors (3072K)
 Metaspace       used 40997K, committed 41408K, reserved 1114112K
  class space    used 5402K, committed 5632K, reserved 1048576K
}
Event: 9.565 GC heap before
{Heap before GC invocations=11 (full 0):
 garbage-first heap   total 51200K, used 38032K [0x0000000081800000, 0x0000000100000000)
  region size 1024K, 21 young (21504K), 3 survivors (3072K)
 Metaspace       used 47291K, committed 47744K, reserved 1114112K
  class space    used 6272K, committed 6464K, reserved 1048576K
}
Event: 9.574 GC heap after
{Heap after GC invocations=12 (full 0):
 garbage-first heap   total 51200K, used 21759K [0x0000000081800000, 0x0000000100000000)
  region size 1024K, 2 young (2048K), 2 survivors (2048K)
 Metaspace       used 47291K, committed 47744K, reserved 1114112K
  class space    used 6272K, committed 6464K, reserved 1048576K
}

Dll operation events (14 events):
Event: 0.010 Loaded shared library C:\Users\Admin\.jdks\corretto-17.0.10\bin\java.dll
Event: 0.037 Loaded shared library C:\Users\Admin\.jdks\corretto-17.0.10\bin\jsvml.dll
Event: 0.200 Loaded shared library C:\Users\Admin\.jdks\corretto-17.0.10\bin\zip.dll
Event: 0.205 Loaded shared library C:\Users\Admin\.jdks\corretto-17.0.10\bin\instrument.dll
Event: 0.215 Loaded shared library C:\Users\Admin\.jdks\corretto-17.0.10\bin\net.dll
Event: 0.220 Loaded shared library C:\Users\Admin\.jdks\corretto-17.0.10\bin\nio.dll
Event: 0.225 Loaded shared library C:\Users\Admin\.jdks\corretto-17.0.10\bin\zip.dll
Event: 0.381 Loaded shared library C:\Program Files\JetBrains\IntelliJ IDEA Community Edition 2023.3.4\bin\breakgen64.dll
Event: 0.399 Loaded shared library C:\Users\Admin\.jdks\corretto-17.0.10\bin\extnet.dll
Event: 0.461 Loaded shared library C:\Users\Admin\.jdks\corretto-17.0.10\bin\jimage.dll
Event: 2.599 Loaded shared library C:\Users\Admin\.jdks\corretto-17.0.10\bin\sunmscapi.dll
Event: 6.372 Loaded shared library C:\Users\Admin\.jdks\corretto-17.0.10\bin\management.dll
Event: 6.376 Loaded shared library C:\Users\Admin\.jdks\corretto-17.0.10\bin\management_ext.dll
Event: 7.474 Loaded shared library C:\Users\Admin\.jdks\corretto-17.0.10\bin\verify.dll

Deoptimization events (20 events):
Event: 8.163 Thread 0x000002abb1a1c360 DEOPT PACKING pc=0x000002abc1031f7c sp=0x000000dacd4fbef0
Event: 8.163 Thread 0x000002abb1a1c360 DEOPT UNPACKING pc=0x000002abc0aa69a3 sp=0x000000dacd4fbde0 mode 2
Event: 8.238 Thread 0x000002abb1a1c360 Uncommon trap: trap_request=0xffffff45 fr.pc=0x000002abc113eb38 relative=0x0000000000000218
Event: 8.238 Thread 0x000002abb1a1c360 Uncommon trap: reason=unstable_if action=reinterpret pc=0x000002abc113eb38 method=java.lang.String.getChars(II[CI)V @ 23 c2
Event: 8.238 Thread 0x000002abb1a1c360 DEOPT PACKING pc=0x000002abc113eb38 sp=0x000000dacd4fd400
Event: 8.238 Thread 0x000002abb1a1c360 DEOPT UNPACKING pc=0x000002abc0aa69a3 sp=0x000000dacd4fd3c0 mode 2
Event: 8.254 Thread 0x000002abb1a1c360 DEOPT PACKING pc=0x000002abb98c1962 sp=0x000000dacd4fd970
Event: 8.254 Thread 0x000002abb1a1c360 DEOPT UNPACKING pc=0x000002abc0aa7143 sp=0x000000dacd4fce00 mode 3
Event: 8.314 Thread 0x000002abb1a1c360 Uncommon trap: trap_request=0xffffff45 fr.pc=0x000002abc10b11b4 relative=0x0000000000000094
Event: 8.314 Thread 0x000002abb1a1c360 Uncommon trap: reason=unstable_if action=reinterpret pc=0x000002abc10b11b4 method=java.lang.CharacterDataLatin1.digit(II)I @ 7 c2
Event: 8.314 Thread 0x000002abb1a1c360 DEOPT PACKING pc=0x000002abc10b11b4 sp=0x000000dacd4fd760
Event: 8.314 Thread 0x000002abb1a1c360 DEOPT UNPACKING pc=0x000002abc0aa69a3 sp=0x000000dacd4fd6e0 mode 2
Event: 9.154 Thread 0x000002abb1a1c360 Uncommon trap: trap_request=0xffffff45 fr.pc=0x000002abc10e4048 relative=0x0000000000000048
Event: 9.154 Thread 0x000002abb1a1c360 Uncommon trap: reason=unstable_if action=reinterpret pc=0x000002abc10e4048 method=java.lang.StringConcatHelper.stringOf(Ljava/lang/Object;)Ljava/lang/String; @ 1 c2
Event: 9.154 Thread 0x000002abb1a1c360 DEOPT PACKING pc=0x000002abc10e4048 sp=0x000000dacd4fe190
Event: 9.154 Thread 0x000002abb1a1c360 DEOPT UNPACKING pc=0x000002abc0aa69a3 sp=0x000000dacd4fe120 mode 2
Event: 9.843 Thread 0x000002abb1a1c360 Uncommon trap: trap_request=0xffffff45 fr.pc=0x000002abc1286980 relative=0x0000000000000640
Event: 9.843 Thread 0x000002abb1a1c360 Uncommon trap: reason=unstable_if action=reinterpret pc=0x000002abc1286980 method=java.util.HashMap$HashIterator.<init>(Ljava/util/HashMap;)V @ 45 c2
Event: 9.843 Thread 0x000002abb1a1c360 DEOPT PACKING pc=0x000002abc1286980 sp=0x000000dacd4fc930
Event: 9.843 Thread 0x000002abb1a1c360 DEOPT UNPACKING pc=0x000002abc0aa69a3 sp=0x000000dacd4fc7c0 mode 2

Classes unloaded (0 events):
No events

Classes redefined (0 events):
No events

Internal exceptions (20 events):
Event: 5.773 Thread 0x000002abb1a1c360 Exception <a 'java/lang/NoSuchMethodError'{0x0000000082fb2510}: 'void java.lang.invoke.DirectMethodHandle$Holder.invokeVirtual(java.lang.Object, java.lang.Object, int)'> (0x0000000082fb2510) 
thrown [s\src\hotspot\share\interpreter\linkResolver.cpp, line 759]
Event: 5.774 Thread 0x000002abb1a1c360 Exception <a 'java/lang/NoSuchMethodError'{0x0000000082fb86c8}: 'void java.lang.invoke.DirectMethodHandle$Holder.invokeStatic(java.lang.Object, java.lang.Object, java.lang.Object, int, java.lang.Object)'> (0x0000000082fb86c8) 
thrown [s\src\hotspot\share\interpreter\linkResolver.cpp, line 759]
Event: 5.775 Thread 0x000002abb1a1c360 Exception <a 'java/lang/NoSuchMethodError'{0x0000000082fbfb48}: 'java.lang.Object java.lang.invoke.DirectMethodHandle$Holder.newInvokeSpecial(java.lang.Object, java.lang.Object, java.lang.Object, int)'> (0x0000000082fbfb48) 
thrown [s\src\hotspot\share\interpreter\linkResolver.cpp, line 759]
Event: 5.776 Thread 0x000002abb1a1c360 Exception <a 'java/lang/NoSuchMethodError'{0x0000000082fc3e30}: 'java.lang.Object java.lang.invoke.DirectMethodHandle$Holder.invokeSpecial(java.lang.Object, java.lang.Object, java.lang.Object, java.lang.Object, int)'> (0x0000000082fc3e30) 
thrown [s\src\hotspot\share\interpreter\linkResolver.cpp, line 759]
Event: 5.777 Thread 0x000002abb1a1c360 Exception <a 'java/lang/NoSuchMethodError'{0x0000000082fc79f8}: 'java.lang.Object java.lang.invoke.Invokers$Holder.linkToTargetMethod(java.lang.Object, java.lang.Object, int, java.lang.Object)'> (0x0000000082fc79f8) 
thrown [s\src\hotspot\share\interpreter\linkResolver.cpp, line 759]
Event: 6.004 Thread 0x000002abb1a1c360 Exception <a 'java/lang/NoSuchMethodError'{0x0000000086250778}: 'java.lang.Object java.lang.invoke.DirectMethodHandle$Holder.invokeStaticInit(java.lang.Object, int, int, int, int)'> (0x0000000086250778) 
thrown [s\src\hotspot\share\interpreter\linkResolver.cpp, line 759]
Event: 6.084 Thread 0x000002abb1a1c360 Exception <a 'java/lang/NoSuchMethodError'{0x0000000086289c70}: 'java.lang.Object java.lang.invoke.DirectMethodHandle$Holder.invokeStaticInit(java.lang.Object, java.lang.Object, int, int, int, int)'> (0x0000000086289c70) 
thrown [s\src\hotspot\share\interpreter\linkResolver.cpp, line 759]
Event: 6.315 Thread 0x000002abb1a1c360 Exception <a 'java/lang/NoSuchMethodError'{0x0000000085d82988}: 'java.lang.Object java.lang.invoke.DirectMethodHandle$Holder.invokeSpecial(java.lang.Object, java.lang.Object, long, java.lang.Object, java.lang.Object, java.lang.Object, java.lang.Object, java.lang.Object, java.lang.Object)'> (0x0000000085d82988) 
thrown [s\src\hotspot\share\interpreter\linkResolver.cpp, line 759]
Event: 6.316 Thread 0x000002abb1a1c360 Exception <a 'java/lang/NoSuchMethodError'{0x0000000085d874b0}: 'java.lang.Object java.lang.invoke.DelegatingMethodHandle$Holder.reinvoke_L(java.lang.Object, long, java.lang.Object, java.lang.Object, java.lang.Object, java.lang.Object, java.lang.Object, java.lang.Object)'> (0x0000000085d874b0) 
thrown [s\src\hotspot\share\interpreter\linkResolver.cpp, line 759]
Event: 6.344 Thread 0x000002abb1a1c360 Implicit null exception at 0x000002abc10a24c0 to 0x000002abc10a4fb4
Event: 6.402 Thread 0x000002abb1a1c360 Exception <a 'java/io/FileNotFoundException'{0x0000000085cb5640}> (0x0000000085cb5640) 
thrown [s\src\hotspot\share\prims\jni.cpp, line 516]
Event: 6.466 Thread 0x000002abb1a1c360 Exception <a 'java/lang/NoSuchMethodError'{0x0000000084150fe0}: 'int java.lang.invoke.DirectMethodHandle$Holder.invokeInterface(java.lang.Object, java.lang.Object, java.lang.Object, java.lang.Object)'> (0x0000000084150fe0) 
thrown [s\src\hotspot\share\interpreter\linkResolver.cpp, line 759]
Event: 6.590 Thread 0x000002abb1a1c360 Exception <a 'java/lang/NoSuchMethodError'{0x0000000083f762b8}: 'long java.lang.invoke.DirectMethodHandle$Holder.invokeVirtual(java.lang.Object, java.lang.Object)'> (0x0000000083f762b8) 
thrown [s\src\hotspot\share\interpreter\linkResolver.cpp, line 759]
Event: 6.824 Thread 0x000002abb1a1c360 Implicit null exception at 0x000002abc113f70b to 0x000002abc113fa80
Event: 6.834 Thread 0x000002abb1a1c360 Exception <a 'sun/nio/fs/WindowsException'{0x000000008392c348}> (0x000000008392c348) 
thrown [s\src\hotspot\share\prims\jni.cpp, line 516]
Event: 7.851 Thread 0x000002abb1a1c360 Exception <a 'java/lang/NoSuchMethodError'{0x00000000862d68f8}: 'int java.lang.invoke.DirectMethodHandle$Holder.invokeStatic(java.lang.Object)'> (0x00000000862d68f8) 
thrown [s\src\hotspot\share\interpreter\linkResolver.cpp, line 759]
Event: 8.434 Thread 0x000002abb1a1c360 Exception <a 'java/lang/NoSuchMethodError'{0x0000000083de5d80}: 'java.lang.Object java.lang.invoke.DirectMethodHandle$Holder.invokeStaticInit(java.lang.Object, java.lang.Object, java.lang.Object, java.lang.Object)'> (0x0000000083de5d80) 
thrown [s\src\hotspot\share\interpreter\linkResolver.cpp, line 759]
Event: 9.181 Thread 0x000002abb1a1c360 Exception <a 'java/lang/IncompatibleClassChangeError'{0x00000000841f5c70}: Found class java.lang.Object, but interface was expected> (0x00000000841f5c70) 
thrown [s\src\hotspot\share\interpreter\linkResolver.cpp, line 826]
Event: 9.210 Thread 0x000002abb1a1c360 Exception <a 'java/lang/NoSuchMethodError'{0x00000000840b3dc0}: 'java.lang.Object java.lang.invoke.DirectMethodHandle$Holder.invokeStatic(java.lang.Object, java.lang.Object, int, java.lang.Object)'> (0x00000000840b3dc0) 
thrown [s\src\hotspot\share\interpreter\linkResolver.cpp, line 759]
Event: 9.210 Thread 0x000002abb1a1c360 Exception <a 'java/lang/NoSuchMethodError'{0x00000000840b7858}: 'java.lang.Object java.lang.invoke.DirectMethodHandle$Holder.invokeStaticInit(java.lang.Object, java.lang.Object, int, java.lang.Object)'> (0x00000000840b7858) 
thrown [s\src\hotspot\share\interpreter\linkResolver.cpp, line 759]

VM Operations (20 events):
Event: 6.677 Executing VM operation: HandshakeAllThreads
Event: 6.677 Executing VM operation: HandshakeAllThreads done
Event: 6.962 Executing VM operation: G1CollectForAllocation
Event: 6.970 Executing VM operation: G1CollectForAllocation done
Event: 7.810 Executing VM operation: G1CollectForAllocation
Event: 7.818 Executing VM operation: G1CollectForAllocation done
Event: 7.939 Executing VM operation: CollectForMetadataAllocation
Event: 7.944 Executing VM operation: CollectForMetadataAllocation done
Event: 7.992 Executing VM operation: G1PauseRemark
Event: 7.998 Executing VM operation: G1PauseRemark done
Event: 8.021 Executing VM operation: G1PauseCleanup
Event: 8.021 Executing VM operation: G1PauseCleanup done
Event: 8.156 Executing VM operation: HandshakeAllThreads
Event: 8.156 Executing VM operation: HandshakeAllThreads done
Event: 8.778 Executing VM operation: G1CollectForAllocation
Event: 8.784 Executing VM operation: G1CollectForAllocation done
Event: 9.565 Executing VM operation: G1CollectForAllocation
Event: 9.574 Executing VM operation: G1CollectForAllocation done
Event: 9.931 Executing VM operation: HandshakeAllThreads
Event: 9.931 Executing VM operation: HandshakeAllThreads done

Events (20 events):
Event: 9.036 loading class javax/naming/StringRefAddr
Event: 9.036 loading class javax/naming/StringRefAddr done
Event: 9.076 loading class jdk/internal/reflect/UnsafeQualifiedStaticObjectFieldAccessorImpl
Event: 9.077 loading class jdk/internal/reflect/UnsafeQualifiedStaticObjectFieldAccessorImpl done
Event: 9.083 loading class java/util/concurrent/CompletionStage
Event: 9.083 loading class java/util/concurrent/CompletionStage done
Event: 9.084 loading class java/util/concurrent/CompletableFuture
Event: 9.085 loading class java/util/concurrent/CompletableFuture done
Event: 9.086 loading class java/util/concurrent/CompletableFuture$AltResult
Event: 9.086 loading class java/util/concurrent/CompletableFuture$AltResult done
Event: 9.086 loading class java/util/concurrent/CompletableFuture$Completion
Event: 9.087 loading class java/util/concurrent/CompletableFuture$AsynchronousCompletionTask
Event: 9.087 loading class java/util/concurrent/CompletableFuture$AsynchronousCompletionTask done
Event: 9.087 loading class java/util/concurrent/CompletableFuture$Completion done
Event: 9.168 loading class java/util/concurrent/CancellationException
Event: 9.168 loading class java/util/concurrent/CancellationException done
Event: 9.703 loading class java/lang/reflect/AnnotatedParameterizedType
Event: 9.704 loading class java/lang/reflect/AnnotatedParameterizedType done
Event: 9.862 loading class java/lang/reflect/AnnotatedArrayType
Event: 9.862 loading class java/lang/reflect/AnnotatedArrayType done


Dynamic libraries:
0x00007ff7bf040000 - 0x00007ff7bf04e000 	C:\Users\Admin\.jdks\corretto-17.0.10\bin\java.exe
0x00007ffcd4cc0000 - 0x00007ffcd4eae000 	C:\Windows\SYSTEM32\ntdll.dll
0x00007ffcd4360000 - 0x00007ffcd4413000 	C:\Windows\System32\KERNEL32.DLL
0x00007ffcd1c40000 - 0x00007ffcd1edd000 	C:\Windows\System32\KERNELBASE.dll
0x00007ffcd19f0000 - 0x00007ffcd1aea000 	C:\Windows\System32\ucrtbase.dll
0x00007ffccc0d0000 - 0x00007ffccc0e7000 	C:\Users\Admin\.jdks\corretto-17.0.10\bin\jli.dll
0x00007ffcbb710000 - 0x00007ffcbb72b000 	C:\Users\Admin\.jdks\corretto-17.0.10\bin\VCRUNTIME140.dll
0x00007ffcd2510000 - 0x00007ffcd26a7000 	C:\Windows\System32\USER32.dll
0x00007ffcd0f40000 - 0x00007ffcd0f60000 	C:\Windows\System32\win32u.dll
0x00007ffcd24e0000 - 0x00007ffcd2509000 	C:\Windows\System32\GDI32.dll
0x00007ffcc1a00000 - 0x00007ffcc1c79000 	C:\Windows\WinSxS\amd64_microsoft.windows.common-controls_6595b64144ccf1df_6.0.17763.5458_none_de7234b4534a7f0e\COMCTL32.dll
0x00007ffcd17e0000 - 0x00007ffcd198a000 	C:\Windows\System32\gdi32full.dll
0x00007ffcd27e0000 - 0x00007ffcd287e000 	C:\Windows\System32\msvcrt.dll
0x00007ffcd1b80000 - 0x00007ffcd1c20000 	C:\Windows\System32\msvcp_win.dll
0x00007ffcd4900000 - 0x00007ffcd4c2b000 	C:\Windows\System32\combase.dll
0x00007ffcd1f70000 - 0x00007ffcd208d000 	C:\Windows\System32\RPCRT4.dll
0x00007ffcd1af0000 - 0x00007ffcd1b72000 	C:\Windows\System32\bcryptPrimitives.dll
0x00007ffcd1f40000 - 0x00007ffcd1f6e000 	C:\Windows\System32\IMM32.DLL
0x00007ffccc0c0000 - 0x00007ffccc0cc000 	C:\Users\Admin\.jdks\corretto-17.0.10\bin\vcruntime140_1.dll
0x00007ffcbb2c0000 - 0x00007ffcbb34d000 	C:\Users\Admin\.jdks\corretto-17.0.10\bin\msvcp140.dll
0x00007ffc94ac0000 - 0x00007ffc95722000 	C:\Users\Admin\.jdks\corretto-17.0.10\bin\server\jvm.dll
0x00007ffcd44e0000 - 0x00007ffcd4588000 	C:\Windows\System32\ADVAPI32.dll
0x00007ffcd3e20000 - 0x00007ffcd3ec2000 	C:\Windows\System32\sechost.dll
0x00007ffcd0fb0000 - 0x00007ffcd0fd6000 	C:\Windows\System32\bcrypt.dll
0x00007ffcd0ce0000 - 0x00007ffcd0d3d000 	C:\Windows\System32\POWRPROF.dll
0x00007ffcccb40000 - 0x00007ffcccb49000 	C:\Windows\SYSTEM32\WSOCK32.dll
0x00007ffcd47c0000 - 0x00007ffcd482d000 	C:\Windows\System32\WS2_32.dll
0x00007ffcc3b30000 - 0x00007ffcc3b3a000 	C:\Windows\SYSTEM32\VERSION.dll
0x00007ffcc8350000 - 0x00007ffcc8374000 	C:\Windows\SYSTEM32\WINMM.dll
0x00007ffcc7ff0000 - 0x00007ffcc801d000 	C:\Windows\SYSTEM32\WINMMBASE.dll
0x00007ffcd0f60000 - 0x00007ffcd0faa000 	C:\Windows\System32\cfgmgr32.dll
0x00007ffcd0c70000 - 0x00007ffcd0c81000 	C:\Windows\System32\kernel.appcore.dll
0x00007ffcbb700000 - 0x00007ffcbb70a000 	C:\Users\Admin\.jdks\corretto-17.0.10\bin\jimage.dll
0x00007ffccbd60000 - 0x00007ffccbf4d000 	C:\Windows\SYSTEM32\DBGHELP.DLL
0x00007ffccbb40000 - 0x00007ffccbb6a000 	C:\Windows\SYSTEM32\dbgcore.DLL
0x00007ffcbb2b0000 - 0x00007ffcbb2be000 	C:\Users\Admin\.jdks\corretto-17.0.10\bin\instrument.dll
0x00007ffcbb280000 - 0x00007ffcbb2a5000 	C:\Users\Admin\.jdks\corretto-17.0.10\bin\java.dll
0x00007ffc949e0000 - 0x00007ffc94ab7000 	C:\Users\Admin\.jdks\corretto-17.0.10\bin\jsvml.dll
0x00007ffcd2880000 - 0x00007ffcd3d78000 	C:\Windows\System32\SHELL32.dll
0x00007ffcd22c0000 - 0x00007ffcd2367000 	C:\Windows\System32\shcore.dll
0x00007ffcd1090000 - 0x00007ffcd17d7000 	C:\Windows\System32\windows.storage.dll
0x00007ffcd0c90000 - 0x00007ffcd0cb3000 	C:\Windows\System32\profapi.dll
0x00007ffcd1ee0000 - 0x00007ffcd1f32000 	C:\Windows\System32\shlwapi.dll
0x00007ffcd1c20000 - 0x00007ffcd1c3b000 	C:\Windows\System32\cryptsp.dll
0x00007ffcbb260000 - 0x00007ffcbb278000 	C:\Users\Admin\.jdks\corretto-17.0.10\bin\zip.dll
0x00007ffcbb240000 - 0x00007ffcbb259000 	C:\Users\Admin\.jdks\corretto-17.0.10\bin\net.dll
0x00007ffccc210000 - 0x00007ffccc30d000 	C:\Windows\SYSTEM32\WINHTTP.dll
0x00007ffcd04c0000 - 0x00007ffcd0527000 	C:\Windows\system32\mswsock.dll
0x00007ffcaf8b0000 - 0x00007ffcaf8c6000 	C:\Users\Admin\.jdks\corretto-17.0.10\bin\nio.dll
0x00007ffcaf890000 - 0x00007ffcaf8aa000 	C:\Program Files\JetBrains\IntelliJ IDEA Community Edition 2023.3.4\bin\breakgen64.dll
0x00007ffcbb230000 - 0x00007ffcbb239000 	C:\Users\Admin\.jdks\corretto-17.0.10\bin\extnet.dll
0x00007ffcb2f10000 - 0x00007ffcb2f1e000 	C:\Users\Admin\.jdks\corretto-17.0.10\bin\sunmscapi.dll
0x00007ffcd0d40000 - 0x00007ffcd0f3e000 	C:\Windows\System32\CRYPT32.dll
0x00007ffcd0cc0000 - 0x00007ffcd0cd2000 	C:\Windows\System32\MSASN1.dll
0x00007ffcd0790000 - 0x00007ffcd07bc000 	C:\Windows\SYSTEM32\ncrypt.dll
0x00007ffcd0750000 - 0x00007ffcd078c000 	C:\Windows\SYSTEM32\NTASN1.dll
0x00007ffccffe0000 - 0x00007ffcd0013000 	C:\Windows\system32\rsaenh.dll
0x00007ffcd0ba0000 - 0x00007ffcd0bc9000 	C:\Windows\SYSTEM32\USERENV.dll
0x00007ffcd0690000 - 0x00007ffcd069c000 	C:\Windows\SYSTEM32\CRYPTBASE.dll
0x00007ffcd0170000 - 0x00007ffcd01ad000 	C:\Windows\SYSTEM32\IPHLPAPI.DLL
0x00007ffcd3d90000 - 0x00007ffcd3d98000 	C:\Windows\System32\NSI.dll
0x00007ffccba10000 - 0x00007ffccba26000 	C:\Windows\SYSTEM32\dhcpcsvc6.DLL
0x00007ffccbfe0000 - 0x00007ffccbffc000 	C:\Windows\SYSTEM32\dhcpcsvc.DLL
0x00007ffcd01b0000 - 0x00007ffcd0276000 	C:\Windows\SYSTEM32\DNSAPI.dll
0x00007ffcbac10000 - 0x00007ffcbac19000 	C:\Users\Admin\.jdks\corretto-17.0.10\bin\management.dll
0x00007ffcbabf0000 - 0x00007ffcbabfb000 	C:\Users\Admin\.jdks\corretto-17.0.10\bin\management_ext.dll
0x00007ffcd4350000 - 0x00007ffcd4358000 	C:\Windows\System32\PSAPI.DLL
0x00007ffcaf880000 - 0x00007ffcaf890000 	C:\Users\Admin\.jdks\corretto-17.0.10\bin\verify.dll
0x00007ffcc9200000 - 0x00007ffcc920a000 	C:\Windows\System32\rasadhlp.dll
0x00007ffcc9220000 - 0x00007ffcc9299000 	C:\Windows\System32\fwpuclnt.dll

dbghelp: loaded successfully - version: 4.0.5 - missing functions: none
symbol engine: initialized successfully - sym options: 0x614 - pdb path: .;C:\Users\Admin\.jdks\corretto-17.0.10\bin;C:\Windows\SYSTEM32;C:\Windows\WinSxS\amd64_microsoft.windows.common-controls_6595b64144ccf1df_6.0.17763.5458_none_de7234b4534a7f0e;C:\Users\Admin\.jdks\corretto-17.0.10\bin\server;C:\Program Files\JetBrains\IntelliJ IDEA Community Edition 2023.3.4\bin

VM Arguments:
jvm_args: -javaagent:C:\Program Files\JetBrains\IntelliJ IDEA Community Edition 2023.3.4\lib\idea_rt.jar=53765:C:\Program Files\JetBrains\IntelliJ IDEA Community Edition 2023.3.4\bin -Dfile.encoding=UTF-8 
java_command: com.example.demo.DemoApplication
java_class_path (initial): D:\Do_An_SpringBoot\test\demo\target\classes;C:\Users\Admin\.m2\repository\org\springframework\boot\spring-boot-starter-data-jpa\3.2.1\spring-boot-starter-data-jpa-3.2.1.jar;C:\Users\Admin\.m2\repository\org\springframework\boot\spring-boot-starter-aop\3.2.1\spring-boot-starter-aop-3.2.1.jar;C:\Users\Admin\.m2\repository\org\aspectj\aspectjweaver\1.9.21\aspectjweaver-1.9.21.jar;C:\Users\Admin\.m2\repository\org\springframework\boot\spring-boot-starter-jdbc\3.2.1\spring-boot-starter-jdbc-3.2.1.jar;C:\Users\Admin\.m2\repository\com\zaxxer\HikariCP\5.0.1\HikariCP-5.0.1.jar;C:\Users\Admin\.m2\repository\org\springframework\spring-jdbc\6.1.2\spring-jdbc-6.1.2.jar;C:\Users\Admin\.m2\repository\org\hibernate\orm\hibernate-core\6.4.1.Final\hibernate-core-6.4.1.Final.jar;C:\Users\Admin\.m2\repository\jakarta\persistence\jakarta.persistence-api\3.1.0\jakarta.persistence-api-3.1.0.jar;C:\Users\Admin\.m2\repository\jakarta\transaction\jakarta.transaction-api\2.0.1\jakarta.transaction-api-2.0.1.jar;C:\Users\Admin\.m2\repository\org\jboss\logging\jboss-logging\3.5.3.Final\jboss-logging-3.5.3.Final.jar;C:\Users\Admin\.m2\repository\org\hibernate\common\hibernate-commons-annotations\6.0.6.Final\hibernate-commons-annotations-6.0.6.Final.jar;C:\Users\Admin\.m2\repository\io\smallrye\jandex\3.1.2\jandex-3.1.2.jar;C:\Users\Admin\.m2\repository\com\fasterxml\classmate\1.6.0\classmate-1.6.0.jar;C:\Users\Admin\.m2\repository\net\bytebuddy\byte-buddy\1.14.10\byte-buddy-1.14.10.jar;C:\Users\Admin\.m2\repository\org\glassfish\jaxb\jaxb-runtime\4.0.4\jaxb-runtime-4.0.4.jar;C:\Users\Admin\.m2\repository\org\glassfish\jaxb\jaxb-core\4.0.4\jaxb-core-4.0.4.jar;C:\Users\Admin\.m2\repository\org\eclipse\angus\angus-activation\2.0.1\angus-activation-2.0.1.jar;C:\Users\Admin\.m2\repository\org\glassfish\jaxb\txw2\4.0.4\txw2-4.0.4.jar;C:\Users\Admin\.m2\repository\com\sun\istack\istack-commons-runtime\4.1.2\istack-commons-runtime-4.1.2.jar;C:\Users\Admin\.m2\repository\jak
Launcher Type: SUN_STANDARD

[Global flags]
     intx CICompilerCount                          = 3                                         {product} {ergonomic}
     uint ConcGCThreads                            = 1                                         {product} {ergonomic}
     uint G1ConcRefinementThreads                  = 4                                         {product} {ergonomic}
   size_t G1HeapRegionSize                         = 1048576                                   {product} {ergonomic}
    uintx GCDrainStackTargetSize                   = 64                                        {product} {ergonomic}
   size_t InitialHeapSize                          = 134217728                                 {product} {ergonomic}
   size_t MarkStackSize                            = 4194304                                   {product} {ergonomic}
   size_t MaxHeapSize                              = 2122317824                                {product} {ergonomic}
   size_t MaxNewSize                               = 1272971264                                {product} {ergonomic}
   size_t MinHeapDeltaBytes                        = 1048576                                   {product} {ergonomic}
   size_t MinHeapSize                              = 8388608                                   {product} {ergonomic}
    uintx NonNMethodCodeHeapSize                   = 5832780                                {pd product} {ergonomic}
    uintx NonProfiledCodeHeapSize                  = 122912730                              {pd product} {ergonomic}
    uintx ProfiledCodeHeapSize                     = 122912730                              {pd product} {ergonomic}
    uintx ReservedCodeCacheSize                    = 251658240                              {pd product} {ergonomic}
     bool SegmentedCodeCache                       = true                                      {product} {ergonomic}
   size_t SoftMaxHeapSize                          = 2122317824                             {manageable} {ergonomic}
     bool UseCompressedClassPointers               = true                           {product lp64_product} {ergonomic}
     bool UseCompressedOops                        = true                           {product lp64_product} {ergonomic}
     bool UseG1GC                                  = true                                      {product} {ergonomic}
     bool UseLargePagesIndividualAllocation        = false                                  {pd product} {ergonomic}

Logging:
Log output configuration:
 #0: stdout all=warning uptime,level,tags
 #1: stderr all=off uptime,level,tags

Environment Variables:
PATH=C:\Program Files (x86)\Common Files\Oracle\Java\javapath;C:\Windows\system32;C:\Windows;C:\Windows\System32\Wbem;C:\Windows\System32\WindowsPowerShell\v1.0\;C:\Windows\System32\OpenSSH\;C:\Users\Admin\AppData\Local\Microsoft\WindowsApps;
USERNAME=Admin
OS=Windows_NT
PROCESSOR_IDENTIFIER=Intel64 Family 6 Model 58 Stepping 9, GenuineIntel
TMP=C:\Users\Admin\AppData\Local\Temp
TEMP=C:\Users\Admin\AppData\Local\Temp



Periodic native trim disabled


---------------  S Y S T E M  ---------------

OS:
 Windows 10 , 64 bit Build 17763 (10.0.17763.4974)
OS uptime: 2 days 11:14 hours

CPU: total 4 (initial active 4) (2 cores per cpu, 2 threads per core) family 6 model 58 stepping 9 microcode 0x21, cx8, cmov, fxsr, ht, mmx, sse, sse2, sse3, ssse3, sse4.1, sse4.2, popcnt, tsc, tscinvbit, avx, aes, erms, clmul, vzeroupper, clflush
Processor Information for all 4 processors :
  Max Mhz: 2501, Current Mhz: 2501, Mhz Limit: 2501

Memory: 4k page, system-wide physical 8094M (1395M free)
TotalPageFile size 13812M (AvailPageFile size 2542M)
current process WorkingSet (physical memory assigned to process): 213M, peak: 213M
current process commit charge ("private bytes"): 245M, peak: 264M

vm_info: OpenJDK 64-Bit Server VM (17.0.10+7-LTS) for windows-amd64 JRE (17.0.10+7-LTS), built on Jan 10 2024 22:11:07 by "Administrator" with MS VC++ 16.10 / 16.11 (VS2019)

END.
